============================================================
   Tang Dynasty, V5.6.53426
   Copyright (c) 2012-2022 Anlogic
   Executable = D:/TD/bin/td.exe
   Built at =   19:26:25 Jun 10 2022
   Run by =     Teriia
   Run Date =   Fri Jul  1 11:22:12 2022

   Run on =     DESKTOP-ND05MAH
============================================================
RUN-1001 : open_run phy_1.
RUN-1002 : start command "import_db D:/Project/anlogic/SDRV4_1/td/SDRV4_0_Runs/phy_1/SDRV4_0_pr.db"
RUN-1001 : Importing database generated by Tang Dynasty, V5.6.53426.
RUN-1001 : Database version number 46140.
RUN-1001 : Import flow parameters
PHY-1001 : Generate detailed routing grids ...
PHY-1001 : Generate nets ...
PHY-1001 : clock net CW_clk will be merged with clock PLL/clk0_buf
PHY-1001 : net QN8027_clk_dup_1 will be routed on clock mesh
PHY-1001 : clock net SWCLK_syn_4 will be merged with clock SWCLK_dup_1
PHY-1001 : net clk_in_dup_1 will be routed on clock mesh
PHY-1001 : clock net rgmii_rxc_syn_4 will be merged with clock rgmii_rxc_dup_1
PHY-1001 : clock net APBTube/ClkDiv/div_clk_syn_6 will be merged with clock APBTube/ClkDiv/div_clk
PHY-1001 : clock net APB_Keyboard/KeyToCol/rowcnt[1]_syn_10 will be merged with clock APB_Keyboard/KeyToCol/rowcnt[1]
PHY-1001 : clock net APB_Keyboard/KeyToCol/sa_clk_syn_6 will be merged with clock APB_Keyboard/KeyToCol/sa_clk
PHY-1001 : net differentiator/clk will be routed on clock mesh
PHY-1001 : clock net differentiator/filter/CLK_syn_6 will be merged with clock differentiator/filter/CLK
PHY-1001 : clock net i2c/DUT_FIFO_TX/w_counter_n_syn_2 will be merged with clock i2c/DUT_FIFO_TX/w_counter_n
PHY-1001 : net u_logic/SCLK will be routed on clock mesh
PHY-1001 : clock net u_spi_master/u_spictrl/u_clkgen/spi_clk_syn_2 will be merged with clock u_spi_master/u_spictrl/u_clkgen/spi_clk
PHY-1001 : eco open net = 0
PHY-1001 : 854 feed throughs used by 586 nets
RUN-1001 : Import timing constraints
RUN-1001 : Import IO constraints
RUN-1001 : Import Inst constraints
RUN-1001 : Import design success TD_VERSION=5.6.53426 , DB_VERSION=46140
ARC-1002 : Mark IO location M12 as dedicate.
ARC-1002 : Mark IO location P12 as dedicate.
RUN-1003 : finish command "import_db D:/Project/anlogic/SDRV4_1/td/SDRV4_0_Runs/phy_1/SDRV4_0_pr.db" in  10.084857s wall, 9.593750s user + 0.437500s system = 10.031250s CPU (99.5%)

RUN-1004 : used memory is 883 MB, reserved memory is 852 MB, peak memory is 933 MB
RUN-1002 : start command "report_timing"
RUN-1002 : start command "start_timer"
RUN-1003 : finish command "start_timer" in  1.364469s wall, 1.265625s user + 0.125000s system = 1.390625s CPU (101.9%)

RUN-1004 : used memory is 968 MB, reserved memory is 924 MB, peak memory is 968 MB
RUN-1002 : start command "end_timer"
RUN-1003 : finish command "report_timing" in  2.600362s wall, 2.375000s user + 0.265625s system = 2.640625s CPU (101.5%)

RUN-1004 : used memory is 919 MB, reserved memory is 886 MB, peak memory is 1037 MB
