============================================================
   Tang Dynasty, V5.6.53426
   Copyright (c) 2012-2022 Anlogic
   Executable = D:/anlogic/TD5.6.1/bin/td.exe
   Built at =   19:26:25 Jun 10 2022
   Run by =     Spica
   Run Date =   Thu Jul  7 14:03:43 2022

   Run on =     LAPTOP-1TLPN50G
============================================================
RUN-1001 : open_run phy_1.
RUN-1002 : start command "import_db D:/jichuang/SDRV4_2_1/td/SDRV4_0_Runs/phy_1/SDRV4_0_pr.db"
RUN-1001 : Importing database generated by Tang Dynasty, V5.6.53426.
RUN-1001 : Database version number 46140.
RUN-1001 : Import flow parameters
PHY-1001 : Generate detailed routing grids ...
PHY-1001 : Generate nets ...
PHY-1001 : clock net CW_clk will be merged with clock PLL/clk0_buf
PHY-1001 : net QN8027_clk_dup_1 will be routed on clock mesh
PHY-1001 : clock net SWCLK_syn_4 will be merged with clock SWCLK_dup_1
PHY-1001 : net clk_in_dup_1 will be routed on clock mesh
PHY-1001 : clock net rgmii_rxc_syn_4 will be merged with clock rgmii_rxc_dup_1
PHY-1001 : clock net APBTube/ClkDiv/div_clk_syn_6 will be merged with clock APBTube/ClkDiv/div_clk
PHY-1001 : clock net APB_Keyboard/KeyToCol/rowcnt[1]_syn_10 will be merged with clock APB_Keyboard/KeyToCol/rowcnt[1]
PHY-1001 : clock net APB_Keyboard/KeyToCol/sa_clk_syn_6 will be merged with clock APB_Keyboard/KeyToCol/sa_clk
PHY-1001 : net differentiator/clk will be routed on clock mesh
PHY-1001 : clock net differentiator/filter/CLK_syn_10 will be merged with clock differentiator/filter/CLK
PHY-1001 : clock net ethernet/u1/gmii_rx_clk_in_syn_3 will be merged with clock ethernet/u1/gmii_rx_clk_in
PHY-1001 : clock net i2c/DUT_FIFO_TX/w_counter_n_syn_2 will be merged with clock i2c/DUT_FIFO_TX/w_counter_n
PHY-1001 : clock net ledwater/light_clk_syn_6 will be merged with clock ledwater/light_clk
PHY-1001 : net u_logic/SCLK will be routed on clock mesh
PHY-1001 : clock net u_spi_master/u_spictrl/u_clkgen/spi_clk_syn_2 will be merged with clock u_spi_master/u_spictrl/u_clkgen/spi_clk
PHY-1001 : eco open net = 0
PHY-1001 : 1336 feed throughs used by 873 nets
RUN-1001 : Import timing constraints
RUN-1001 : Import IO constraints
RUN-1001 : Import Inst constraints
RUN-1001 : Import design success TD_VERSION=5.6.53426 , DB_VERSION=46140
ARC-1002 : Mark IO location M12 as dedicate.
ARC-1002 : Mark IO location P12 as dedicate.
RUN-1003 : finish command "import_db D:/jichuang/SDRV4_2_1/td/SDRV4_0_Runs/phy_1/SDRV4_0_pr.db" in  12.633261s wall, 12.250000s user + 0.515625s system = 12.765625s CPU (101.0%)

RUN-1004 : used memory is 850 MB, reserved memory is 847 MB, peak memory is 900 MB
RUN-1002 : start command "report_timing"
RUN-1002 : start command "start_timer"
RUN-1003 : finish command "start_timer" in  1.720443s wall, 1.718750s user + 0.062500s system = 1.781250s CPU (103.5%)

RUN-1004 : used memory is 933 MB, reserved memory is 918 MB, peak memory is 933 MB
RUN-1002 : start command "end_timer"
RUN-1003 : finish command "report_timing" in  3.281246s wall, 3.187500s user + 0.203125s system = 3.390625s CPU (103.3%)

RUN-1004 : used memory is 902 MB, reserved memory is 893 MB, peak memory is 1008 MB
RUN-1002 : start command "download -bit SDRV4_0_Runs\phy_1\SDRV4_0.bit -mode jtag -spd 7 -sec 64 -cable 0"
PRG-2014 : Chip validation success: EAGLE_S20_BG256
RUN-1002 : start command "bit_to_vec -chip EAGLE_S20_BG256 -m jtag_burst -freq 4 -bit SDRV4_0_Runs/phy_1/SDRV4_0.bit"
RUN-1002 : start command "program -cable 0 -mode svf -spd 7 -p"
RUN-1003 : finish command "program -cable 0 -mode svf -spd 7 -p" in  6.740711s wall, 0.218750s user + 0.203125s system = 0.421875s CPU (6.3%)

RUN-1004 : used memory is 931 MB, reserved memory is 920 MB, peak memory is 1008 MB
RUN-1003 : finish command "download -bit SDRV4_0_Runs\phy_1\SDRV4_0.bit -mode jtag -spd 7 -sec 64 -cable 0" in  7.067188s wall, 0.343750s user + 0.203125s system = 0.546875s CPU (7.7%)

RUN-1004 : used memory is 931 MB, reserved memory is 920 MB, peak memory is 1008 MB
GUI-1001 : Download success!
RUN-1002 : start command "download -bit SDRV4_0_Runs\phy_1\SDRV4_0.bit -mode jtag -spd 7 -sec 64 -cable 0"
PRG-2014 : Chip validation success: EAGLE_S20_BG256
RUN-1002 : start command "bit_to_vec -chip EAGLE_S20_BG256 -m jtag_burst -freq 4 -bit SDRV4_0_Runs/phy_1/SDRV4_0.bit"
RUN-1002 : start command "program -cable 0 -mode svf -spd 7 -p"
RUN-1003 : finish command "program -cable 0 -mode svf -spd 7 -p" in  6.737438s wall, 0.187500s user + 0.109375s system = 0.296875s CPU (4.4%)

RUN-1004 : used memory is 932 MB, reserved memory is 920 MB, peak memory is 1008 MB
RUN-1003 : finish command "download -bit SDRV4_0_Runs\phy_1\SDRV4_0.bit -mode jtag -spd 7 -sec 64 -cable 0" in  7.059849s wall, 0.281250s user + 0.125000s system = 0.406250s CPU (5.8%)

RUN-1004 : used memory is 932 MB, reserved memory is 920 MB, peak memory is 1008 MB
GUI-1001 : Download success!
HDL-1007 : analyze verilog file ../rtl/SNR/SNR_reader.v
HDL-8007 ERROR: syntax error near 'end' in ../rtl/SNR/SNR_reader.v(24)
HDL-8007 ERROR: Verilog 2000 keyword 'end' used in incorrect context in ../rtl/SNR/SNR_reader.v(24)
HDL-5007 WARNING: 'SNR_sum' is not declared in ../rtl/SNR/SNR_reader.v(16)
HDL-8007 ERROR: ignore module module due to previous errors in ../rtl/SNR/SNR_reader.v(1)
HDL-1007 : Verilog file '../rtl/SNR/SNR_reader.v' ignored due to errors
HDL-1007 : analyze verilog file ../rtl/SNR/SNR_reader.v
HDL-5007 WARNING: 'SNR_sum' is not declared in ../rtl/SNR/SNR_reader.v(16)
HDL-5007 WARNING: 'SNR_sum' is not declared in ../rtl/SNR/SNR_reader.v(16)
RUN-1001 : reset_run syn_1 phy_1.
RUN-6001 WARNING: Failed to reset phy_1: some files can't be removed in D:/jichuang/SDRV4_2_1/td/SDRV4_0_Runs/phy_1
RUN-6001 WARNING: Failed to reset syn_1: some files can't be removed in D:/jichuang/SDRV4_2_1/td/SDRV4_0_Runs/syn_1
GUI-6001 WARNING: File D:/jichuang/SDRV4_2_1/td/SDRV4_0_Runs/phy_1/SDRV4_0.bit does not exist!
RUN-1001 : launch_runs syn_1 phy_1  -jobs 6.
RUN-6001 WARNING: syn_1: run failed.
HDL-1007 : analyze verilog file ../rtl/SNR/SNR_reader.v
RUN-1001 : reset_run syn_1 phy_1.
RUN-1001 : launch_runs syn_1 phy_1  -jobs 6.
RUN-1001 : syn_1: run complete.
RUN-1001 : phy_1: run complete.
RUN-1001 : open_run phy_1.
RUN-1002 : start command "import_db D:/jichuang/SDRV4_2_1/td/SDRV4_0_Runs/phy_1/SDRV4_0_pr.db"
RUN-1001 : Importing database generated by Tang Dynasty, V5.6.53426.
RUN-1001 : Database version number 46140.
RUN-1001 : Import flow parameters
PHY-1001 : Generate detailed routing grids ...
PHY-1001 : Generate nets ...
PHY-1001 : clock net CW_clk will be merged with clock PLL/clk0_buf
PHY-1001 : net QN8027_clk_dup_1 will be routed on clock mesh
PHY-1001 : clock net SWCLK_syn_4 will be merged with clock SWCLK_dup_1
PHY-1001 : net clk_in_dup_1 will be routed on clock mesh
PHY-1001 : clock net rgmii_rxc_syn_4 will be merged with clock rgmii_rxc_dup_1
PHY-1001 : clock net APBTube/ClkDiv/div_clk_syn_6 will be merged with clock APBTube/ClkDiv/div_clk
PHY-1001 : clock net APB_Keyboard/KeyToCol/rowcnt[1]_syn_10 will be merged with clock APB_Keyboard/KeyToCol/rowcnt[1]
PHY-1001 : clock net APB_Keyboard/KeyToCol/sa_clk_syn_6 will be merged with clock APB_Keyboard/KeyToCol/sa_clk
PHY-1001 : net differentiator/clk will be routed on clock mesh
PHY-1001 : clock net differentiator/filter/CLK_syn_10 will be merged with clock differentiator/filter/CLK
PHY-1001 : clock net ethernet/u1/gmii_rx_clk_in_syn_3 will be merged with clock ethernet/u1/gmii_rx_clk_in
PHY-1001 : clock net i2c/DUT_FIFO_TX/w_counter_n_syn_2 will be merged with clock i2c/DUT_FIFO_TX/w_counter_n
PHY-1001 : clock net ledwater/light_clk_syn_6 will be merged with clock ledwater/light_clk
PHY-1001 : net u_logic/SCLK will be routed on clock mesh
PHY-1001 : clock net u_spi_master/u_spictrl/u_clkgen/spi_clk_syn_2 will be merged with clock u_spi_master/u_spictrl/u_clkgen/spi_clk
PHY-1001 : eco open net = 0
PHY-1001 : 1171 feed throughs used by 779 nets
RUN-1001 : Import timing constraints
RUN-1001 : Import IO constraints
RUN-1001 : Import Inst constraints
RUN-1001 : Import design success TD_VERSION=5.6.53426 , DB_VERSION=46140
ARC-1002 : Mark IO location M12 as dedicate.
ARC-1002 : Mark IO location P12 as dedicate.
RUN-1003 : finish command "import_db D:/jichuang/SDRV4_2_1/td/SDRV4_0_Runs/phy_1/SDRV4_0_pr.db" in  11.098531s wall, 9.750000s user + 1.406250s system = 11.156250s CPU (100.5%)

RUN-1004 : used memory is 888 MB, reserved memory is 939 MB, peak memory is 1008 MB
RUN-1002 : start command "report_timing"
RUN-1002 : start command "start_timer"
RUN-1003 : finish command "start_timer" in  1.919488s wall, 1.921875s user + 0.000000s system = 1.921875s CPU (100.1%)

RUN-1004 : used memory is 939 MB, reserved memory is 991 MB, peak memory is 1008 MB
RUN-1002 : start command "end_timer"
RUN-1003 : finish command "report_timing" in  3.679050s wall, 3.578125s user + 0.109375s system = 3.687500s CPU (100.2%)

RUN-1004 : used memory is 936 MB, reserved memory is 995 MB, peak memory is 1011 MB
RUN-1002 : start command "download -bit SDRV4_0_Runs\phy_1\SDRV4_0.bit -mode jtag -spd 7 -sec 64 -cable 0"
PRG-2014 : Chip validation success: EAGLE_S20_BG256
RUN-1002 : start command "bit_to_vec -chip EAGLE_S20_BG256 -m jtag_burst -freq 4 -bit SDRV4_0_Runs/phy_1/SDRV4_0.bit"
RUN-1002 : start command "program -cable 0 -mode svf -spd 7 -p"
RUN-1003 : finish command "program -cable 0 -mode svf -spd 7 -p" in  6.728758s wall, 0.265625s user + 0.125000s system = 0.390625s CPU (5.8%)

RUN-1004 : used memory is 932 MB, reserved memory is 974 MB, peak memory is 1011 MB
RUN-1003 : finish command "download -bit SDRV4_0_Runs\phy_1\SDRV4_0.bit -mode jtag -spd 7 -sec 64 -cable 0" in  7.074052s wall, 0.406250s user + 0.140625s system = 0.546875s CPU (7.7%)

RUN-1004 : used memory is 932 MB, reserved memory is 974 MB, peak memory is 1011 MB
GUI-1001 : Download success!
HDL-1007 : analyze verilog file ../rtl/SNR/SNR_reader.v
RUN-1001 : reset_run syn_1 phy_1.
GUI-6001 WARNING: File D:/jichuang/SDRV4_2_1/td/SDRV4_0_Runs/phy_1/SDRV4_0.bit does not exist!
RUN-1001 : launch_runs syn_1 phy_1  -jobs 6.
RUN-1001 : syn_1: run complete.
RUN-1001 : phy_1: run complete.
RUN-1001 : open_run phy_1.
RUN-1002 : start command "import_db D:/jichuang/SDRV4_2_1/td/SDRV4_0_Runs/phy_1/SDRV4_0_pr.db"
RUN-1001 : Importing database generated by Tang Dynasty, V5.6.53426.
RUN-1001 : Database version number 46140.
RUN-1001 : Import flow parameters
PHY-1001 : Generate detailed routing grids ...
PHY-1001 : Generate nets ...
PHY-1001 : clock net CW_clk will be merged with clock PLL/clk0_buf
PHY-1001 : net QN8027_clk_dup_1 will be routed on clock mesh
PHY-1001 : clock net SWCLK_syn_4 will be merged with clock SWCLK_dup_1
PHY-1001 : net clk_in_dup_1 will be routed on clock mesh
PHY-1001 : clock net rgmii_rxc_syn_4 will be merged with clock rgmii_rxc_dup_1
PHY-1001 : clock net APBTube/ClkDiv/div_clk_syn_6 will be merged with clock APBTube/ClkDiv/div_clk
PHY-1001 : clock net APB_Keyboard/KeyToCol/rowcnt[1]_syn_10 will be merged with clock APB_Keyboard/KeyToCol/rowcnt[1]
PHY-1001 : clock net APB_Keyboard/KeyToCol/sa_clk_syn_6 will be merged with clock APB_Keyboard/KeyToCol/sa_clk
PHY-1001 : net differentiator/clk will be routed on clock mesh
PHY-1001 : clock net differentiator/filter/CLK_syn_10 will be merged with clock differentiator/filter/CLK
PHY-1001 : clock net ethernet/u1/gmii_rx_clk_in_syn_3 will be merged with clock ethernet/u1/gmii_rx_clk_in
PHY-1001 : clock net i2c/DUT_FIFO_TX/w_counter_n_syn_2 will be merged with clock i2c/DUT_FIFO_TX/w_counter_n
PHY-1001 : clock net ledwater/light_clk_syn_6 will be merged with clock ledwater/light_clk
PHY-1001 : net u_logic/SCLK will be routed on clock mesh
PHY-1001 : clock net u_spi_master/u_spictrl/u_clkgen/spi_clk_syn_2 will be merged with clock u_spi_master/u_spictrl/u_clkgen/spi_clk
PHY-1001 : eco open net = 0
PHY-1001 : 1246 feed throughs used by 870 nets
RUN-1001 : Import timing constraints
RUN-1001 : Import IO constraints
RUN-1001 : Import Inst constraints
RUN-1001 : Import design success TD_VERSION=5.6.53426 , DB_VERSION=46140
ARC-1002 : Mark IO location M12 as dedicate.
ARC-1002 : Mark IO location P12 as dedicate.
RUN-1003 : finish command "import_db D:/jichuang/SDRV4_2_1/td/SDRV4_0_Runs/phy_1/SDRV4_0_pr.db" in  9.397451s wall, 9.140625s user + 0.328125s system = 9.468750s CPU (100.8%)

RUN-1004 : used memory is 956 MB, reserved memory is 1012 MB, peak memory is 1011 MB
RUN-1002 : start command "report_timing"
RUN-1002 : start command "start_timer"
RUN-1003 : finish command "start_timer" in  1.642258s wall, 1.671875s user + 0.000000s system = 1.671875s CPU (101.8%)

RUN-1004 : used memory is 1001 MB, reserved memory is 1058 MB, peak memory is 1011 MB
RUN-1002 : start command "end_timer"
RUN-1003 : finish command "report_timing" in  3.077383s wall, 3.031250s user + 0.078125s system = 3.109375s CPU (101.0%)

RUN-1004 : used memory is 1006 MB, reserved memory is 1060 MB, peak memory is 1073 MB
RUN-1002 : start command "download -bit SDRV4_0_Runs\phy_1\SDRV4_0.bit -mode jtag -spd 7 -sec 64 -cable 0"
PRG-2014 : Chip validation success: EAGLE_S20_BG256
RUN-1002 : start command "bit_to_vec -chip EAGLE_S20_BG256 -m jtag_burst -freq 4 -bit SDRV4_0_Runs/phy_1/SDRV4_0.bit"
RUN-1002 : start command "program -cable 0 -mode svf -spd 7 -p"
RUN-1003 : finish command "program -cable 0 -mode svf -spd 7 -p" in  6.777327s wall, 0.109375s user + 0.171875s system = 0.281250s CPU (4.1%)

RUN-1004 : used memory is 1017 MB, reserved memory is 1064 MB, peak memory is 1073 MB
RUN-1003 : finish command "download -bit SDRV4_0_Runs\phy_1\SDRV4_0.bit -mode jtag -spd 7 -sec 64 -cable 0" in  7.103696s wall, 0.250000s user + 0.218750s system = 0.468750s CPU (6.6%)

RUN-1004 : used memory is 1017 MB, reserved memory is 1064 MB, peak memory is 1073 MB
GUI-1001 : Download success!
RUN-1002 : start command "download -bit SDRV4_0_Runs\phy_1\SDRV4_0.bit -mode jtag -spd 7 -sec 64 -cable 0"
PRG-2014 : Chip validation success: EAGLE_S20_BG256
RUN-1002 : start command "bit_to_vec -chip EAGLE_S20_BG256 -m jtag_burst -freq 4 -bit SDRV4_0_Runs/phy_1/SDRV4_0.bit"
RUN-1002 : start command "program -cable 0 -mode svf -spd 7 -p"
RUN-1003 : finish command "program -cable 0 -mode svf -spd 7 -p" in  6.786416s wall, 0.203125s user + 0.218750s system = 0.421875s CPU (6.2%)

RUN-1004 : used memory is 1015 MB, reserved memory is 1063 MB, peak memory is 1073 MB
RUN-1003 : finish command "download -bit SDRV4_0_Runs\phy_1\SDRV4_0.bit -mode jtag -spd 7 -sec 64 -cable 0" in  7.111533s wall, 0.328125s user + 0.250000s system = 0.578125s CPU (8.1%)

RUN-1004 : used memory is 1015 MB, reserved memory is 1063 MB, peak memory is 1073 MB
GUI-1001 : Download success!
RUN-1002 : start command "download -bit SDRV4_0_Runs\phy_1\SDRV4_0.bit -mode jtag -spd 7 -sec 64 -cable 0"
PRG-2014 : Chip validation success: EAGLE_S20_BG256
RUN-1002 : start command "bit_to_vec -chip EAGLE_S20_BG256 -m jtag_burst -freq 4 -bit SDRV4_0_Runs/phy_1/SDRV4_0.bit"
RUN-1002 : start command "program -cable 0 -mode svf -spd 7 -p"
RUN-1003 : finish command "program -cable 0 -mode svf -spd 7 -p" in  6.760342s wall, 0.125000s user + 0.171875s system = 0.296875s CPU (4.4%)

RUN-1004 : used memory is 1014 MB, reserved memory is 1063 MB, peak memory is 1073 MB
RUN-1003 : finish command "download -bit SDRV4_0_Runs\phy_1\SDRV4_0.bit -mode jtag -spd 7 -sec 64 -cable 0" in  7.083000s wall, 0.234375s user + 0.187500s system = 0.421875s CPU (6.0%)

RUN-1004 : used memory is 1014 MB, reserved memory is 1063 MB, peak memory is 1073 MB
GUI-1001 : Download success!
RUN-1002 : start command "download -bit SDRV4_0_Runs\phy_1\SDRV4_0.bit -mode program_spi -v -spd 7 -sec 64 -cable 0 -flashsize 128"
PRG-2014 : Chip validation success: EAGLE_S20_BG256
PRG-1001 : SPI Flash ID is:  ef
RUN-1002 : start command "bit_to_vec -chip EAGLE_S20_BG256 -m program_spi -freq 4 -bit SDRV4_0_Runs/phy_1/SDRV4_0.bit"
RUN-1003 : finish command "bit_to_vec -chip EAGLE_S20_BG256 -m program_spi -freq 4 -bit SDRV4_0_Runs/phy_1/SDRV4_0.bit" in  1.871513s wall, 1.781250s user + 0.156250s system = 1.937500s CPU (103.5%)

RUN-1004 : used memory is 1290 MB, reserved memory is 1369 MB, peak memory is 1301 MB
RUN-1002 : start command "program_spi -cable 0 -spd 7"
RUN-1003 : finish command "program_spi -cable 0 -spd 7" in  102.046056s wall, 7.343750s user + 2.234375s system = 9.578125s CPU (9.4%)

RUN-1004 : used memory is 1292 MB, reserved memory is 1371 MB, peak memory is 1301 MB
RUN-1002 : start command "bit_to_vec -chip EAGLE_S20_BG256 -m verify_spi -freq 4 -bit SDRV4_0_Runs/phy_1/SDRV4_0.bit"
RUN-1002 : start command "program -cable 0 -spd 4"
RUN-1003 : finish command "program -cable 0 -spd 4" in  27.461089s wall, 0.781250s user + 0.593750s system = 1.375000s CPU (5.0%)

RUN-1004 : used memory is 1087 MB, reserved memory is 1158 MB, peak memory is 1301 MB
RUN-1003 : finish command "download -bit SDRV4_0_Runs\phy_1\SDRV4_0.bit -mode program_spi -v -spd 7 -sec 64 -cable 0 -flashsize 128" in  134.976951s wall, 11.812500s user + 3.140625s system = 14.953125s CPU (11.1%)

RUN-1004 : used memory is 1087 MB, reserved memory is 1158 MB, peak memory is 1301 MB
GUI-1001 : Download success!
