============================================================
   Tang Dynasty, V5.6.53426
   Copyright (c) 2012-2022 Anlogic
   Executable = D:/TD/bin/td.exe
   Built at =   19:26:25 Jun 10 2022
   Run by =     Teriia
   Run Date =   Thu Jun 30 22:59:06 2022

   Run on =     DESKTOP-ND05MAH
============================================================
RUN-1001 : open_run phy_1.
RUN-1002 : start command "import_db D:/Project/anlogic/SDRV4_1/td/SDRV4_0_Runs/phy_1/SDRV4_0_pr.db"
RUN-1001 : Importing database generated by Tang Dynasty, V5.6.53426.
RUN-1001 : Database version number 46140.
RUN-1001 : Import flow parameters
PHY-1001 : Generate detailed routing grids ...
PHY-1001 : Generate nets ...
PHY-1001 : clock net CW_clk will be merged with clock PLL/clk0_buf
PHY-1001 : net QN8027_clk_dup_1 will be routed on clock mesh
PHY-1001 : clock net SWCLK_syn_4 will be merged with clock SWCLK_dup_1
PHY-1001 : net clk_in_dup_1 will be routed on clock mesh
PHY-1001 : clock net rgmii_rxc_syn_4 will be merged with clock rgmii_rxc_dup_1
PHY-1001 : clock net APBTube/ClkDiv/div_clk_syn_6 will be merged with clock APBTube/ClkDiv/div_clk
PHY-1001 : clock net APB_Keyboard/KeyToCol/rowcnt[1]_syn_10 will be merged with clock APB_Keyboard/KeyToCol/rowcnt[1]
PHY-1001 : clock net APB_Keyboard/KeyToCol/sa_clk_syn_6 will be merged with clock APB_Keyboard/KeyToCol/sa_clk
PHY-1001 : net differentiator/clk will be routed on clock mesh
PHY-1001 : clock net differentiator/filter/CLK_syn_6 will be merged with clock differentiator/filter/CLK
PHY-1001 : clock net i2c/DUT_FIFO_TX/w_counter_n_syn_2 will be merged with clock i2c/DUT_FIFO_TX/w_counter_n
PHY-1001 : net u_logic/SCLK will be routed on clock mesh
PHY-1001 : clock net u_spi_master/u_spictrl/u_clkgen/spi_clk_syn_2 will be merged with clock u_spi_master/u_spictrl/u_clkgen/spi_clk
PHY-1001 : eco open net = 0
PHY-1001 : 854 feed throughs used by 586 nets
RUN-1001 : Import timing constraints
RUN-1001 : Import IO constraints
RUN-1001 : Import Inst constraints
RUN-1001 : Import design success TD_VERSION=5.6.53426 , DB_VERSION=46140
ARC-1002 : Mark IO location M12 as dedicate.
ARC-1002 : Mark IO location P12 as dedicate.
RUN-1003 : finish command "import_db D:/Project/anlogic/SDRV4_1/td/SDRV4_0_Runs/phy_1/SDRV4_0_pr.db" in  9.023521s wall, 8.812500s user + 0.328125s system = 9.140625s CPU (101.3%)

RUN-1004 : used memory is 850 MB, reserved memory is 840 MB, peak memory is 902 MB
RUN-1002 : start command "report_timing"
RUN-1002 : start command "start_timer"
RUN-1003 : finish command "start_timer" in  1.171134s wall, 1.156250s user + 0.031250s system = 1.187500s CPU (101.4%)

RUN-1004 : used memory is 935 MB, reserved memory is 914 MB, peak memory is 935 MB
RUN-1002 : start command "end_timer"
RUN-1003 : finish command "report_timing" in  2.257602s wall, 2.187500s user + 0.093750s system = 2.281250s CPU (101.0%)

RUN-1004 : used memory is 878 MB, reserved memory is 877 MB, peak memory is 1004 MB
RUN-1002 : start command "download -mode erase_spi -spd 1 -chip EAGLE_S20_BG256 -cable 0"
PRG-2014 : Chip validation success: EAGLE_S20_BG256
PRG-1001 : SPI Flash ID is:  ef
PRG-2019 : Erase flash successfully.
RUN-1003 : finish command "download -mode erase_spi -spd 1 -chip EAGLE_S20_BG256 -cable 0" in  8.137567s wall, 5.656250s user + 0.046875s system = 5.703125s CPU (70.1%)

RUN-1004 : used memory is 901 MB, reserved memory is 899 MB, peak memory is 1004 MB
GUI-1001 : Erase flash success!
RUN-1002 : start command "download -bit SDRV4_0_Runs\phy_1\SDRV4_0.bit -mode jtag -spd 7 -sec 64 -cable 0"
PRG-2014 : Chip validation success: EAGLE_S20_BG256
RUN-1002 : start command "bit_to_vec -chip EAGLE_S20_BG256 -m jtag_burst -freq 4 -bit SDRV4_0_Runs/phy_1/SDRV4_0.bit"
RUN-1002 : start command "program -cable 0 -mode svf -spd 7 -p"
RUN-1003 : finish command "program -cable 0 -mode svf -spd 7 -p" in  6.641309s wall, 0.062500s user + 0.078125s system = 0.140625s CPU (2.1%)

RUN-1004 : used memory is 905 MB, reserved memory is 904 MB, peak memory is 1004 MB
RUN-1003 : finish command "download -bit SDRV4_0_Runs\phy_1\SDRV4_0.bit -mode jtag -spd 7 -sec 64 -cable 0" in  6.942380s wall, 0.156250s user + 0.078125s system = 0.234375s CPU (3.4%)

RUN-1004 : used memory is 905 MB, reserved memory is 904 MB, peak memory is 1004 MB
GUI-1001 : Download success!
