============================================================
   Tang Dynasty, V5.6.53426
   Copyright (c) 2012-2022 Anlogic
   Executable = D:/anlogic/TD5.6.1/bin/td.exe
   Built at =   19:26:25 Jun 10 2022
   Run by =     Spica
   Run Date =   Thu Jul  7 17:04:47 2022

   Run on =     LAPTOP-1TLPN50G
============================================================
RUN-1001 : open_run phy_1.
RUN-1002 : start command "import_db D:/jichuang/SDRV4_2_1/td/SDRV4_0_Runs/phy_1/SDRV4_0_pr.db"
RUN-1001 : Importing database generated by Tang Dynasty, V5.6.53426.
RUN-1001 : Database version number 46140.
RUN-1001 : Import flow parameters
PHY-1001 : Generate detailed routing grids ...
PHY-1001 : Generate nets ...
PHY-1001 : clock net CW_clk will be merged with clock PLL/clk0_buf
PHY-1001 : net QN8027_clk_dup_1 will be routed on clock mesh
PHY-1001 : clock net SWCLK_syn_4 will be merged with clock SWCLK_dup_1
PHY-1001 : net clk_in_dup_1 will be routed on clock mesh
PHY-1001 : clock net rgmii_rxc_syn_4 will be merged with clock rgmii_rxc_dup_1
PHY-1001 : clock net APBTube/ClkDiv/div_clk_syn_6 will be merged with clock APBTube/ClkDiv/div_clk
PHY-1001 : clock net APB_Keyboard/KeyToCol/rowcnt[1]_syn_10 will be merged with clock APB_Keyboard/KeyToCol/rowcnt[1]
PHY-1001 : clock net APB_Keyboard/KeyToCol/sa_clk_syn_6 will be merged with clock APB_Keyboard/KeyToCol/sa_clk
PHY-1001 : net differentiator/clk will be routed on clock mesh
PHY-1001 : clock net differentiator/filter/CLK_syn_10 will be merged with clock differentiator/filter/CLK
PHY-1001 : clock net ethernet/u1/gmii_rx_clk_in_syn_3 will be merged with clock ethernet/u1/gmii_rx_clk_in
PHY-1001 : clock net i2c/DUT_FIFO_TX/w_counter_n_syn_2 will be merged with clock i2c/DUT_FIFO_TX/w_counter_n
PHY-1001 : clock net ledwater/light_clk_syn_6 will be merged with clock ledwater/light_clk
PHY-1001 : net u_logic/SCLK will be routed on clock mesh
PHY-1001 : clock net u_spi_master/u_spictrl/u_clkgen/spi_clk_syn_2 will be merged with clock u_spi_master/u_spictrl/u_clkgen/spi_clk
PHY-1001 : eco open net = 0
PHY-1001 : 1246 feed throughs used by 870 nets
RUN-1001 : Import timing constraints
RUN-1001 : Import IO constraints
RUN-1001 : Import Inst constraints
RUN-1001 : Import design success TD_VERSION=5.6.53426 , DB_VERSION=46140
ARC-1002 : Mark IO location M12 as dedicate.
ARC-1002 : Mark IO location P12 as dedicate.
RUN-1003 : finish command "import_db D:/jichuang/SDRV4_2_1/td/SDRV4_0_Runs/phy_1/SDRV4_0_pr.db" in  11.963546s wall, 11.593750s user + 0.421875s system = 12.015625s CPU (100.4%)

RUN-1004 : used memory is 850 MB, reserved memory is 847 MB, peak memory is 901 MB
RUN-1002 : start command "report_timing"
RUN-1002 : start command "start_timer"
RUN-1003 : finish command "start_timer" in  1.630317s wall, 1.578125s user + 0.046875s system = 1.625000s CPU (99.7%)

RUN-1004 : used memory is 935 MB, reserved memory is 921 MB, peak memory is 935 MB
RUN-1002 : start command "end_timer"
RUN-1003 : finish command "report_timing" in  3.033310s wall, 2.890625s user + 0.140625s system = 3.031250s CPU (99.9%)

RUN-1004 : used memory is 889 MB, reserved memory is 885 MB, peak memory is 1011 MB
RUN-1002 : start command "download -bit SDRV4_0_Runs\phy_1\SDRV4_0.bit -mode jtag -spd 7 -sec 64 -cable 0"
PRG-2014 : Chip validation success: EAGLE_S20_BG256
RUN-1002 : start command "bit_to_vec -chip EAGLE_S20_BG256 -m jtag_burst -freq 4 -bit SDRV4_0_Runs/phy_1/SDRV4_0.bit"
RUN-1002 : start command "program -cable 0 -mode svf -spd 7 -p"
RUN-1003 : finish command "program -cable 0 -mode svf -spd 7 -p" in  6.770805s wall, 0.093750s user + 0.296875s system = 0.390625s CPU (5.8%)

RUN-1004 : used memory is 135 MB, reserved memory is 911 MB, peak memory is 1011 MB
RUN-1003 : finish command "download -bit SDRV4_0_Runs\phy_1\SDRV4_0.bit -mode jtag -spd 7 -sec 64 -cable 0" in  7.100166s wall, 0.218750s user + 0.296875s system = 0.515625s CPU (7.3%)

RUN-1004 : used memory is 135 MB, reserved memory is 911 MB, peak memory is 1011 MB
GUI-1001 : Download success!
RUN-1002 : start command "download -bit SDRV4_0_Runs\phy_1\SDRV4_0.bit -mode jtag -spd 7 -sec 64 -cable 0"
PRG-2014 : Chip validation success: EAGLE_S20_BG256
RUN-1002 : start command "bit_to_vec -chip EAGLE_S20_BG256 -m jtag_burst -freq 4 -bit SDRV4_0_Runs/phy_1/SDRV4_0.bit"
RUN-1002 : start command "program -cable 0 -mode svf -spd 7 -p"
RUN-1003 : finish command "program -cable 0 -mode svf -spd 7 -p" in  6.781413s wall, 0.156250s user + 0.359375s system = 0.515625s CPU (7.6%)

RUN-1004 : used memory is 134 MB, reserved memory is 910 MB, peak memory is 1011 MB
RUN-1003 : finish command "download -bit SDRV4_0_Runs\phy_1\SDRV4_0.bit -mode jtag -spd 7 -sec 64 -cable 0" in  7.117660s wall, 0.296875s user + 0.359375s system = 0.656250s CPU (9.2%)

RUN-1004 : used memory is 134 MB, reserved memory is 910 MB, peak memory is 1011 MB
GUI-1001 : Download success!
RUN-1002 : start command "download -bit SDRV4_0_Runs\phy_1\SDRV4_0.bit -mode jtag -spd 7 -sec 64 -cable 0"
PRG-2014 : Chip validation success: EAGLE_S20_BG256
RUN-1002 : start command "bit_to_vec -chip EAGLE_S20_BG256 -m jtag_burst -freq 4 -bit SDRV4_0_Runs/phy_1/SDRV4_0.bit"
RUN-1002 : start command "program -cable 0 -mode svf -spd 7 -p"
RUN-1003 : finish command "program -cable 0 -mode svf -spd 7 -p" in  6.800062s wall, 0.140625s user + 0.437500s system = 0.578125s CPU (8.5%)

RUN-1004 : used memory is 135 MB, reserved memory is 910 MB, peak memory is 1011 MB
RUN-1003 : finish command "download -bit SDRV4_0_Runs\phy_1\SDRV4_0.bit -mode jtag -spd 7 -sec 64 -cable 0" in  7.122821s wall, 0.234375s user + 0.468750s system = 0.703125s CPU (9.9%)

RUN-1004 : used memory is 135 MB, reserved memory is 910 MB, peak memory is 1011 MB
GUI-1001 : Download success!
RUN-1002 : start command "download -mode erase_spi -spd 1 -chip EAGLE_S20_BG256 -cable 0"
PRG-2014 : Chip validation success: EAGLE_S20_BG256
PRG-1001 : SPI Flash ID is:  ef
PRG-2019 : Erase flash successfully.
RUN-1003 : finish command "download -mode erase_spi -spd 1 -chip EAGLE_S20_BG256 -cable 0" in  8.148854s wall, 5.609375s user + 0.031250s system = 5.640625s CPU (69.2%)

RUN-1004 : used memory is 135 MB, reserved memory is 911 MB, peak memory is 1011 MB
GUI-1001 : Erase flash success!
RUN-1002 : start command "download -bit SDRV4_0_Runs\phy_1\SDRV4_0.bit -mode jtag -spd 7 -sec 64 -cable 0"
PRG-2014 : Chip validation success: EAGLE_S20_BG256
RUN-1002 : start command "bit_to_vec -chip EAGLE_S20_BG256 -m jtag_burst -freq 4 -bit SDRV4_0_Runs/phy_1/SDRV4_0.bit"
RUN-1002 : start command "program -cable 0 -mode svf -spd 7 -p"
RUN-1003 : finish command "program -cable 0 -mode svf -spd 7 -p" in  6.794475s wall, 0.109375s user + 0.203125s system = 0.312500s CPU (4.6%)

RUN-1004 : used memory is 137 MB, reserved memory is 911 MB, peak memory is 1011 MB
RUN-1003 : finish command "download -bit SDRV4_0_Runs\phy_1\SDRV4_0.bit -mode jtag -spd 7 -sec 64 -cable 0" in  7.117803s wall, 0.203125s user + 0.265625s system = 0.468750s CPU (6.6%)

RUN-1004 : used memory is 137 MB, reserved memory is 911 MB, peak memory is 1011 MB
GUI-1001 : Download success!
RUN-1002 : start command "download -bit SDRV4_0_Runs\phy_1\SDRV4_0.bit -mode jtag -spd 7 -sec 64 -cable 0"
PRG-2014 : Chip validation success: EAGLE_S20_BG256
RUN-1002 : start command "bit_to_vec -chip EAGLE_S20_BG256 -m jtag_burst -freq 4 -bit SDRV4_0_Runs/phy_1/SDRV4_0.bit"
RUN-1002 : start command "program -cable 0 -mode svf -spd 7 -p"
RUN-1003 : finish command "program -cable 0 -mode svf -spd 7 -p" in  6.797589s wall, 0.171875s user + 0.187500s system = 0.359375s CPU (5.3%)

RUN-1004 : used memory is 130 MB, reserved memory is 911 MB, peak memory is 1011 MB
RUN-1003 : finish command "download -bit SDRV4_0_Runs\phy_1\SDRV4_0.bit -mode jtag -spd 7 -sec 64 -cable 0" in  7.120299s wall, 0.296875s user + 0.203125s system = 0.500000s CPU (7.0%)

RUN-1004 : used memory is 130 MB, reserved memory is 911 MB, peak memory is 1011 MB
GUI-1001 : Download success!
RUN-1002 : start command "download -bit SDRV4_0_Runs\phy_1\SDRV4_0.bit -mode jtag -spd 7 -sec 64 -cable 0"
PRG-2014 : Chip validation success: EAGLE_S20_BG256
RUN-1002 : start command "bit_to_vec -chip EAGLE_S20_BG256 -m jtag_burst -freq 4 -bit SDRV4_0_Runs/phy_1/SDRV4_0.bit"
RUN-1002 : start command "program -cable 0 -mode svf -spd 7 -p"
RUN-1003 : finish command "program -cable 0 -mode svf -spd 7 -p" in  6.808207s wall, 0.171875s user + 0.265625s system = 0.437500s CPU (6.4%)

RUN-1004 : used memory is 132 MB, reserved memory is 911 MB, peak memory is 1011 MB
RUN-1003 : finish command "download -bit SDRV4_0_Runs\phy_1\SDRV4_0.bit -mode jtag -spd 7 -sec 64 -cable 0" in  7.132028s wall, 0.296875s user + 0.281250s system = 0.578125s CPU (8.1%)

RUN-1004 : used memory is 132 MB, reserved memory is 911 MB, peak memory is 1011 MB
GUI-1001 : Download success!
RUN-1002 : start command "download -bit SDRV4_0_Runs\phy_1\SDRV4_0.bit -mode jtag -spd 7 -sec 64 -cable 0"
PRG-2014 : Chip validation success: EAGLE_S20_BG256
RUN-1002 : start command "bit_to_vec -chip EAGLE_S20_BG256 -m jtag_burst -freq 4 -bit SDRV4_0_Runs/phy_1/SDRV4_0.bit"
RUN-1002 : start command "program -cable 0 -mode svf -spd 7 -p"
RUN-1003 : finish command "program -cable 0 -mode svf -spd 7 -p" in  6.770935s wall, 0.140625s user + 0.265625s system = 0.406250s CPU (6.0%)

RUN-1004 : used memory is 133 MB, reserved memory is 911 MB, peak memory is 1011 MB
RUN-1003 : finish command "download -bit SDRV4_0_Runs\phy_1\SDRV4_0.bit -mode jtag -spd 7 -sec 64 -cable 0" in  7.093898s wall, 0.250000s user + 0.296875s system = 0.546875s CPU (7.7%)

RUN-1004 : used memory is 133 MB, reserved memory is 911 MB, peak memory is 1011 MB
GUI-1001 : Download success!
RUN-1002 : start command "download -bit SDRV4_0_Runs\phy_1\SDRV4_0.bit -mode jtag -spd 7 -sec 64 -cable 0"
PRG-2014 : Chip validation success: EAGLE_S20_BG256
RUN-1002 : start command "bit_to_vec -chip EAGLE_S20_BG256 -m jtag_burst -freq 4 -bit SDRV4_0_Runs/phy_1/SDRV4_0.bit"
RUN-1002 : start command "program -cable 0 -mode svf -spd 7 -p"
RUN-1003 : finish command "program -cable 0 -mode svf -spd 7 -p" in  6.778922s wall, 0.140625s user + 0.359375s system = 0.500000s CPU (7.4%)

RUN-1004 : used memory is 133 MB, reserved memory is 911 MB, peak memory is 1011 MB
RUN-1003 : finish command "download -bit SDRV4_0_Runs\phy_1\SDRV4_0.bit -mode jtag -spd 7 -sec 64 -cable 0" in  7.101825s wall, 0.250000s user + 0.406250s system = 0.656250s CPU (9.2%)

RUN-1004 : used memory is 133 MB, reserved memory is 911 MB, peak memory is 1011 MB
GUI-1001 : Download success!
RUN-1002 : start command "download -bit SDRV4_0_Runs\phy_1\SDRV4_0.bit -mode jtag -spd 7 -sec 64 -cable 0"
PRG-2014 : Chip validation success: EAGLE_S20_BG256
RUN-1002 : start command "bit_to_vec -chip EAGLE_S20_BG256 -m jtag_burst -freq 4 -bit SDRV4_0_Runs/phy_1/SDRV4_0.bit"
RUN-1002 : start command "program -cable 0 -mode svf -spd 7 -p"
RUN-1003 : finish command "program -cable 0 -mode svf -spd 7 -p" in  6.809858s wall, 0.125000s user + 0.265625s system = 0.390625s CPU (5.7%)

RUN-1004 : used memory is 136 MB, reserved memory is 913 MB, peak memory is 1011 MB
RUN-1003 : finish command "download -bit SDRV4_0_Runs\phy_1\SDRV4_0.bit -mode jtag -spd 7 -sec 64 -cable 0" in  7.133392s wall, 0.234375s user + 0.296875s system = 0.531250s CPU (7.4%)

RUN-1004 : used memory is 136 MB, reserved memory is 913 MB, peak memory is 1011 MB
GUI-1001 : Download success!
RUN-1002 : start command "download -bit C:\Users\Spica\Desktop\SDRV4_0.bit -mode jtag -spd 7 -sec 64 -cable 0"
PRG-2014 : Chip validation success: EAGLE_S20_BG256
RUN-1002 : start command "bit_to_vec -chip EAGLE_S20_BG256 -m jtag_burst -freq 4 -bit C:/Users/Spica/Desktop/SDRV4_0.bit"
RUN-1002 : start command "program -cable 0 -mode svf -spd 7 -p"
RUN-1003 : finish command "program -cable 0 -mode svf -spd 7 -p" in  6.790137s wall, 0.171875s user + 0.218750s system = 0.390625s CPU (5.8%)

RUN-1004 : used memory is 167 MB, reserved memory is 920 MB, peak memory is 1011 MB
RUN-1003 : finish command "download -bit C:\Users\Spica\Desktop\SDRV4_0.bit -mode jtag -spd 7 -sec 64 -cable 0" in  7.114307s wall, 0.296875s user + 0.218750s system = 0.515625s CPU (7.2%)

RUN-1004 : used memory is 167 MB, reserved memory is 920 MB, peak memory is 1011 MB
GUI-1001 : Download success!
RUN-1002 : start command "download -mode erase_spi -spd 1 -chip EAGLE_S20_BG256 -cable 0"
PRG-2014 : Chip validation success: EAGLE_S20_BG256
PRG-1001 : SPI Flash ID is:  ef
PRG-2019 : Erase flash successfully.
RUN-1003 : finish command "download -mode erase_spi -spd 1 -chip EAGLE_S20_BG256 -cable 0" in  7.140904s wall, 4.734375s user + 0.015625s system = 4.750000s CPU (66.5%)

RUN-1004 : used memory is 166 MB, reserved memory is 921 MB, peak memory is 1011 MB
GUI-1001 : Erase flash success!
RUN-1002 : start command "download -bit C:\Users\Spica\Desktop\SDRV4_0.bit -mode jtag -spd 7 -sec 64 -cable 0"
PRG-2014 : Chip validation success: EAGLE_S20_BG256
RUN-1002 : start command "bit_to_vec -chip EAGLE_S20_BG256 -m jtag_burst -freq 4 -bit C:/Users/Spica/Desktop/SDRV4_0.bit"
RUN-1002 : start command "program -cable 0 -mode svf -spd 7 -p"
RUN-1003 : finish command "program -cable 0 -mode svf -spd 7 -p" in  6.771609s wall, 0.109375s user + 0.203125s system = 0.312500s CPU (4.6%)

RUN-1004 : used memory is 168 MB, reserved memory is 921 MB, peak memory is 1011 MB
RUN-1003 : finish command "download -bit C:\Users\Spica\Desktop\SDRV4_0.bit -mode jtag -spd 7 -sec 64 -cable 0" in  7.094683s wall, 0.218750s user + 0.250000s system = 0.468750s CPU (6.6%)

RUN-1004 : used memory is 168 MB, reserved memory is 921 MB, peak memory is 1011 MB
GUI-1001 : Download success!
RUN-1002 : start command "download -bit C:\Users\Spica\Desktop\SDRV4_0.bit -mode jtag -spd 7 -sec 64 -cable 0"
PRG-2014 : Chip validation success: EAGLE_S20_BG256
RUN-1002 : start command "bit_to_vec -chip EAGLE_S20_BG256 -m jtag_burst -freq 4 -bit C:/Users/Spica/Desktop/SDRV4_0.bit"
RUN-1002 : start command "program -cable 0 -mode svf -spd 7 -p"
RUN-1003 : finish command "program -cable 0 -mode svf -spd 7 -p" in  6.779703s wall, 0.218750s user + 0.234375s system = 0.453125s CPU (6.7%)

RUN-1004 : used memory is 166 MB, reserved memory is 919 MB, peak memory is 1011 MB
RUN-1003 : finish command "download -bit C:\Users\Spica\Desktop\SDRV4_0.bit -mode jtag -spd 7 -sec 64 -cable 0" in  7.100144s wall, 0.328125s user + 0.250000s system = 0.578125s CPU (8.1%)

RUN-1004 : used memory is 166 MB, reserved memory is 919 MB, peak memory is 1011 MB
GUI-1001 : Download success!
RUN-1002 : start command "download -bit C:\Users\Spica\Desktop\SDRV4_0.bit -mode jtag -spd 7 -sec 64 -cable 0"
PRG-2014 : Chip validation success: EAGLE_S20_BG256
RUN-1002 : start command "bit_to_vec -chip EAGLE_S20_BG256 -m jtag_burst -freq 4 -bit C:/Users/Spica/Desktop/SDRV4_0.bit"
RUN-1002 : start command "program -cable 0 -mode svf -spd 7 -p"
PRG-9500 ERROR: USB Error: read data failed

RUN-1003 : finish command "program -cable 0 -mode svf -spd 7 -p" in  2.846331s wall, 0.046875s user + 0.078125s system = 0.125000s CPU (4.4%)

RUN-1004 : used memory is 167 MB, reserved memory is 919 MB, peak memory is 1011 MB
RUN-1003 : finish command "download -bit C:\Users\Spica\Desktop\SDRV4_0.bit -mode jtag -spd 7 -sec 64 -cable 0" in  3.166613s wall, 0.140625s user + 0.093750s system = 0.234375s CPU (7.4%)

RUN-1004 : used memory is 167 MB, reserved memory is 919 MB, peak memory is 1011 MB
GUI-8702 ERROR: Downloading failed!
RUN-1002 : start command "download -bit C:\Users\Spica\Desktop\SDRV4_0.bit -mode jtag -spd 7 -sec 64 -cable 0"
PRG-2014 : Chip validation success: EAGLE_S20_BG256
RUN-1002 : start command "bit_to_vec -chip EAGLE_S20_BG256 -m jtag_burst -freq 4 -bit C:/Users/Spica/Desktop/SDRV4_0.bit"
RUN-1002 : start command "program -cable 0 -mode svf -spd 7 -p"
RUN-1003 : finish command "program -cable 0 -mode svf -spd 7 -p" in  6.786274s wall, 0.078125s user + 0.359375s system = 0.437500s CPU (6.4%)

RUN-1004 : used memory is 170 MB, reserved memory is 921 MB, peak memory is 1011 MB
RUN-1003 : finish command "download -bit C:\Users\Spica\Desktop\SDRV4_0.bit -mode jtag -spd 7 -sec 64 -cable 0" in  7.108441s wall, 0.203125s user + 0.375000s system = 0.578125s CPU (8.1%)

RUN-1004 : used memory is 170 MB, reserved memory is 921 MB, peak memory is 1011 MB
GUI-1001 : Download success!
RUN-1002 : start command "download -bit C:\Users\Spica\Desktop\SDRV4_0.bit -mode jtag -spd 7 -sec 64 -cable 0"
PRG-2014 : Chip validation success: EAGLE_S20_BG256
RUN-1002 : start command "bit_to_vec -chip EAGLE_S20_BG256 -m jtag_burst -freq 4 -bit C:/Users/Spica/Desktop/SDRV4_0.bit"
RUN-1002 : start command "program -cable 0 -mode svf -spd 7 -p"
RUN-1003 : finish command "program -cable 0 -mode svf -spd 7 -p" in  6.781000s wall, 0.031250s user + 0.171875s system = 0.203125s CPU (3.0%)

RUN-1004 : used memory is 169 MB, reserved memory is 919 MB, peak memory is 1011 MB
RUN-1003 : finish command "download -bit C:\Users\Spica\Desktop\SDRV4_0.bit -mode jtag -spd 7 -sec 64 -cable 0" in  7.103468s wall, 0.171875s user + 0.203125s system = 0.375000s CPU (5.3%)

RUN-1004 : used memory is 169 MB, reserved memory is 919 MB, peak memory is 1011 MB
GUI-1001 : Download success!
