============================================================
   Tang Dynasty, V5.6.53426
   Copyright (c) 2012-2022 Anlogic
   Executable = D:/anlogic/TD5.6.1/bin/td.exe
   Built at =   19:26:25 Jun 10 2022
   Run by =     Spica
   Run Date =   Sun Jul 10 09:21:08 2022

   Run on =     LAPTOP-1TLPN50G
============================================================
RUN-1001 : open_run phy_1.
RUN-1002 : start command "import_db D:/jichuang/SDRV4_2_1/td/SDRV4_0_Runs/phy_1/SDRV4_0_pr.db"
RUN-1001 : Importing database generated by Tang Dynasty, V5.6.53426.
RUN-1001 : Database version number 46140.
RUN-1001 : Import flow parameters
PHY-1001 : Generate detailed routing grids ...
PHY-1001 : Generate nets ...
PHY-1001 : clock net CW_clk will be merged with clock PLL/clk0_buf
PHY-1001 : net QN8027_clk_dup_1 will be routed on clock mesh
PHY-1001 : clock net SWCLK_syn_4 will be merged with clock SWCLK_dup_1
PHY-1001 : net clk_in_dup_1 will be routed on clock mesh
PHY-1001 : clock net rgmii_rxc_syn_4 will be merged with clock rgmii_rxc_dup_1
PHY-1001 : clock net APBTube/ClkDiv/div_clk_syn_6 will be merged with clock APBTube/ClkDiv/div_clk
PHY-1001 : clock net APB_Keyboard/KeyToCol/rowcnt[1]_syn_10 will be merged with clock APB_Keyboard/KeyToCol/rowcnt[1]
PHY-1001 : clock net APB_Keyboard/KeyToCol/sa_clk_syn_6 will be merged with clock APB_Keyboard/KeyToCol/sa_clk
PHY-1001 : net differentiator/clk will be routed on clock mesh
PHY-1001 : clock net differentiator/filter/CLK_syn_10 will be merged with clock differentiator/filter/CLK
PHY-1001 : clock net ethernet/u1/gmii_rx_clk_in_syn_3 will be merged with clock ethernet/u1/gmii_rx_clk_in
PHY-1001 : clock net i2c/DUT_FIFO_TX/w_counter_n_syn_2 will be merged with clock i2c/DUT_FIFO_TX/w_counter_n
PHY-1001 : clock net ledwater/light_clk_syn_6 will be merged with clock ledwater/light_clk
PHY-1001 : net u_logic/SCLK will be routed on clock mesh
PHY-1001 : clock net u_spi_master/u_spictrl/u_clkgen/spi_clk_syn_2 will be merged with clock u_spi_master/u_spictrl/u_clkgen/spi_clk
PHY-1001 : eco open net = 0
PHY-1001 : 1251 feed throughs used by 872 nets
RUN-1001 : Import timing constraints
RUN-1001 : Import IO constraints
RUN-1001 : Import Inst constraints
RUN-1001 : Import design success TD_VERSION=5.6.53426 , DB_VERSION=46140
ARC-1002 : Mark IO location M12 as dedicate.
ARC-1002 : Mark IO location P12 as dedicate.
RUN-1003 : finish command "import_db D:/jichuang/SDRV4_2_1/td/SDRV4_0_Runs/phy_1/SDRV4_0_pr.db" in  16.853964s wall, 16.671875s user + 0.765625s system = 17.437500s CPU (103.5%)

RUN-1004 : used memory is 850 MB, reserved memory is 840 MB, peak memory is 902 MB
RUN-1002 : start command "report_timing"
RUN-1002 : start command "start_timer"
RUN-1003 : finish command "start_timer" in  1.828785s wall, 1.843750s user + 0.078125s system = 1.921875s CPU (105.1%)

RUN-1004 : used memory is 938 MB, reserved memory is 922 MB, peak memory is 938 MB
RUN-1002 : start command "end_timer"
RUN-1003 : finish command "report_timing" in  3.330030s wall, 3.234375s user + 0.234375s system = 3.468750s CPU (104.2%)

RUN-1004 : used memory is 886 MB, reserved memory is 886 MB, peak memory is 1013 MB
RUN-1002 : start command "download -bit SDRV4_0_Runs\phy_1\SDRV4_0.bit -mode jtag -spd 7 -sec 64 -cable 0"
PRG-2014 : Chip validation success: EAGLE_S20_BG256
RUN-1002 : start command "bit_to_vec -chip EAGLE_S20_BG256 -m jtag_burst -freq 4 -bit SDRV4_0_Runs/phy_1/SDRV4_0.bit"
RUN-1002 : start command "program -cable 0 -mode svf -spd 7 -p"
RUN-1003 : finish command "program -cable 0 -mode svf -spd 7 -p" in  6.897084s wall, 0.328125s user + 0.500000s system = 0.828125s CPU (12.0%)

RUN-1004 : used memory is 904 MB, reserved memory is 887 MB, peak memory is 1013 MB
RUN-1003 : finish command "download -bit SDRV4_0_Runs\phy_1\SDRV4_0.bit -mode jtag -spd 7 -sec 64 -cable 0" in  7.367350s wall, 0.578125s user + 0.546875s system = 1.125000s CPU (15.3%)

RUN-1004 : used memory is 904 MB, reserved memory is 887 MB, peak memory is 1013 MB
GUI-1001 : Download success!
RUN-1002 : start command "download -bit SDRV4_0_Runs\phy_1\SDRV4_0.bit -mode jtag -spd 7 -sec 64 -cable 1"
PRG-2014 : Chip validation success: EAGLE_S20_BG256
RUN-1002 : start command "bit_to_vec -chip EAGLE_S20_BG256 -m jtag_burst -freq 4 -bit SDRV4_0_Runs/phy_1/SDRV4_0.bit"
RUN-1002 : start command "program -cable 1 -mode svf -spd 7 -p"
RUN-1003 : finish command "program -cable 1 -mode svf -spd 7 -p" in  6.897791s wall, 0.281250s user + 0.593750s system = 0.875000s CPU (12.7%)

RUN-1004 : used memory is 905 MB, reserved memory is 889 MB, peak memory is 1013 MB
RUN-1003 : finish command "download -bit SDRV4_0_Runs\phy_1\SDRV4_0.bit -mode jtag -spd 7 -sec 64 -cable 1" in  7.383149s wall, 0.531250s user + 0.640625s system = 1.171875s CPU (15.9%)

RUN-1004 : used memory is 905 MB, reserved memory is 889 MB, peak memory is 1013 MB
GUI-1001 : Download success!
RUN-1002 : start command "download -bit SDRV4_0_Runs\phy_1\SDRV4_0.bit -mode jtag -spd 7 -sec 64 -cable 0"
PRG-2014 : Chip validation success: EAGLE_S20_BG256
RUN-1002 : start command "bit_to_vec -chip EAGLE_S20_BG256 -m jtag_burst -freq 4 -bit SDRV4_0_Runs/phy_1/SDRV4_0.bit"
RUN-1002 : start command "program -cable 0 -mode svf -spd 7 -p"
RUN-1003 : finish command "program -cable 0 -mode svf -spd 7 -p" in  6.918537s wall, 0.281250s user + 0.328125s system = 0.609375s CPU (8.8%)

RUN-1004 : used memory is 906 MB, reserved memory is 888 MB, peak memory is 1013 MB
RUN-1003 : finish command "download -bit SDRV4_0_Runs\phy_1\SDRV4_0.bit -mode jtag -spd 7 -sec 64 -cable 0" in  7.375146s wall, 0.515625s user + 0.343750s system = 0.859375s CPU (11.7%)

RUN-1004 : used memory is 906 MB, reserved memory is 888 MB, peak memory is 1013 MB
GUI-1001 : Download success!
RUN-1002 : start command "download -bit SDRV4_0_Runs\phy_1\SDRV4_0.bit -mode jtag -spd 7 -sec 64 -cable 1"
PRG-2014 : Chip validation success: EAGLE_S20_BG256
RUN-1002 : start command "bit_to_vec -chip EAGLE_S20_BG256 -m jtag_burst -freq 4 -bit SDRV4_0_Runs/phy_1/SDRV4_0.bit"
RUN-1002 : start command "program -cable 1 -mode svf -spd 7 -p"
RUN-1003 : finish command "program -cable 1 -mode svf -spd 7 -p" in  6.731364s wall, 0.203125s user + 0.281250s system = 0.484375s CPU (7.2%)

RUN-1004 : used memory is 904 MB, reserved memory is 886 MB, peak memory is 1013 MB
RUN-1003 : finish command "download -bit SDRV4_0_Runs\phy_1\SDRV4_0.bit -mode jtag -spd 7 -sec 64 -cable 1" in  7.159881s wall, 0.406250s user + 0.312500s system = 0.718750s CPU (10.0%)

RUN-1004 : used memory is 904 MB, reserved memory is 886 MB, peak memory is 1013 MB
GUI-1001 : Download success!
RUN-1002 : start command "download -bit SDRV4_0_Runs\phy_1\SDRV4_0.bit -mode jtag -spd 7 -sec 64 -cable 0"
PRG-2014 : Chip validation success: EAGLE_S20_BG256
RUN-1002 : start command "bit_to_vec -chip EAGLE_S20_BG256 -m jtag_burst -freq 4 -bit SDRV4_0_Runs/phy_1/SDRV4_0.bit"
RUN-1002 : start command "program -cable 0 -mode svf -spd 7 -p"
RUN-1003 : finish command "program -cable 0 -mode svf -spd 7 -p" in  6.878946s wall, 0.312500s user + 0.531250s system = 0.843750s CPU (12.3%)

RUN-1004 : used memory is 904 MB, reserved memory is 886 MB, peak memory is 1013 MB
RUN-1003 : finish command "download -bit SDRV4_0_Runs\phy_1\SDRV4_0.bit -mode jtag -spd 7 -sec 64 -cable 0" in  7.331767s wall, 0.562500s user + 0.546875s system = 1.109375s CPU (15.1%)

RUN-1004 : used memory is 904 MB, reserved memory is 886 MB, peak memory is 1013 MB
GUI-1001 : Download success!
RUN-1002 : start command "download -bit SDRV4_0_Runs\phy_1\SDRV4_0.bit -mode jtag -spd 7 -sec 64 -cable 1"
PRG-2014 : Chip validation success: EAGLE_S20_BG256
RUN-1002 : start command "bit_to_vec -chip EAGLE_S20_BG256 -m jtag_burst -freq 4 -bit SDRV4_0_Runs/phy_1/SDRV4_0.bit"
RUN-1002 : start command "program -cable 1 -mode svf -spd 7 -p"
RUN-1003 : finish command "program -cable 1 -mode svf -spd 7 -p" in  6.898357s wall, 0.343750s user + 0.484375s system = 0.828125s CPU (12.0%)

RUN-1004 : used memory is 904 MB, reserved memory is 886 MB, peak memory is 1013 MB
RUN-1003 : finish command "download -bit SDRV4_0_Runs\phy_1\SDRV4_0.bit -mode jtag -spd 7 -sec 64 -cable 1" in  7.342933s wall, 0.578125s user + 0.500000s system = 1.078125s CPU (14.7%)

RUN-1004 : used memory is 904 MB, reserved memory is 886 MB, peak memory is 1013 MB
GUI-1001 : Download success!
