============================================================
   Tang Dynasty, V5.6.53426
   Copyright (c) 2012-2022 Anlogic
   Executable = D:/anlogic/TD5.6.1/bin/td.exe
   Built at =   19:26:25 Jun 10 2022
   Run by =     Spica
   Run Date =   Thu Jul  7 20:25:19 2022

   Run on =     LAPTOP-1TLPN50G
============================================================
RUN-1001 : open_run phy_1.
RUN-1002 : start command "import_db D:/jichuang/SDRV4_2_1/td/SDRV4_0_Runs/phy_1/SDRV4_0_pr.db"
RUN-1001 : Importing database generated by Tang Dynasty, V5.6.53426.
RUN-1001 : Database version number 46140.
RUN-1001 : Import flow parameters
PHY-1001 : Generate detailed routing grids ...
PHY-1001 : Generate nets ...
PHY-1001 : clock net CW_clk will be merged with clock PLL/clk0_buf
PHY-1001 : net QN8027_clk_dup_1 will be routed on clock mesh
PHY-1001 : clock net SWCLK_syn_4 will be merged with clock SWCLK_dup_1
PHY-1001 : net clk_in_dup_1 will be routed on clock mesh
PHY-1001 : clock net rgmii_rxc_syn_4 will be merged with clock rgmii_rxc_dup_1
PHY-1001 : clock net APBTube/ClkDiv/div_clk_syn_6 will be merged with clock APBTube/ClkDiv/div_clk
PHY-1001 : clock net APB_Keyboard/KeyToCol/rowcnt[1]_syn_10 will be merged with clock APB_Keyboard/KeyToCol/rowcnt[1]
PHY-1001 : clock net APB_Keyboard/KeyToCol/sa_clk_syn_6 will be merged with clock APB_Keyboard/KeyToCol/sa_clk
PHY-1001 : net differentiator/clk will be routed on clock mesh
PHY-1001 : clock net differentiator/filter/CLK_syn_10 will be merged with clock differentiator/filter/CLK
PHY-1001 : clock net ethernet/u1/gmii_rx_clk_in_syn_3 will be merged with clock ethernet/u1/gmii_rx_clk_in
PHY-1001 : clock net i2c/DUT_FIFO_TX/w_counter_n_syn_2 will be merged with clock i2c/DUT_FIFO_TX/w_counter_n
PHY-1001 : clock net ledwater/light_clk_syn_6 will be merged with clock ledwater/light_clk
PHY-1001 : net u_logic/SCLK will be routed on clock mesh
PHY-1001 : clock net u_spi_master/u_spictrl/u_clkgen/spi_clk_syn_2 will be merged with clock u_spi_master/u_spictrl/u_clkgen/spi_clk
PHY-1001 : eco open net = 0
PHY-1001 : 1246 feed throughs used by 870 nets
RUN-1001 : Import timing constraints
RUN-1001 : Import IO constraints
RUN-1001 : Import Inst constraints
RUN-1001 : Import design success TD_VERSION=5.6.53426 , DB_VERSION=46140
ARC-1002 : Mark IO location M12 as dedicate.
ARC-1002 : Mark IO location P12 as dedicate.
RUN-1003 : finish command "import_db D:/jichuang/SDRV4_2_1/td/SDRV4_0_Runs/phy_1/SDRV4_0_pr.db" in  11.896920s wall, 11.703125s user + 0.437500s system = 12.140625s CPU (102.0%)

RUN-1004 : used memory is 847 MB, reserved memory is 840 MB, peak memory is 899 MB
RUN-1002 : start command "report_timing"
RUN-1002 : start command "start_timer"
RUN-1003 : finish command "start_timer" in  1.624328s wall, 1.625000s user + 0.078125s system = 1.703125s CPU (104.9%)

RUN-1004 : used memory is 933 MB, reserved memory is 918 MB, peak memory is 933 MB
RUN-1002 : start command "end_timer"
RUN-1003 : finish command "report_timing" in  3.032765s wall, 2.984375s user + 0.156250s system = 3.140625s CPU (103.6%)

RUN-1004 : used memory is 902 MB, reserved memory is 892 MB, peak memory is 1008 MB
RUN-1002 : start command "download -bit C:\Users\Spica\Desktop\SDRV4_0.bit -mode jtag -spd 7 -sec 64 -cable 0"
PRG-2014 : Chip validation success: EAGLE_S20_BG256
RUN-1002 : start command "bit_to_vec -chip EAGLE_S20_BG256 -m jtag_burst -freq 4 -bit C:/Users/Spica/Desktop/SDRV4_0.bit"
RUN-1002 : start command "program -cable 0 -mode svf -spd 7 -p"
RUN-1003 : finish command "program -cable 0 -mode svf -spd 7 -p" in  6.809952s wall, 0.203125s user + 0.296875s system = 0.500000s CPU (7.3%)

RUN-1004 : used memory is 957 MB, reserved memory is 928 MB, peak memory is 1008 MB
RUN-1003 : finish command "download -bit C:\Users\Spica\Desktop\SDRV4_0.bit -mode jtag -spd 7 -sec 64 -cable 0" in  7.134404s wall, 0.328125s user + 0.312500s system = 0.640625s CPU (9.0%)

RUN-1004 : used memory is 957 MB, reserved memory is 928 MB, peak memory is 1008 MB
GUI-1001 : Download success!
RUN-1002 : start command "download -bit C:\Users\Spica\Desktop\SDRV4_0.bit -mode jtag -spd 7 -sec 64 -cable 0"
PRG-2014 : Chip validation success: EAGLE_S20_BG256
RUN-1002 : start command "bit_to_vec -chip EAGLE_S20_BG256 -m jtag_burst -freq 4 -bit C:/Users/Spica/Desktop/SDRV4_0.bit"
RUN-1002 : start command "program -cable 0 -mode svf -spd 7 -p"
RUN-1003 : finish command "program -cable 0 -mode svf -spd 7 -p" in  6.788964s wall, 0.078125s user + 0.171875s system = 0.250000s CPU (3.7%)

RUN-1004 : used memory is 957 MB, reserved memory is 928 MB, peak memory is 1008 MB
RUN-1003 : finish command "download -bit C:\Users\Spica\Desktop\SDRV4_0.bit -mode jtag -spd 7 -sec 64 -cable 0" in  7.111268s wall, 0.187500s user + 0.171875s system = 0.359375s CPU (5.1%)

RUN-1004 : used memory is 957 MB, reserved memory is 928 MB, peak memory is 1008 MB
GUI-1001 : Download success!
RUN-1002 : start command "download -bit C:\Users\Spica\Desktop\SDRV4_0.bit -mode jtag -spd 7 -sec 64 -cable 0"
PRG-2014 : Chip validation success: EAGLE_S20_BG256
RUN-1002 : start command "bit_to_vec -chip EAGLE_S20_BG256 -m jtag_burst -freq 4 -bit C:/Users/Spica/Desktop/SDRV4_0.bit"
RUN-1002 : start command "program -cable 0 -mode svf -spd 7 -p"
RUN-1003 : finish command "program -cable 0 -mode svf -spd 7 -p" in  6.791564s wall, 0.078125s user + 0.250000s system = 0.328125s CPU (4.8%)

RUN-1004 : used memory is 957 MB, reserved memory is 927 MB, peak memory is 1008 MB
RUN-1003 : finish command "download -bit C:\Users\Spica\Desktop\SDRV4_0.bit -mode jtag -spd 7 -sec 64 -cable 0" in  7.115811s wall, 0.187500s user + 0.265625s system = 0.453125s CPU (6.4%)

RUN-1004 : used memory is 957 MB, reserved memory is 927 MB, peak memory is 1008 MB
GUI-1001 : Download success!
RUN-1002 : start command "download -bit C:\Users\Spica\Desktop\SDRV4_0.bit -mode jtag -spd 7 -sec 64 -cable 0"
PRG-2014 : Chip validation success: EAGLE_S20_BG256
RUN-1002 : start command "bit_to_vec -chip EAGLE_S20_BG256 -m jtag_burst -freq 4 -bit C:/Users/Spica/Desktop/SDRV4_0.bit"
RUN-1002 : start command "program -cable 0 -mode svf -spd 7 -p"
RUN-1003 : finish command "program -cable 0 -mode svf -spd 7 -p" in  6.804017s wall, 0.156250s user + 0.218750s system = 0.375000s CPU (5.5%)

RUN-1004 : used memory is 957 MB, reserved memory is 927 MB, peak memory is 1008 MB
RUN-1003 : finish command "download -bit C:\Users\Spica\Desktop\SDRV4_0.bit -mode jtag -spd 7 -sec 64 -cable 0" in  7.124942s wall, 0.265625s user + 0.218750s system = 0.484375s CPU (6.8%)

RUN-1004 : used memory is 957 MB, reserved memory is 927 MB, peak memory is 1008 MB
GUI-1001 : Download success!
RUN-1002 : start command "download -bit SDRV4_0_Runs\phy_1\SDRV4_0.bit -mode jtag -spd 7 -sec 64 -cable 0"
PRG-2014 : Chip validation success: EAGLE_S20_BG256
RUN-1002 : start command "bit_to_vec -chip EAGLE_S20_BG256 -m jtag_burst -freq 4 -bit SDRV4_0_Runs/phy_1/SDRV4_0.bit"
RUN-1002 : start command "program -cable 0 -mode svf -spd 7 -p"
RUN-1003 : finish command "program -cable 0 -mode svf -spd 7 -p" in  6.802681s wall, 0.156250s user + 0.171875s system = 0.328125s CPU (4.8%)

RUN-1004 : used memory is 957 MB, reserved memory is 927 MB, peak memory is 1008 MB
RUN-1003 : finish command "download -bit SDRV4_0_Runs\phy_1\SDRV4_0.bit -mode jtag -spd 7 -sec 64 -cable 0" in  7.125196s wall, 0.265625s user + 0.171875s system = 0.437500s CPU (6.1%)

RUN-1004 : used memory is 957 MB, reserved memory is 927 MB, peak memory is 1008 MB
GUI-1001 : Download success!
RUN-1002 : start command "download -bit SDRV4_0_Runs\phy_1\SDRV4_0.bit -mode jtag -spd 7 -sec 64 -cable 0"
PRG-2014 : Chip validation success: EAGLE_S20_BG256
RUN-1002 : start command "bit_to_vec -chip EAGLE_S20_BG256 -m jtag_burst -freq 4 -bit SDRV4_0_Runs/phy_1/SDRV4_0.bit"
RUN-1002 : start command "program -cable 0 -mode svf -spd 7 -p"
RUN-1003 : finish command "program -cable 0 -mode svf -spd 7 -p" in  6.796294s wall, 0.078125s user + 0.265625s system = 0.343750s CPU (5.1%)

RUN-1004 : used memory is 957 MB, reserved memory is 927 MB, peak memory is 1008 MB
RUN-1003 : finish command "download -bit SDRV4_0_Runs\phy_1\SDRV4_0.bit -mode jtag -spd 7 -sec 64 -cable 0" in  7.118062s wall, 0.171875s user + 0.281250s system = 0.453125s CPU (6.4%)

RUN-1004 : used memory is 957 MB, reserved memory is 927 MB, peak memory is 1008 MB
GUI-1001 : Download success!
RUN-1002 : start command "download -bit SDRV4_0_Runs\phy_1\SDRV4_0.bit -mode jtag -spd 7 -sec 64 -cable 0"
PRG-2014 : Chip validation success: EAGLE_S20_BG256
RUN-1002 : start command "bit_to_vec -chip EAGLE_S20_BG256 -m jtag_burst -freq 4 -bit SDRV4_0_Runs/phy_1/SDRV4_0.bit"
RUN-1002 : start command "program -cable 0 -mode svf -spd 7 -p"
RUN-1003 : finish command "program -cable 0 -mode svf -spd 7 -p" in  6.781768s wall, 0.109375s user + 0.250000s system = 0.359375s CPU (5.3%)

RUN-1004 : used memory is 957 MB, reserved memory is 927 MB, peak memory is 1008 MB
RUN-1003 : finish command "download -bit SDRV4_0_Runs\phy_1\SDRV4_0.bit -mode jtag -spd 7 -sec 64 -cable 0" in  7.103176s wall, 0.234375s user + 0.265625s system = 0.500000s CPU (7.0%)

RUN-1004 : used memory is 957 MB, reserved memory is 927 MB, peak memory is 1008 MB
GUI-1001 : Download success!
RUN-1002 : start command "download -mode erase_spi -spd 1 -chip EAGLE_S20_BG256 -cable 0"
PRG-2014 : Chip validation success: EAGLE_S20_BG256
PRG-1001 : SPI Flash ID is:  ef
PRG-2019 : Erase flash successfully.
RUN-1003 : finish command "download -mode erase_spi -spd 1 -chip EAGLE_S20_BG256 -cable 0" in  8.148844s wall, 5.593750s user + 0.093750s system = 5.687500s CPU (69.8%)

RUN-1004 : used memory is 957 MB, reserved memory is 927 MB, peak memory is 1008 MB
GUI-1001 : Erase flash success!
RUN-1002 : start command "download -bit SDRV4_0_Runs\phy_1\SDRV4_0.bit -mode jtag -spd 7 -sec 64 -cable 0"
PRG-2014 : Chip validation success: EAGLE_S20_BG256
RUN-1002 : start command "bit_to_vec -chip EAGLE_S20_BG256 -m jtag_burst -freq 4 -bit SDRV4_0_Runs/phy_1/SDRV4_0.bit"
RUN-1002 : start command "program -cable 0 -mode svf -spd 7 -p"
RUN-1003 : finish command "program -cable 0 -mode svf -spd 7 -p" in  6.795737s wall, 0.093750s user + 0.203125s system = 0.296875s CPU (4.4%)

RUN-1004 : used memory is 957 MB, reserved memory is 927 MB, peak memory is 1008 MB
RUN-1003 : finish command "download -bit SDRV4_0_Runs\phy_1\SDRV4_0.bit -mode jtag -spd 7 -sec 64 -cable 0" in  7.116068s wall, 0.187500s user + 0.218750s system = 0.406250s CPU (5.7%)

RUN-1004 : used memory is 957 MB, reserved memory is 927 MB, peak memory is 1008 MB
GUI-1001 : Download success!
RUN-1002 : start command "download -bit SDRV4_0_Runs\phy_1\SDRV4_0.bit -mode jtag -spd 7 -sec 64 -cable 0"
PRG-2014 : Chip validation success: EAGLE_S20_BG256
RUN-1002 : start command "bit_to_vec -chip EAGLE_S20_BG256 -m jtag_burst -freq 4 -bit SDRV4_0_Runs/phy_1/SDRV4_0.bit"
RUN-1002 : start command "program -cable 0 -mode svf -spd 7 -p"
RUN-1003 : finish command "program -cable 0 -mode svf -spd 7 -p" in  6.785168s wall, 0.140625s user + 0.187500s system = 0.328125s CPU (4.8%)

RUN-1004 : used memory is 957 MB, reserved memory is 928 MB, peak memory is 1008 MB
RUN-1003 : finish command "download -bit SDRV4_0_Runs\phy_1\SDRV4_0.bit -mode jtag -spd 7 -sec 64 -cable 0" in  7.106628s wall, 0.250000s user + 0.203125s system = 0.453125s CPU (6.4%)

RUN-1004 : used memory is 957 MB, reserved memory is 928 MB, peak memory is 1008 MB
GUI-1001 : Download success!
RUN-1002 : start command "download -bit SDRV4_0_Runs\phy_1\SDRV4_0.bit -mode jtag -spd 7 -sec 64 -cable 0"
PRG-2014 : Chip validation success: EAGLE_S20_BG256
RUN-1002 : start command "bit_to_vec -chip EAGLE_S20_BG256 -m jtag_burst -freq 4 -bit SDRV4_0_Runs/phy_1/SDRV4_0.bit"
RUN-1002 : start command "program -cable 0 -mode svf -spd 7 -p"
RUN-1003 : finish command "program -cable 0 -mode svf -spd 7 -p" in  6.788136s wall, 0.156250s user + 0.218750s system = 0.375000s CPU (5.5%)

RUN-1004 : used memory is 959 MB, reserved memory is 930 MB, peak memory is 1008 MB
RUN-1003 : finish command "download -bit SDRV4_0_Runs\phy_1\SDRV4_0.bit -mode jtag -spd 7 -sec 64 -cable 0" in  7.112190s wall, 0.265625s user + 0.218750s system = 0.484375s CPU (6.8%)

RUN-1004 : used memory is 959 MB, reserved memory is 930 MB, peak memory is 1008 MB
GUI-1001 : Download success!
RUN-1002 : start command "download -bit SDRV4_0_Runs\phy_1\SDRV4_0.bit -mode jtag -spd 7 -sec 64 -cable 0"
PRG-2014 : Chip validation success: EAGLE_S20_BG256
RUN-1002 : start command "bit_to_vec -chip EAGLE_S20_BG256 -m jtag_burst -freq 4 -bit SDRV4_0_Runs/phy_1/SDRV4_0.bit"
RUN-1002 : start command "program -cable 0 -mode svf -spd 7 -p"
RUN-1003 : finish command "program -cable 0 -mode svf -spd 7 -p" in  6.786184s wall, 0.046875s user + 0.296875s system = 0.343750s CPU (5.1%)

RUN-1004 : used memory is 950 MB, reserved memory is 928 MB, peak memory is 1008 MB
RUN-1003 : finish command "download -bit SDRV4_0_Runs\phy_1\SDRV4_0.bit -mode jtag -spd 7 -sec 64 -cable 0" in  7.108434s wall, 0.156250s user + 0.312500s system = 0.468750s CPU (6.6%)

RUN-1004 : used memory is 950 MB, reserved memory is 928 MB, peak memory is 1008 MB
GUI-1001 : Download success!
RUN-1002 : start command "download -bit SDRV4_0_Runs\phy_1\SDRV4_0.bit -mode jtag -spd 7 -sec 64 -cable 0"
PRG-2014 : Chip validation success: EAGLE_S20_BG256
RUN-1002 : start command "bit_to_vec -chip EAGLE_S20_BG256 -m jtag_burst -freq 4 -bit SDRV4_0_Runs/phy_1/SDRV4_0.bit"
RUN-1002 : start command "program -cable 0 -mode svf -spd 7 -p"
RUN-1003 : finish command "program -cable 0 -mode svf -spd 7 -p" in  6.799542s wall, 0.140625s user + 0.250000s system = 0.390625s CPU (5.7%)

RUN-1004 : used memory is 951 MB, reserved memory is 928 MB, peak memory is 1008 MB
RUN-1003 : finish command "download -bit SDRV4_0_Runs\phy_1\SDRV4_0.bit -mode jtag -spd 7 -sec 64 -cable 0" in  7.118619s wall, 0.250000s user + 0.265625s system = 0.515625s CPU (7.2%)

RUN-1004 : used memory is 951 MB, reserved memory is 928 MB, peak memory is 1008 MB
GUI-1001 : Download success!
RUN-1002 : start command "download -bit SDRV4_0_Runs\phy_1\SDRV4_0.bit -mode jtag -spd 7 -sec 64 -cable 1"
PRG-2014 : Chip validation success: EAGLE_S20_BG256
RUN-1002 : start command "bit_to_vec -chip EAGLE_S20_BG256 -m jtag_burst -freq 4 -bit SDRV4_0_Runs/phy_1/SDRV4_0.bit"
RUN-1002 : start command "program -cable 1 -mode svf -spd 7 -p"
RUN-1003 : finish command "program -cable 1 -mode svf -spd 7 -p" in  6.776478s wall, 0.125000s user + 0.265625s system = 0.390625s CPU (5.8%)

RUN-1004 : used memory is 951 MB, reserved memory is 930 MB, peak memory is 1008 MB
RUN-1003 : finish command "download -bit SDRV4_0_Runs\phy_1\SDRV4_0.bit -mode jtag -spd 7 -sec 64 -cable 1" in  7.097614s wall, 0.218750s user + 0.281250s system = 0.500000s CPU (7.0%)

RUN-1004 : used memory is 951 MB, reserved memory is 930 MB, peak memory is 1008 MB
GUI-1001 : Download success!
RUN-1002 : start command "download -bit SDRV4_0_Runs\phy_1\SDRV4_0.bit -mode jtag -spd 7 -sec 64 -cable 1"
PRG-2014 : Chip validation success: EAGLE_S20_BG256
RUN-1002 : start command "bit_to_vec -chip EAGLE_S20_BG256 -m jtag_burst -freq 4 -bit SDRV4_0_Runs/phy_1/SDRV4_0.bit"
RUN-1002 : start command "program -cable 1 -mode svf -spd 7 -p"
RUN-1003 : finish command "program -cable 1 -mode svf -spd 7 -p" in  6.787085s wall, 0.078125s user + 0.187500s system = 0.265625s CPU (3.9%)

RUN-1004 : used memory is 952 MB, reserved memory is 930 MB, peak memory is 1008 MB
RUN-1003 : finish command "download -bit SDRV4_0_Runs\phy_1\SDRV4_0.bit -mode jtag -spd 7 -sec 64 -cable 1" in  7.108375s wall, 0.187500s user + 0.187500s system = 0.375000s CPU (5.3%)

RUN-1004 : used memory is 952 MB, reserved memory is 930 MB, peak memory is 1008 MB
GUI-1001 : Download success!
RUN-1002 : start command "download -bit SDRV4_0_Runs\phy_1\SDRV4_0.bit -mode jtag -spd 7 -sec 64 -cable 0"
PRG-2014 : Chip validation success: EAGLE_S20_BG256
RUN-1002 : start command "bit_to_vec -chip EAGLE_S20_BG256 -m jtag_burst -freq 4 -bit SDRV4_0_Runs/phy_1/SDRV4_0.bit"
RUN-1002 : start command "program -cable 0 -mode svf -spd 7 -p"
RUN-1003 : finish command "program -cable 0 -mode svf -spd 7 -p" in  6.778581s wall, 0.171875s user + 0.375000s system = 0.546875s CPU (8.1%)

RUN-1004 : used memory is 952 MB, reserved memory is 930 MB, peak memory is 1008 MB
RUN-1003 : finish command "download -bit SDRV4_0_Runs\phy_1\SDRV4_0.bit -mode jtag -spd 7 -sec 64 -cable 0" in  7.098597s wall, 0.281250s user + 0.421875s system = 0.703125s CPU (9.9%)

RUN-1004 : used memory is 952 MB, reserved memory is 930 MB, peak memory is 1008 MB
GUI-1001 : Download success!
PRG-9505 ERROR: USB device open error, please re-connect the USB cable!
PRG-9505 ERROR: USB device open error, please re-connect the USB cable!
PRG-9505 ERROR: USB device open error, please re-connect the USB cable!
PRG-9505 ERROR: USB device open error, please re-connect the USB cable!
