============================================================
   Tang Dynasty, V5.6.53426
   Copyright (c) 2012-2022 Anlogic
   Executable = D:/anlogic/TD5.6.1/bin/td.exe
   Built at =   19:26:25 Jun 10 2022
   Run by =     Spica
   Run Date =   Thu Jul  7 22:27:17 2022

   Run on =     LAPTOP-1TLPN50G
============================================================
RUN-1001 : open_run phy_1.
RUN-1002 : start command "import_db D:/jichuang/SDRV4_2_1/td/SDRV4_0_Runs/phy_1/SDRV4_0_pr.db"
RUN-1001 : Importing database generated by Tang Dynasty, V5.6.53426.
RUN-1001 : Database version number 46140.
RUN-1001 : Import flow parameters
PHY-1001 : Generate detailed routing grids ...
PHY-1001 : Generate nets ...
PHY-1001 : clock net CW_clk will be merged with clock PLL/clk0_buf
PHY-1001 : net QN8027_clk_dup_1 will be routed on clock mesh
PHY-1001 : clock net SWCLK_syn_4 will be merged with clock SWCLK_dup_1
PHY-1001 : net clk_in_dup_1 will be routed on clock mesh
PHY-1001 : clock net rgmii_rxc_syn_4 will be merged with clock rgmii_rxc_dup_1
PHY-1001 : clock net APBTube/ClkDiv/div_clk_syn_6 will be merged with clock APBTube/ClkDiv/div_clk
PHY-1001 : clock net APB_Keyboard/KeyToCol/rowcnt[1]_syn_10 will be merged with clock APB_Keyboard/KeyToCol/rowcnt[1]
PHY-1001 : clock net APB_Keyboard/KeyToCol/sa_clk_syn_6 will be merged with clock APB_Keyboard/KeyToCol/sa_clk
PHY-1001 : net differentiator/clk will be routed on clock mesh
PHY-1001 : clock net differentiator/filter/CLK_syn_10 will be merged with clock differentiator/filter/CLK
PHY-1001 : clock net ethernet/u1/gmii_rx_clk_in_syn_3 will be merged with clock ethernet/u1/gmii_rx_clk_in
PHY-1001 : clock net i2c/DUT_FIFO_TX/w_counter_n_syn_2 will be merged with clock i2c/DUT_FIFO_TX/w_counter_n
PHY-1001 : clock net ledwater/light_clk_syn_6 will be merged with clock ledwater/light_clk
PHY-1001 : net u_logic/SCLK will be routed on clock mesh
PHY-1001 : clock net u_spi_master/u_spictrl/u_clkgen/spi_clk_syn_2 will be merged with clock u_spi_master/u_spictrl/u_clkgen/spi_clk
PHY-1001 : eco open net = 0
PHY-1001 : 1246 feed throughs used by 870 nets
RUN-1001 : Import timing constraints
RUN-1001 : Import IO constraints
RUN-1001 : Import Inst constraints
RUN-1001 : Import design success TD_VERSION=5.6.53426 , DB_VERSION=46140
ARC-1002 : Mark IO location M12 as dedicate.
ARC-1002 : Mark IO location P12 as dedicate.
RUN-1003 : finish command "import_db D:/jichuang/SDRV4_2_1/td/SDRV4_0_Runs/phy_1/SDRV4_0_pr.db" in  12.052192s wall, 11.859375s user + 0.406250s system = 12.265625s CPU (101.8%)

RUN-1004 : used memory is 850 MB, reserved memory is 846 MB, peak memory is 901 MB
RUN-1002 : start command "report_timing"
RUN-1002 : start command "start_timer"
RUN-1003 : finish command "start_timer" in  1.630227s wall, 1.640625s user + 0.046875s system = 1.687500s CPU (103.5%)

RUN-1004 : used memory is 935 MB, reserved memory is 920 MB, peak memory is 935 MB
RUN-1002 : start command "end_timer"
RUN-1003 : finish command "report_timing" in  3.045595s wall, 2.968750s user + 0.109375s system = 3.078125s CPU (101.1%)

RUN-1004 : used memory is 900 MB, reserved memory is 887 MB, peak memory is 1010 MB
RUN-1002 : start command "download -bit SDRV4_0_Runs\phy_1\SDRV4_0.bit -mode jtag -spd 7 -sec 64 -cable 0"
PRG-2014 : Chip validation success: EAGLE_S20_BG256
RUN-1002 : start command "bit_to_vec -chip EAGLE_S20_BG256 -m jtag_burst -freq 4 -bit SDRV4_0_Runs/phy_1/SDRV4_0.bit"
RUN-1002 : start command "program -cable 0 -mode svf -spd 7 -p"
RUN-1003 : finish command "program -cable 0 -mode svf -spd 7 -p" in  6.786871s wall, 0.171875s user + 0.234375s system = 0.406250s CPU (6.0%)

RUN-1004 : used memory is 928 MB, reserved memory is 913 MB, peak memory is 1010 MB
RUN-1003 : finish command "download -bit SDRV4_0_Runs\phy_1\SDRV4_0.bit -mode jtag -spd 7 -sec 64 -cable 0" in  7.127799s wall, 0.250000s user + 0.265625s system = 0.515625s CPU (7.2%)

RUN-1004 : used memory is 928 MB, reserved memory is 913 MB, peak memory is 1010 MB
GUI-1001 : Download success!
RUN-1002 : start command "download -bit SDRV4_0_Runs\phy_1\SDRV4_0.bit -mode jtag -spd 7 -sec 64 -cable 0"
PRG-2014 : Chip validation success: EAGLE_S20_BG256
RUN-1002 : start command "bit_to_vec -chip EAGLE_S20_BG256 -m jtag_burst -freq 4 -bit SDRV4_0_Runs/phy_1/SDRV4_0.bit"
RUN-1002 : start command "program -cable 0 -mode svf -spd 7 -p"
RUN-1003 : finish command "program -cable 0 -mode svf -spd 7 -p" in  6.794327s wall, 0.140625s user + 0.171875s system = 0.312500s CPU (4.6%)

RUN-1004 : used memory is 929 MB, reserved memory is 914 MB, peak memory is 1010 MB
RUN-1003 : finish command "download -bit SDRV4_0_Runs\phy_1\SDRV4_0.bit -mode jtag -spd 7 -sec 64 -cable 0" in  7.118206s wall, 0.281250s user + 0.171875s system = 0.453125s CPU (6.4%)

RUN-1004 : used memory is 929 MB, reserved memory is 914 MB, peak memory is 1010 MB
GUI-1001 : Download success!
RUN-1002 : start command "download -bit SDRV4_0_Runs\phy_1\SDRV4_0.bit -mode jtag -spd 7 -sec 64 -cable 0"
PRG-2014 : Chip validation success: EAGLE_S20_BG256
RUN-1002 : start command "bit_to_vec -chip EAGLE_S20_BG256 -m jtag_burst -freq 4 -bit SDRV4_0_Runs/phy_1/SDRV4_0.bit"
RUN-1002 : start command "program -cable 0 -mode svf -spd 7 -p"
RUN-1003 : finish command "program -cable 0 -mode svf -spd 7 -p" in  6.801536s wall, 0.171875s user + 0.343750s system = 0.515625s CPU (7.6%)

RUN-1004 : used memory is 929 MB, reserved memory is 914 MB, peak memory is 1010 MB
RUN-1003 : finish command "download -bit SDRV4_0_Runs\phy_1\SDRV4_0.bit -mode jtag -spd 7 -sec 64 -cable 0" in  7.123211s wall, 0.296875s user + 0.390625s system = 0.687500s CPU (9.7%)

RUN-1004 : used memory is 929 MB, reserved memory is 914 MB, peak memory is 1010 MB
GUI-1001 : Download success!
RUN-1002 : start command "download -bit SDRV4_0_Runs\phy_1\SDRV4_0.bit -mode jtag -spd 7 -sec 64 -cable 0"
PRG-2014 : Chip validation success: EAGLE_S20_BG256
RUN-1002 : start command "bit_to_vec -chip EAGLE_S20_BG256 -m jtag_burst -freq 4 -bit SDRV4_0_Runs/phy_1/SDRV4_0.bit"
RUN-1002 : start command "program -cable 0 -mode svf -spd 7 -p"
RUN-1003 : finish command "program -cable 0 -mode svf -spd 7 -p" in  6.788420s wall, 0.140625s user + 0.375000s system = 0.515625s CPU (7.6%)

RUN-1004 : used memory is 929 MB, reserved memory is 914 MB, peak memory is 1010 MB
RUN-1003 : finish command "download -bit SDRV4_0_Runs\phy_1\SDRV4_0.bit -mode jtag -spd 7 -sec 64 -cable 0" in  7.110455s wall, 0.250000s user + 0.390625s system = 0.640625s CPU (9.0%)

RUN-1004 : used memory is 929 MB, reserved memory is 914 MB, peak memory is 1010 MB
GUI-1001 : Download success!
RUN-1002 : start command "download -bit SDRV4_0_Runs\phy_1\SDRV4_0.bit -mode jtag -spd 7 -sec 64 -cable 1"
PRG-2014 : Chip validation success: EAGLE_S20_BG256
RUN-1002 : start command "bit_to_vec -chip EAGLE_S20_BG256 -m jtag_burst -freq 4 -bit SDRV4_0_Runs/phy_1/SDRV4_0.bit"
RUN-1002 : start command "program -cable 1 -mode svf -spd 7 -p"
RUN-1003 : finish command "program -cable 1 -mode svf -spd 7 -p" in  6.775629s wall, 0.125000s user + 0.390625s system = 0.515625s CPU (7.6%)

RUN-1004 : used memory is 931 MB, reserved memory is 914 MB, peak memory is 1010 MB
RUN-1003 : finish command "download -bit SDRV4_0_Runs\phy_1\SDRV4_0.bit -mode jtag -spd 7 -sec 64 -cable 1" in  7.093189s wall, 0.234375s user + 0.421875s system = 0.656250s CPU (9.3%)

RUN-1004 : used memory is 931 MB, reserved memory is 914 MB, peak memory is 1010 MB
GUI-1001 : Download success!
RUN-1002 : start command "download -bit SDRV4_0_Runs\phy_1\SDRV4_0.bit -mode jtag -spd 7 -sec 64 -cable 0"
PRG-2014 : Chip validation success: EAGLE_S20_BG256
RUN-1002 : start command "bit_to_vec -chip EAGLE_S20_BG256 -m jtag_burst -freq 4 -bit SDRV4_0_Runs/phy_1/SDRV4_0.bit"
RUN-1002 : start command "program -cable 0 -mode svf -spd 7 -p"
RUN-1003 : finish command "program -cable 0 -mode svf -spd 7 -p" in  6.764006s wall, 0.234375s user + 0.468750s system = 0.703125s CPU (10.4%)

RUN-1004 : used memory is 275 MB, reserved memory is 929 MB, peak memory is 1010 MB
RUN-1003 : finish command "download -bit SDRV4_0_Runs\phy_1\SDRV4_0.bit -mode jtag -spd 7 -sec 64 -cable 0" in  7.104104s wall, 0.328125s user + 0.531250s system = 0.859375s CPU (12.1%)

RUN-1004 : used memory is 275 MB, reserved memory is 929 MB, peak memory is 1010 MB
GUI-1001 : Download success!
RUN-1002 : start command "download -bit SDRV4_0_Runs\phy_1\SDRV4_0.bit -mode jtag -spd 7 -sec 64 -cable 1"
PRG-2014 : Chip validation success: EAGLE_S20_BG256
RUN-1002 : start command "bit_to_vec -chip EAGLE_S20_BG256 -m jtag_burst -freq 4 -bit SDRV4_0_Runs/phy_1/SDRV4_0.bit"
RUN-1002 : start command "program -cable 1 -mode svf -spd 7 -p"
RUN-1003 : finish command "program -cable 1 -mode svf -spd 7 -p" in  6.774658s wall, 0.156250s user + 0.203125s system = 0.359375s CPU (5.3%)

RUN-1004 : used memory is 276 MB, reserved memory is 929 MB, peak memory is 1010 MB
RUN-1003 : finish command "download -bit SDRV4_0_Runs\phy_1\SDRV4_0.bit -mode jtag -spd 7 -sec 64 -cable 1" in  7.098891s wall, 0.250000s user + 0.218750s system = 0.468750s CPU (6.6%)

RUN-1004 : used memory is 276 MB, reserved memory is 929 MB, peak memory is 1010 MB
GUI-1001 : Download success!
RUN-1002 : start command "download -bit SDRV4_0_Runs\phy_1\SDRV4_0.bit -mode jtag -spd 7 -sec 64 -cable 1"
PRG-2014 : Chip validation success: EAGLE_S20_BG256
RUN-1002 : start command "bit_to_vec -chip EAGLE_S20_BG256 -m jtag_burst -freq 4 -bit SDRV4_0_Runs/phy_1/SDRV4_0.bit"
RUN-1002 : start command "program -cable 1 -mode svf -spd 7 -p"
RUN-1003 : finish command "program -cable 1 -mode svf -spd 7 -p" in  6.766208s wall, 0.171875s user + 0.109375s system = 0.281250s CPU (4.2%)

RUN-1004 : used memory is 277 MB, reserved memory is 929 MB, peak memory is 1010 MB
RUN-1003 : finish command "download -bit SDRV4_0_Runs\phy_1\SDRV4_0.bit -mode jtag -spd 7 -sec 64 -cable 1" in  7.091715s wall, 0.296875s user + 0.125000s system = 0.421875s CPU (5.9%)

RUN-1004 : used memory is 277 MB, reserved memory is 929 MB, peak memory is 1010 MB
GUI-1001 : Download success!
RUN-1002 : start command "download -bit SDRV4_0_Runs\phy_1\SDRV4_0.bit -mode jtag -spd 7 -sec 64 -cable 1"
PRG-2014 : Chip validation success: EAGLE_S20_BG256
RUN-1002 : start command "bit_to_vec -chip EAGLE_S20_BG256 -m jtag_burst -freq 4 -bit SDRV4_0_Runs/phy_1/SDRV4_0.bit"
RUN-1002 : start command "program -cable 1 -mode svf -spd 7 -p"
RUN-1003 : finish command "program -cable 1 -mode svf -spd 7 -p" in  6.749279s wall, 0.140625s user + 0.156250s system = 0.296875s CPU (4.4%)

RUN-1004 : used memory is 278 MB, reserved memory is 929 MB, peak memory is 1010 MB
RUN-1003 : finish command "download -bit SDRV4_0_Runs\phy_1\SDRV4_0.bit -mode jtag -spd 7 -sec 64 -cable 1" in  7.069396s wall, 0.250000s user + 0.171875s system = 0.421875s CPU (6.0%)

RUN-1004 : used memory is 278 MB, reserved memory is 929 MB, peak memory is 1010 MB
GUI-1001 : Download success!
RUN-1002 : start command "download -bit SDRV4_0_Runs\phy_1\SDRV4_0.bit -mode jtag -spd 7 -sec 64 -cable 1"
PRG-2014 : Chip validation success: EAGLE_S20_BG256
RUN-1002 : start command "bit_to_vec -chip EAGLE_S20_BG256 -m jtag_burst -freq 4 -bit SDRV4_0_Runs/phy_1/SDRV4_0.bit"
RUN-1002 : start command "program -cable 1 -mode svf -spd 7 -p"
RUN-1003 : finish command "program -cable 1 -mode svf -spd 7 -p" in  6.751093s wall, 0.156250s user + 0.218750s system = 0.375000s CPU (5.6%)

RUN-1004 : used memory is 278 MB, reserved memory is 929 MB, peak memory is 1010 MB
RUN-1003 : finish command "download -bit SDRV4_0_Runs\phy_1\SDRV4_0.bit -mode jtag -spd 7 -sec 64 -cable 1" in  7.070822s wall, 0.296875s user + 0.250000s system = 0.546875s CPU (7.7%)

RUN-1004 : used memory is 278 MB, reserved memory is 929 MB, peak memory is 1010 MB
GUI-1001 : Download success!
RUN-1002 : start command "download -bit SDRV4_0_Runs\phy_1\SDRV4_0.bit -mode jtag -spd 7 -sec 64 -cable 1"
PRG-2014 : Chip validation success: EAGLE_S20_BG256
RUN-1002 : start command "bit_to_vec -chip EAGLE_S20_BG256 -m jtag_burst -freq 4 -bit SDRV4_0_Runs/phy_1/SDRV4_0.bit"
RUN-1002 : start command "program -cable 1 -mode svf -spd 7 -p"
RUN-1003 : finish command "program -cable 1 -mode svf -spd 7 -p" in  6.765139s wall, 0.187500s user + 0.250000s system = 0.437500s CPU (6.5%)

RUN-1004 : used memory is 279 MB, reserved memory is 930 MB, peak memory is 1010 MB
RUN-1003 : finish command "download -bit SDRV4_0_Runs\phy_1\SDRV4_0.bit -mode jtag -spd 7 -sec 64 -cable 1" in  7.084121s wall, 0.312500s user + 0.265625s system = 0.578125s CPU (8.2%)

RUN-1004 : used memory is 279 MB, reserved memory is 930 MB, peak memory is 1010 MB
GUI-1001 : Download success!
RUN-1001 : reset_run syn_1 phy_1.
RUN-6001 WARNING: Failed to reset phy_1: some files can't be removed in D:/jichuang/SDRV4_2_1/td/SDRV4_0_Runs/phy_1
GUI-6001 WARNING: File D:/jichuang/SDRV4_2_1/td/SDRV4_0_Runs/phy_1/SDRV4_0.bit does not exist!
RUN-1001 : launch_runs syn_1 phy_1  -jobs 6.
RUN-1001 : syn_1: run complete.
RUN-1001 : phy_1: run complete.
RUN-1001 : open_run phy_1.
RUN-1002 : start command "import_db D:/jichuang/SDRV4_2_1/td/SDRV4_0_Runs/phy_1/SDRV4_0_pr.db"
RUN-1001 : Importing database generated by Tang Dynasty, V5.6.53426.
RUN-1001 : Database version number 46140.
RUN-1001 : Import flow parameters
PHY-1001 : Generate detailed routing grids ...
PHY-1001 : Generate nets ...
PHY-1001 : clock net CW_clk will be merged with clock PLL/clk0_buf
PHY-1001 : net QN8027_clk_dup_1 will be routed on clock mesh
PHY-1001 : clock net SWCLK_syn_4 will be merged with clock SWCLK_dup_1
PHY-1001 : net clk_in_dup_1 will be routed on clock mesh
PHY-1001 : clock net rgmii_rxc_syn_4 will be merged with clock rgmii_rxc_dup_1
PHY-1001 : clock net APBTube/ClkDiv/div_clk_syn_6 will be merged with clock APBTube/ClkDiv/div_clk
PHY-1001 : clock net APB_Keyboard/KeyToCol/rowcnt[1]_syn_10 will be merged with clock APB_Keyboard/KeyToCol/rowcnt[1]
PHY-1001 : clock net APB_Keyboard/KeyToCol/sa_clk_syn_6 will be merged with clock APB_Keyboard/KeyToCol/sa_clk
PHY-1001 : net differentiator/clk will be routed on clock mesh
PHY-1001 : clock net differentiator/filter/CLK_syn_10 will be merged with clock differentiator/filter/CLK
PHY-1001 : clock net ethernet/u1/gmii_rx_clk_in_syn_3 will be merged with clock ethernet/u1/gmii_rx_clk_in
PHY-1001 : clock net i2c/DUT_FIFO_TX/w_counter_n_syn_2 will be merged with clock i2c/DUT_FIFO_TX/w_counter_n
PHY-1001 : clock net ledwater/light_clk_syn_6 will be merged with clock ledwater/light_clk
PHY-1001 : net u_logic/SCLK will be routed on clock mesh
PHY-1001 : clock net u_spi_master/u_spictrl/u_clkgen/spi_clk_syn_2 will be merged with clock u_spi_master/u_spictrl/u_clkgen/spi_clk
PHY-1001 : eco open net = 0
PHY-1001 : 1251 feed throughs used by 872 nets
RUN-1001 : Import timing constraints
RUN-1001 : Import IO constraints
RUN-1001 : Import Inst constraints
RUN-1001 : Import design success TD_VERSION=5.6.53426 , DB_VERSION=46140
ARC-1002 : Mark IO location M12 as dedicate.
ARC-1002 : Mark IO location P12 as dedicate.
RUN-1003 : finish command "import_db D:/jichuang/SDRV4_2_1/td/SDRV4_0_Runs/phy_1/SDRV4_0_pr.db" in  9.822798s wall, 8.890625s user + 1.234375s system = 10.125000s CPU (103.1%)

RUN-1004 : used memory is 896 MB, reserved memory is 964 MB, peak memory is 1010 MB
RUN-1002 : start command "report_timing"
RUN-1002 : start command "start_timer"
RUN-1003 : finish command "start_timer" in  1.708250s wall, 1.765625s user + 0.031250s system = 1.796875s CPU (105.2%)

RUN-1004 : used memory is 929 MB, reserved memory is 996 MB, peak memory is 1010 MB
RUN-1002 : start command "end_timer"
RUN-1003 : finish command "report_timing" in  3.174426s wall, 3.140625s user + 0.171875s system = 3.312500s CPU (104.3%)

RUN-1004 : used memory is 924 MB, reserved memory is 993 MB, peak memory is 1010 MB
RUN-1002 : start command "download -bit SDRV4_0_Runs\phy_1\SDRV4_0.bit -mode jtag -spd 7 -sec 64 -cable 0"
PRG-2014 : Chip validation success: EAGLE_S20_BG256
RUN-1002 : start command "bit_to_vec -chip EAGLE_S20_BG256 -m jtag_burst -freq 4 -bit SDRV4_0_Runs/phy_1/SDRV4_0.bit"
RUN-1002 : start command "program -cable 0 -mode svf -spd 7 -p"
RUN-1003 : finish command "program -cable 0 -mode svf -spd 7 -p" in  6.738973s wall, 0.187500s user + 0.156250s system = 0.343750s CPU (5.1%)

RUN-1004 : used memory is 924 MB, reserved memory is 978 MB, peak memory is 1010 MB
RUN-1003 : finish command "download -bit SDRV4_0_Runs\phy_1\SDRV4_0.bit -mode jtag -spd 7 -sec 64 -cable 0" in  7.073698s wall, 0.296875s user + 0.171875s system = 0.468750s CPU (6.6%)

RUN-1004 : used memory is 924 MB, reserved memory is 978 MB, peak memory is 1010 MB
GUI-1001 : Download success!
RUN-1002 : start command "download -bit SDRV4_0_Runs\phy_1\SDRV4_0.bit -mode jtag -spd 7 -sec 64 -cable 0"
PRG-2014 : Chip validation success: EAGLE_S20_BG256
RUN-1002 : start command "bit_to_vec -chip EAGLE_S20_BG256 -m jtag_burst -freq 4 -bit SDRV4_0_Runs/phy_1/SDRV4_0.bit"
RUN-1002 : start command "program -cable 0 -mode svf -spd 7 -p"
RUN-1003 : finish command "program -cable 0 -mode svf -spd 7 -p" in  6.863918s wall, 0.234375s user + 0.500000s system = 0.734375s CPU (10.7%)

RUN-1004 : used memory is 928 MB, reserved memory is 981 MB, peak memory is 1010 MB
RUN-1003 : finish command "download -bit SDRV4_0_Runs\phy_1\SDRV4_0.bit -mode jtag -spd 7 -sec 64 -cable 0" in  7.267957s wall, 0.437500s user + 0.562500s system = 1.000000s CPU (13.8%)

RUN-1004 : used memory is 928 MB, reserved memory is 981 MB, peak memory is 1010 MB
GUI-1001 : Download success!
