============================================================
   Tang Dynasty, V5.6.53426
   Copyright (c) 2012-2022 Anlogic
   Executable = D:/TD/bin/td.exe
   Built at =   19:26:25 Jun 10 2022
   Run by =     Teriia
   Run Date =   Sat Jul  2 19:38:06 2022

   Run on =     DESKTOP-ND05MAH
============================================================
RUN-1001 : open_run phy_1.
RUN-1002 : start command "import_db D:/Project/anlogic/SDRV4_1_1/td/SDRV4_0_Runs/phy_1/SDRV4_0_pr.db"
RUN-1001 : Importing database generated by Tang Dynasty, V5.6.53426.
RUN-1001 : Database version number 46140.
RUN-1001 : Import flow parameters
PHY-1001 : Generate detailed routing grids ...
PHY-1001 : Generate nets ...
PHY-1001 : clock net CW_clk will be merged with clock PLL/clk0_buf
PHY-1001 : net QN8027_clk_dup_1 will be routed on clock mesh
PHY-1001 : clock net SWCLK_syn_4 will be merged with clock SWCLK_dup_1
PHY-1001 : net clk_in_dup_1 will be routed on clock mesh
PHY-1001 : clock net rgmii_rxc_syn_4 will be merged with clock rgmii_rxc_dup_1
PHY-1001 : clock net APBTube/ClkDiv/div_clk_syn_6 will be merged with clock APBTube/ClkDiv/div_clk
PHY-1001 : clock net APB_Keyboard/KeyToCol/rowcnt[1]_syn_10 will be merged with clock APB_Keyboard/KeyToCol/rowcnt[1]
PHY-1001 : clock net APB_Keyboard/KeyToCol/sa_clk_syn_6 will be merged with clock APB_Keyboard/KeyToCol/sa_clk
PHY-1001 : net differentiator/clk will be routed on clock mesh
PHY-1001 : clock net differentiator/filter/CLK_syn_10 will be merged with clock differentiator/filter/CLK
PHY-1001 : clock net i2c/DUT_FIFO_TX/w_counter_n_syn_2 will be merged with clock i2c/DUT_FIFO_TX/w_counter_n
PHY-1001 : net u_logic/SCLK will be routed on clock mesh
PHY-1001 : clock net u_spi_master/u_spictrl/u_clkgen/spi_clk_syn_2 will be merged with clock u_spi_master/u_spictrl/u_clkgen/spi_clk
PHY-1001 : eco open net = 0
PHY-1001 : 1303 feed throughs used by 943 nets
RUN-1001 : Import timing constraints
RUN-1001 : Import IO constraints
RUN-1001 : Import Inst constraints
RUN-1001 : Import design success TD_VERSION=5.6.53426 , DB_VERSION=46140
ARC-1002 : Mark IO location M12 as dedicate.
ARC-1002 : Mark IO location P12 as dedicate.
RUN-1003 : finish command "import_db D:/Project/anlogic/SDRV4_1_1/td/SDRV4_0_Runs/phy_1/SDRV4_0_pr.db" in  10.316614s wall, 9.750000s user + 0.593750s system = 10.343750s CPU (100.3%)

RUN-1004 : used memory is 881 MB, reserved memory is 850 MB, peak memory is 933 MB
RUN-1002 : start command "report_timing"
RUN-1002 : start command "start_timer"
RUN-1003 : finish command "start_timer" in  1.411411s wall, 1.312500s user + 0.140625s system = 1.453125s CPU (103.0%)

RUN-1004 : used memory is 965 MB, reserved memory is 921 MB, peak memory is 965 MB
RUN-1002 : start command "end_timer"
RUN-1003 : finish command "report_timing" in  2.661745s wall, 2.500000s user + 0.218750s system = 2.718750s CPU (102.1%)

RUN-1004 : used memory is 930 MB, reserved memory is 890 MB, peak memory is 1040 MB
HDL-1007 : analyze verilog file ../rtl/Block_RAM.v
HDL-1007 : analyze verilog file ../rtl/ethernet/Ethernet_TX.v
RUN-1001 : Print Global Property
RUN-1001 : ---------------------------------------------------------------
RUN-1001 :        Parameters        |  Settings  |  Default Values  |  Note  
RUN-1001 : ---------------------------------------------------------------
RUN-1001 :          message         |  standard  |     standard     |        
RUN-1001 :   mixed_pack_place_flow  |     on     |        on        |        
RUN-1001 :        syn_ip_flow       |    off     |       off        |        
RUN-1001 :          thread          |    auto    |       auto       |        
RUN-1001 : ---------------------------------------------------------------
RUN-1001 : Print Design Property
RUN-1001 : --------------------------------------------------------------
RUN-1001 :        Parameters       |  Settings  |  Default Values  |  Note  
RUN-1001 : --------------------------------------------------------------
RUN-1001 :   default_reg_initial   |    auto    |       auto       |        
RUN-1001 :        infer_add        |     on     |        on        |        
RUN-1001 :        infer_fsm        |    off     |       off        |        
RUN-1001 :        infer_mult       |     on     |        on        |        
RUN-1001 :        infer_ram        |     on     |        on        |        
RUN-1001 :        infer_reg        |     on     |        on        |        
RUN-1001 :   infer_reg_init_value  |     on     |        on        |        
RUN-1001 :        infer_rom        |     on     |        on        |        
RUN-1001 :      infer_shifter      |     on     |        on        |        
RUN-1001 : --------------------------------------------------------------
RUN-1001 : Print Rtl Property
RUN-1001 : --------------------------------------------------------------
RUN-1001 :        Parameters       |  Settings  |  Default Values  |  Note  
RUN-1001 : --------------------------------------------------------------
RUN-1001 :       compress_add      |   ripple   |      ripple      |        
RUN-1001 :        elf_sload        |    off     |       off        |        
RUN-1001 :       fix_undriven      |     0      |        0         |        
RUN-1001 :         flatten         |    off     |       off        |        
RUN-1001 :       gate_sharing      |     on     |        on        |        
RUN-1001 :    hdl_warning_level    |   normal   |      normal      |        
RUN-1001 :   impl_internal_tribuf  |     on     |        on        |        
RUN-1001 :      impl_set_reset     |     on     |        on        |        
RUN-1001 :        infer_gsr        |    off     |       off        |        
RUN-1001 :      keep_hierarchy     |    auto    |       auto       |        
RUN-1001 :        max_fanout       |    9999    |       9999       |        
RUN-1001 :      max_oh2bin_len     |     10     |        10        |        
RUN-1001 :       merge_equal       |     on     |        on        |        
RUN-1001 :       merge_equiv       |     on     |        on        |        
RUN-1001 :        merge_mux        |    off     |       off        |        
RUN-1001 :     min_control_set     |     8      |        8         |        
RUN-1001 :      min_ripple_len     |    auto    |       auto       |        
RUN-1001 :       oh2bin_ratio      |    0.08    |       0.08       |        
RUN-1001 :     opt_adder_fanout    |     on     |        on        |        
RUN-1001 :        opt_arith        |     on     |        on        |        
RUN-1001 :       opt_big_gate      |    off     |       off        |        
RUN-1001 :        opt_const        |     on     |        on        |        
RUN-1001 :      opt_const_mult     |     on     |        on        |        
RUN-1001 :       opt_lessthan      |     on     |        on        |        
RUN-1001 :         opt_mux         |    off     |       off        |        
RUN-1001 :         opt_ram         |    high    |       high       |        
RUN-1001 :      rtl_sim_model      |    off     |       off        |        
RUN-1001 :         seq_syn         |     on     |        on        |        
RUN-1001 : --------------------------------------------------------------
HDL-1007 : analyze verilog file ../rtl/ip/fifo8in.v
HDL-1007 : analyze verilog file ../rtl/AHBlite_Block_RAM.v
HDL-1007 : analyze verilog file ../rtl/APB/cmsdk_ahb_to_apb.v
HDL-1007 : analyze verilog file ../rtl/APB/cmsdk_apb_slave_mux.v
HDL-1007 : analyze verilog file ../rtl/APB_SPI_MASTER/apb_spi_master.sv
HDL-1007 : analyze verilog file ../rtl/APB_SPI_MASTER/spi_master_apb_if.sv
HDL-1007 : analyze verilog file ../rtl/APB_SPI_MASTER/spi_master_clkgen.sv
HDL-1007 : analyze verilog file ../rtl/APB_SPI_MASTER/spi_master_controller.sv
HDL-1007 : analyze verilog file ../rtl/APB_SPI_MASTER/spi_master_fifo.sv
HDL-1007 : analyze verilog file ../rtl/APB_SPI_MASTER/spi_master_rx.sv
HDL-1007 : analyze verilog file ../rtl/APB_SPI_MASTER/spi_master_tx.sv
HDL-1007 : analyze verilog file ../rtl/Block_RAM.v
HDL-1007 : analyze verilog file ../rtl/Buzzer/APB_BDMAC.v
HDL-1007 : analyze verilog file ../rtl/Buzzer/AddrCnt.v
HDL-1007 : analyze verilog file ../rtl/Buzzer/BDMA.v
HDL-1007 : analyze verilog file ../rtl/Buzzer/BeatCnt.v
HDL-1007 : analyze verilog file ../rtl/Buzzer/BeatDecoder.v
HDL-1007 : analyze verilog file ../rtl/Buzzer/Buzzer.v
HDL-1007 : analyze verilog file ../rtl/Buzzer/BuzzerCtr.v
HDL-1007 : analyze verilog file ../rtl/Buzzer/TuneDecoder.v
HDL-1007 : analyze verilog file ../rtl/Buzzer/TunePWM.v
HDL-1007 : analyze verilog file ../rtl/FIFO_synq.v
HDL-1007 : analyze verilog file ../rtl/I2C/apb.v
HDL-1007 : analyze verilog file ../rtl/I2C/fifo.v
HDL-1007 : analyze verilog file ../rtl/I2C/i2c.v
HDL-1007 : analyze verilog file ../rtl/I2C/module_i2c.v
HDL-1007 : analyze verilog file ../rtl/Keyboard/APB_Keyboard.v
HDL-1007 : analyze verilog file ../rtl/Keyboard/KeyToCol.v
HDL-1007 : analyze verilog file ../rtl/LCD_printer/AHB_FIFO_Interface.v
HDL-1007 : analyze verilog file ../rtl/LCD_printer/Block_ROM_init_data.v
HDL-1007 : analyze verilog file ../rtl/LCD_printer/Block_ROM_init_sign.v
HDL-1007 : analyze verilog file ../rtl/LCD_printer/Interface_9341.v
HDL-1007 : analyze verilog file ../rtl/LCD_printer/LCD_ini.v
HDL-1007 : analyze verilog file ../rtl/LCD_printer/Printer.v
HDL-1007 : analyze verilog file ../rtl/LCD_printer/Printer_ctr.v
HDL-1007 : analyze verilog file ../rtl/PWM.v
HDL-1007 : analyze verilog file ../rtl/RealTankSoCBusMtx/RealTankSoCBusArbM0.v
HDL-1007 : analyze verilog file ../rtl/RealTankSoCBusMtx/RealTankSoCBusArbM1.v
HDL-1007 : analyze verilog file ../rtl/RealTankSoCBusMtx/RealTankSoCBusArbM2.v
HDL-1007 : analyze verilog file ../rtl/RealTankSoCBusMtx/RealTankSoCBusArbM3.v
HDL-1007 : analyze verilog file ../rtl/RealTankSoCBusMtx/RealTankSoCBusDecS0.v
HDL-1007 : analyze verilog file ../rtl/RealTankSoCBusMtx/RealTankSoCBusDecS1.v
HDL-1007 : analyze verilog file ../rtl/RealTankSoCBusMtx/RealTankSoCBusDecS2.v
HDL-1007 : analyze verilog file ../rtl/RealTankSoCBusMtx/RealTankSoCBusDecS3.v
HDL-1007 : analyze verilog file ../rtl/RealTankSoCBusMtx/RealTankSoCBusIn.v
HDL-5007 WARNING: macro 'TRN_IDLE' is redefined in ../rtl/RealTankSoCBusMtx/RealTankSoCBusIn.v(117)
HDL-5007 WARNING: macro 'TRN_BUSY' is redefined in ../rtl/RealTankSoCBusMtx/RealTankSoCBusIn.v(118)
HDL-5007 WARNING: macro 'TRN_NONSEQ' is redefined in ../rtl/RealTankSoCBusMtx/RealTankSoCBusIn.v(119)
HDL-5007 WARNING: macro 'TRN_SEQ' is redefined in ../rtl/RealTankSoCBusMtx/RealTankSoCBusIn.v(120)
HDL-5007 WARNING: macro 'BUR_SINGLE' is redefined in ../rtl/RealTankSoCBusMtx/RealTankSoCBusIn.v(123)
HDL-5007 WARNING: macro 'BUR_INCR' is redefined in ../rtl/RealTankSoCBusMtx/RealTankSoCBusIn.v(124)
HDL-5007 WARNING: macro 'BUR_WRAP4' is redefined in ../rtl/RealTankSoCBusMtx/RealTankSoCBusIn.v(125)
HDL-5007 WARNING: macro 'BUR_INCR4' is redefined in ../rtl/RealTankSoCBusMtx/RealTankSoCBusIn.v(126)
HDL-5007 WARNING: macro 'BUR_WRAP8' is redefined in ../rtl/RealTankSoCBusMtx/RealTankSoCBusIn.v(127)
HDL-5007 WARNING: macro 'BUR_INCR8' is redefined in ../rtl/RealTankSoCBusMtx/RealTankSoCBusIn.v(128)
HDL-5007 Similar messages will be suppressed.
HDL-1007 : analyze verilog file ../rtl/RealTankSoCBusMtx/RealTankSoCBusMtx.v
HDL-1007 : analyze verilog file ../rtl/RealTankSoCBusMtx/RealTankSoCBusMtx_default_slave.v
HDL-1007 : analyze verilog file ../rtl/RealTankSoCBusMtx/RealTankSoCBusOutM0.v
HDL-1007 : analyze verilog file ../rtl/RealTankSoCBusMtx/RealTankSoCBusOutM1.v
HDL-1007 : analyze verilog file ../rtl/RealTankSoCBusMtx/RealTankSoCBusOutM2.v
HDL-1007 : analyze verilog file ../rtl/RealTankSoCBusMtx/RealTankSoCBusOutM3.v
HDL-1007 : analyze verilog file ../rtl/SDR_Pad.v
HDL-1007 : undeclared symbol 'BDMAC_READY', assumed default net type 'wire' in ../rtl/SDR_Pad.v(696)
HDL-1007 : undeclared symbol 'clk_lock', assumed default net type 'wire' in ../rtl/SDR_Pad.v(1158)
HDL-1007 : analyze verilog file ../rtl/SNR/SNR_interface.v
HDL-1007 : undeclared symbol 'apb_read', assumed default net type 'wire' in ../rtl/SNR/SNR_interface.v(23)
HDL-1007 : analyze verilog file ../rtl/SNR/SNR_reader.v
HDL-1007 : analyze verilog file ../rtl/Timer.v
HDL-1007 : analyze verilog file ../rtl/Tube/APBTube.v
HDL-1007 : analyze verilog file ../rtl/Tube/ClkDiv.v
HDL-1007 : analyze verilog file ../rtl/Tube/DigSel.v
HDL-1007 : analyze verilog file ../rtl/Tube/SSeg.v
HDL-1007 : analyze verilog file ../rtl/UART/cmsdk_apb_uart.v
HDL-1007 : analyze verilog file ../rtl/cortexm0ds_logic.v
HDL-1007 : analyze verilog file ../rtl/differentiator01.v
HDL-1007 : analyze verilog file ../rtl/filter.v
HDL-1007 : analyze verilog file ../rtl/tune_detector/RSSI_interface.v
HDL-1007 : analyze verilog file ../rtl/tune_detector/RSSI_reader.v
HDL-1007 : analyze verilog file ../rtl/ip/ADC.v
HDL-1007 : analyze verilog file ../rtl/ip/PLL.v
HDL-1007 : undeclared symbol 'open', assumed default net type 'wire' in ../rtl/ip/PLL.v(96)
HDL-1007 : analyze verilog file ../rtl/ethernet/CRC32_D8.v
HDL-1007 : analyze verilog file ../rtl/ethernet/Ethernet_TX.v
HDL-1007 : analyze verilog file ../rtl/ethernet/apb_ethernet.v
HDL-1007 : analyze verilog file ../rtl/ethernet/ethernet.v
HDL-1007 : analyze verilog file ../rtl/ethernet/gmii2rgmii.v
HDL-1007 : analyze verilog file ../rtl/ip/iddr.v
HDL-1007 : analyze verilog file ../rtl/ip/oddr.v
HDL-1007 : analyze verilog file ../rtl/ethernet/counter_test.v
RUN-1001 : reset_run syn_1 phy_1.
RUN-6001 WARNING: Failed to reset phy_1: some files can't be removed in D:/Project/anlogic/SDRV4_1_1/td/SDRV4_0_Runs/phy_1
RUN-1001 : launch_runs syn_1 phy_1  -jobs 6.
RUN-1001 : syn_1: run complete.
RUN-1001 : phy_1: run complete.
RUN-1001 : open_run phy_1.
RUN-1002 : start command "import_db D:/Project/anlogic/SDRV4_1_1/td/SDRV4_0_Runs/phy_1/SDRV4_0_pr.db"
RUN-1001 : Importing database generated by Tang Dynasty, V5.6.53426.
RUN-1001 : Database version number 46140.
RUN-1001 : Import flow parameters
PHY-1001 : Generate detailed routing grids ...
PHY-1001 : Generate nets ...
PHY-1001 : clock net CW_clk will be merged with clock PLL/clk0_buf
PHY-1001 : net QN8027_clk_dup_1 will be routed on clock mesh
PHY-1001 : clock net SWCLK_syn_4 will be merged with clock SWCLK_dup_1
PHY-1001 : net clk_in_dup_1 will be routed on clock mesh
PHY-1001 : clock net rgmii_rxc_syn_4 will be merged with clock rgmii_rxc_dup_1
PHY-1001 : clock net APBTube/ClkDiv/div_clk_syn_6 will be merged with clock APBTube/ClkDiv/div_clk
PHY-1001 : clock net APB_Keyboard/KeyToCol/rowcnt[1]_syn_10 will be merged with clock APB_Keyboard/KeyToCol/rowcnt[1]
PHY-1001 : clock net APB_Keyboard/KeyToCol/sa_clk_syn_6 will be merged with clock APB_Keyboard/KeyToCol/sa_clk
PHY-1001 : net differentiator/clk will be routed on clock mesh
PHY-1001 : clock net differentiator/filter/CLK_syn_10 will be merged with clock differentiator/filter/CLK
PHY-1001 : clock net i2c/DUT_FIFO_TX/w_counter_n_syn_2 will be merged with clock i2c/DUT_FIFO_TX/w_counter_n
PHY-1001 : net u_logic/SCLK will be routed on clock mesh
PHY-1001 : clock net u_spi_master/u_spictrl/u_clkgen/spi_clk_syn_2 will be merged with clock u_spi_master/u_spictrl/u_clkgen/spi_clk
PHY-1001 : eco open net = 0
PHY-1001 : 1464 feed throughs used by 952 nets
RUN-1001 : Import timing constraints
RUN-1001 : Import IO constraints
RUN-1001 : Import Inst constraints
RUN-1001 : Import design success TD_VERSION=5.6.53426 , DB_VERSION=46140
ARC-1002 : Mark IO location M12 as dedicate.
ARC-1002 : Mark IO location P12 as dedicate.
RUN-1003 : finish command "import_db D:/Project/anlogic/SDRV4_1_1/td/SDRV4_0_Runs/phy_1/SDRV4_0_pr.db" in  8.081990s wall, 7.734375s user + 0.359375s system = 8.093750s CPU (100.1%)

RUN-1004 : used memory is 975 MB, reserved memory is 934 MB, peak memory is 1040 MB
RUN-1002 : start command "report_timing"
RUN-1002 : start command "start_timer"
RUN-1003 : finish command "start_timer" in  1.465551s wall, 1.359375s user + 0.093750s system = 1.453125s CPU (99.2%)

RUN-1004 : used memory is 1025 MB, reserved memory is 986 MB, peak memory is 1040 MB
RUN-1002 : start command "end_timer"
RUN-1003 : finish command "report_timing" in  2.784558s wall, 2.640625s user + 0.125000s system = 2.765625s CPU (99.3%)

RUN-1004 : used memory is 1012 MB, reserved memory is 980 MB, peak memory is 1096 MB
RUN-1002 : start command "download -bit SDRV4_0_Runs\phy_1\SDRV4_0.bit -mode jtag -spd 7 -sec 64 -cable 0"
PRG-2014 : Chip validation success: EAGLE_S20_BG256
RUN-1002 : start command "bit_to_vec -chip EAGLE_S20_BG256 -m jtag_burst -freq 4 -bit SDRV4_0_Runs/phy_1/SDRV4_0.bit"
RUN-1002 : start command "program -cable 0 -mode svf -spd 7 -p"
RUN-1003 : finish command "program -cable 0 -mode svf -spd 7 -p" in  6.656042s wall, 0.140625s user + 0.109375s system = 0.250000s CPU (3.8%)

RUN-1004 : used memory is 1039 MB, reserved memory is 1005 MB, peak memory is 1096 MB
RUN-1003 : finish command "download -bit SDRV4_0_Runs\phy_1\SDRV4_0.bit -mode jtag -spd 7 -sec 64 -cable 0" in  6.991229s wall, 0.265625s user + 0.109375s system = 0.375000s CPU (5.4%)

RUN-1004 : used memory is 1039 MB, reserved memory is 1005 MB, peak memory is 1096 MB
GUI-1001 : Download success!
HDL-1007 : analyze verilog file ../rtl/ethernet/Ethernet_TX.v
RUN-1001 : reset_run syn_1 phy_1.
GUI-6001 WARNING: File D:/Project/anlogic/SDRV4_1_1/td/SDRV4_0_Runs/phy_1/SDRV4_0.bit does not exist!
RUN-1001 : launch_runs syn_1 phy_1  -jobs 6.
RUN-1001 : syn_1: run complete.
RUN-1001 : phy_1: run complete.
RUN-1001 : open_run phy_1.
RUN-1002 : start command "import_db D:/Project/anlogic/SDRV4_1_1/td/SDRV4_0_Runs/phy_1/SDRV4_0_pr.db"
RUN-1001 : Importing database generated by Tang Dynasty, V5.6.53426.
RUN-1001 : Database version number 46140.
RUN-1001 : Import flow parameters
PHY-1001 : Generate detailed routing grids ...
PHY-1001 : Generate nets ...
PHY-1001 : clock net CW_clk will be merged with clock PLL/clk0_buf
PHY-1001 : net QN8027_clk_dup_1 will be routed on clock mesh
PHY-1001 : clock net SWCLK_syn_4 will be merged with clock SWCLK_dup_1
PHY-1001 : net clk_in_dup_1 will be routed on clock mesh
PHY-1001 : clock net rgmii_rxc_syn_4 will be merged with clock rgmii_rxc_dup_1
PHY-1001 : clock net APBTube/ClkDiv/div_clk_syn_6 will be merged with clock APBTube/ClkDiv/div_clk
PHY-1001 : clock net APB_Keyboard/KeyToCol/rowcnt[1]_syn_10 will be merged with clock APB_Keyboard/KeyToCol/rowcnt[1]
PHY-1001 : clock net APB_Keyboard/KeyToCol/sa_clk_syn_6 will be merged with clock APB_Keyboard/KeyToCol/sa_clk
PHY-1001 : net differentiator/clk will be routed on clock mesh
PHY-1001 : clock net differentiator/filter/CLK_syn_10 will be merged with clock differentiator/filter/CLK
PHY-1001 : clock net i2c/DUT_FIFO_TX/w_counter_n_syn_2 will be merged with clock i2c/DUT_FIFO_TX/w_counter_n
PHY-1001 : net u_logic/SCLK will be routed on clock mesh
PHY-1001 : clock net u_spi_master/u_spictrl/u_clkgen/spi_clk_syn_2 will be merged with clock u_spi_master/u_spictrl/u_clkgen/spi_clk
PHY-1001 : eco open net = 0
PHY-1001 : 1255 feed throughs used by 866 nets
RUN-1001 : Import timing constraints
RUN-1001 : Import IO constraints
RUN-1001 : Import Inst constraints
RUN-1001 : Import design success TD_VERSION=5.6.53426 , DB_VERSION=46140
ARC-1002 : Mark IO location M12 as dedicate.
ARC-1002 : Mark IO location P12 as dedicate.
RUN-1003 : finish command "import_db D:/Project/anlogic/SDRV4_1_1/td/SDRV4_0_Runs/phy_1/SDRV4_0_pr.db" in  8.360591s wall, 8.015625s user + 0.437500s system = 8.453125s CPU (101.1%)

RUN-1004 : used memory is 1015 MB, reserved memory is 979 MB, peak memory is 1096 MB
RUN-1002 : start command "report_timing"
RUN-1002 : start command "start_timer"
RUN-1003 : finish command "start_timer" in  1.445850s wall, 1.375000s user + 0.093750s system = 1.468750s CPU (101.6%)

RUN-1004 : used memory is 1058 MB, reserved memory is 1023 MB, peak memory is 1096 MB
RUN-1002 : start command "end_timer"
RUN-1003 : finish command "report_timing" in  2.753241s wall, 2.609375s user + 0.203125s system = 2.812500s CPU (102.2%)

RUN-1004 : used memory is 1050 MB, reserved memory is 1022 MB, peak memory is 1128 MB
RUN-1002 : start command "download -bit SDRV4_0_Runs\phy_1\SDRV4_0.bit -mode jtag -spd 7 -sec 64 -cable 0"
PRG-2014 : Chip validation success: EAGLE_S20_BG256
RUN-1002 : start command "bit_to_vec -chip EAGLE_S20_BG256 -m jtag_burst -freq 4 -bit SDRV4_0_Runs/phy_1/SDRV4_0.bit"
RUN-1002 : start command "program -cable 0 -mode svf -spd 7 -p"
RUN-1003 : finish command "program -cable 0 -mode svf -spd 7 -p" in  6.640482s wall, 0.140625s user + 0.078125s system = 0.218750s CPU (3.3%)

RUN-1004 : used memory is 1072 MB, reserved memory is 1044 MB, peak memory is 1128 MB
RUN-1003 : finish command "download -bit SDRV4_0_Runs\phy_1\SDRV4_0.bit -mode jtag -spd 7 -sec 64 -cable 0" in  6.975834s wall, 0.250000s user + 0.093750s system = 0.343750s CPU (4.9%)

RUN-1004 : used memory is 1072 MB, reserved memory is 1044 MB, peak memory is 1128 MB
GUI-1001 : Download success!
RUN-1002 : start command "download -mode erase_spi -spd 1 -chip EAGLE_S20_BG256 -cable 0"
PRG-2014 : Chip validation success: EAGLE_S20_BG256
PRG-1001 : SPI Flash ID is:  ef
PRG-2019 : Erase flash successfully.
RUN-1003 : finish command "download -mode erase_spi -spd 1 -chip EAGLE_S20_BG256 -cable 0" in  8.140304s wall, 5.390625s user + 0.125000s system = 5.515625s CPU (67.8%)

RUN-1004 : used memory is 1072 MB, reserved memory is 1045 MB, peak memory is 1128 MB
GUI-1001 : Erase flash success!
RUN-1002 : start command "download -bit SDRV4_0_Runs\phy_1\SDRV4_0.bit -mode jtag -spd 7 -sec 64 -cable 0"
PRG-2014 : Chip validation success: EAGLE_S20_BG256
RUN-1002 : start command "bit_to_vec -chip EAGLE_S20_BG256 -m jtag_burst -freq 4 -bit SDRV4_0_Runs/phy_1/SDRV4_0.bit"
RUN-1002 : start command "program -cable 0 -mode svf -spd 7 -p"
RUN-1003 : finish command "program -cable 0 -mode svf -spd 7 -p" in  6.630648s wall, 0.093750s user + 0.093750s system = 0.187500s CPU (2.8%)

RUN-1004 : used memory is 1073 MB, reserved memory is 1045 MB, peak memory is 1128 MB
RUN-1003 : finish command "download -bit SDRV4_0_Runs\phy_1\SDRV4_0.bit -mode jtag -spd 7 -sec 64 -cable 0" in  6.951271s wall, 0.203125s user + 0.125000s system = 0.328125s CPU (4.7%)

RUN-1004 : used memory is 1073 MB, reserved memory is 1045 MB, peak memory is 1128 MB
GUI-1001 : Download success!
RUN-1002 : start command "download -bit SDRV4_0_Runs\phy_1\SDRV4_0.bit -mode jtag -spd 7 -sec 64 -cable 0"
PRG-2014 : Chip validation success: EAGLE_S20_BG256
RUN-1002 : start command "bit_to_vec -chip EAGLE_S20_BG256 -m jtag_burst -freq 4 -bit SDRV4_0_Runs/phy_1/SDRV4_0.bit"
RUN-1002 : start command "program -cable 0 -mode svf -spd 7 -p"
RUN-1003 : finish command "program -cable 0 -mode svf -spd 7 -p" in  6.646162s wall, 0.109375s user + 0.171875s system = 0.281250s CPU (4.2%)

RUN-1004 : used memory is 1074 MB, reserved memory is 1046 MB, peak memory is 1128 MB
RUN-1003 : finish command "download -bit SDRV4_0_Runs\phy_1\SDRV4_0.bit -mode jtag -spd 7 -sec 64 -cable 0" in  6.965049s wall, 0.218750s user + 0.218750s system = 0.437500s CPU (6.3%)

RUN-1004 : used memory is 1074 MB, reserved memory is 1046 MB, peak memory is 1128 MB
GUI-1001 : Download success!
RUN-1002 : start command "download -bit SDRV4_0_Runs\phy_1\SDRV4_0.bit -mode jtag -spd 7 -sec 64 -cable 0"
PRG-2014 : Chip validation success: EAGLE_S20_BG256
RUN-1002 : start command "bit_to_vec -chip EAGLE_S20_BG256 -m jtag_burst -freq 4 -bit SDRV4_0_Runs/phy_1/SDRV4_0.bit"
RUN-1002 : start command "program -cable 0 -mode svf -spd 7 -p"
RUN-1003 : finish command "program -cable 0 -mode svf -spd 7 -p" in  6.640326s wall, 0.046875s user + 0.015625s system = 0.062500s CPU (0.9%)

RUN-1004 : used memory is 1074 MB, reserved memory is 1046 MB, peak memory is 1128 MB
RUN-1003 : finish command "download -bit SDRV4_0_Runs\phy_1\SDRV4_0.bit -mode jtag -spd 7 -sec 64 -cable 0" in  6.960921s wall, 0.156250s user + 0.046875s system = 0.203125s CPU (2.9%)

RUN-1004 : used memory is 1074 MB, reserved memory is 1046 MB, peak memory is 1128 MB
GUI-1001 : Download success!
RUN-1002 : start command "download -bit SDRV4_0_Runs\phy_1\SDRV4_0.bit -mode jtag -spd 7 -sec 64 -cable 0"
PRG-2014 : Chip validation success: EAGLE_S20_BG256
RUN-1002 : start command "bit_to_vec -chip EAGLE_S20_BG256 -m jtag_burst -freq 4 -bit SDRV4_0_Runs/phy_1/SDRV4_0.bit"
RUN-1002 : start command "program -cable 0 -mode svf -spd 7 -p"
RUN-1003 : finish command "program -cable 0 -mode svf -spd 7 -p" in  6.644552s wall, 0.156250s user + 0.109375s system = 0.265625s CPU (4.0%)

RUN-1004 : used memory is 1074 MB, reserved memory is 1046 MB, peak memory is 1128 MB
RUN-1003 : finish command "download -bit SDRV4_0_Runs\phy_1\SDRV4_0.bit -mode jtag -spd 7 -sec 64 -cable 0" in  6.976864s wall, 0.250000s user + 0.140625s system = 0.390625s CPU (5.6%)

RUN-1004 : used memory is 1074 MB, reserved memory is 1046 MB, peak memory is 1128 MB
GUI-1001 : Download success!
RUN-1002 : start command "download -bit SDRV4_0_Runs\phy_1\SDRV4_0.bit -mode jtag -spd 7 -sec 64 -cable 0"
PRG-2014 : Chip validation success: EAGLE_S20_BG256
RUN-1002 : start command "bit_to_vec -chip EAGLE_S20_BG256 -m jtag_burst -freq 4 -bit SDRV4_0_Runs/phy_1/SDRV4_0.bit"
RUN-1002 : start command "program -cable 0 -mode svf -spd 7 -p"
RUN-1003 : finish command "program -cable 0 -mode svf -spd 7 -p" in  6.632719s wall, 0.062500s user + 0.031250s system = 0.093750s CPU (1.4%)

RUN-1004 : used memory is 1075 MB, reserved memory is 1046 MB, peak memory is 1128 MB
RUN-1003 : finish command "download -bit SDRV4_0_Runs\phy_1\SDRV4_0.bit -mode jtag -spd 7 -sec 64 -cable 0" in  6.957069s wall, 0.171875s user + 0.062500s system = 0.234375s CPU (3.4%)

RUN-1004 : used memory is 1075 MB, reserved memory is 1046 MB, peak memory is 1128 MB
GUI-1001 : Download success!
RUN-1002 : start command "download -mode erase_spi -spd 1 -chip EAGLE_S20_BG256 -cable 0"
PRG-2014 : Chip validation success: EAGLE_S20_BG256
PRG-1001 : SPI Flash ID is:  ef
PRG-2019 : Erase flash successfully.
RUN-1003 : finish command "download -mode erase_spi -spd 1 -chip EAGLE_S20_BG256 -cable 0" in  8.140705s wall, 5.640625s user + 0.109375s system = 5.750000s CPU (70.6%)

RUN-1004 : used memory is 1073 MB, reserved memory is 1045 MB, peak memory is 1128 MB
GUI-1001 : Erase flash success!
RUN-1002 : start command "download -bit SDRV4_0_Runs\phy_1\SDRV4_0.bit -mode jtag -spd 7 -sec 64 -cable 0"
PRG-2014 : Chip validation success: EAGLE_S20_BG256
RUN-1002 : start command "bit_to_vec -chip EAGLE_S20_BG256 -m jtag_burst -freq 4 -bit SDRV4_0_Runs/phy_1/SDRV4_0.bit"
RUN-1002 : start command "program -cable 0 -mode svf -spd 7 -p"
RUN-1003 : finish command "program -cable 0 -mode svf -spd 7 -p" in  6.641608s wall, 0.062500s user + 0.078125s system = 0.140625s CPU (2.1%)

RUN-1004 : used memory is 1073 MB, reserved memory is 1045 MB, peak memory is 1128 MB
RUN-1003 : finish command "download -bit SDRV4_0_Runs\phy_1\SDRV4_0.bit -mode jtag -spd 7 -sec 64 -cable 0" in  6.962002s wall, 0.171875s user + 0.109375s system = 0.281250s CPU (4.0%)

RUN-1004 : used memory is 1073 MB, reserved memory is 1045 MB, peak memory is 1128 MB
GUI-1001 : Download success!
RUN-1002 : start command "download -bit SDRV4_0_Runs\phy_1\SDRV4_0.bit -mode jtag -spd 7 -sec 64 -cable 0"
PRG-2014 : Chip validation success: EAGLE_S20_BG256
RUN-1002 : start command "bit_to_vec -chip EAGLE_S20_BG256 -m jtag_burst -freq 4 -bit SDRV4_0_Runs/phy_1/SDRV4_0.bit"
RUN-1002 : start command "program -cable 0 -mode svf -spd 7 -p"
RUN-1003 : finish command "program -cable 0 -mode svf -spd 7 -p" in  6.645937s wall, 0.171875s user + 0.109375s system = 0.281250s CPU (4.2%)

RUN-1004 : used memory is 1074 MB, reserved memory is 1045 MB, peak memory is 1128 MB
RUN-1003 : finish command "download -bit SDRV4_0_Runs\phy_1\SDRV4_0.bit -mode jtag -spd 7 -sec 64 -cable 0" in  6.970388s wall, 0.281250s user + 0.156250s system = 0.437500s CPU (6.3%)

RUN-1004 : used memory is 1074 MB, reserved memory is 1045 MB, peak memory is 1128 MB
GUI-1001 : Download success!
RUN-1002 : start command "download -bit SDRV4_0_Runs\phy_1\SDRV4_0.bit -mode jtag -spd 7 -sec 64 -cable 0"
PRG-2014 : Chip validation success: EAGLE_S20_BG256
RUN-1002 : start command "bit_to_vec -chip EAGLE_S20_BG256 -m jtag_burst -freq 4 -bit SDRV4_0_Runs/phy_1/SDRV4_0.bit"
RUN-1002 : start command "program -cable 0 -mode svf -spd 7 -p"
RUN-1003 : finish command "program -cable 0 -mode svf -spd 7 -p" in  6.638167s wall, 0.125000s user + 0.140625s system = 0.265625s CPU (4.0%)

RUN-1004 : used memory is 1074 MB, reserved memory is 1046 MB, peak memory is 1128 MB
RUN-1003 : finish command "download -bit SDRV4_0_Runs\phy_1\SDRV4_0.bit -mode jtag -spd 7 -sec 64 -cable 0" in  6.956730s wall, 0.234375s user + 0.171875s system = 0.406250s CPU (5.8%)

RUN-1004 : used memory is 1074 MB, reserved memory is 1046 MB, peak memory is 1128 MB
GUI-1001 : Download success!
RUN-1002 : start command "download -bit SDRV4_0_Runs\phy_1\SDRV4_0.bit -mode jtag -spd 7 -sec 64 -cable 0"
PRG-2014 : Chip validation success: EAGLE_S20_BG256
RUN-1002 : start command "bit_to_vec -chip EAGLE_S20_BG256 -m jtag_burst -freq 4 -bit SDRV4_0_Runs/phy_1/SDRV4_0.bit"
RUN-1002 : start command "program -cable 0 -mode svf -spd 7 -p"
RUN-1003 : finish command "program -cable 0 -mode svf -spd 7 -p" in  6.641232s wall, 0.093750s user + 0.093750s system = 0.187500s CPU (2.8%)

RUN-1004 : used memory is 1074 MB, reserved memory is 1046 MB, peak memory is 1128 MB
RUN-1003 : finish command "download -bit SDRV4_0_Runs\phy_1\SDRV4_0.bit -mode jtag -spd 7 -sec 64 -cable 0" in  6.959576s wall, 0.203125s user + 0.109375s system = 0.312500s CPU (4.5%)

RUN-1004 : used memory is 1074 MB, reserved memory is 1046 MB, peak memory is 1128 MB
GUI-1001 : Download success!
RUN-1002 : start command "download -bit SDRV4_0_Runs\phy_1\SDRV4_0.bit -mode jtag -spd 7 -sec 64 -cable 0"
PRG-2014 : Chip validation success: EAGLE_S20_BG256
RUN-1002 : start command "bit_to_vec -chip EAGLE_S20_BG256 -m jtag_burst -freq 4 -bit SDRV4_0_Runs/phy_1/SDRV4_0.bit"
RUN-1002 : start command "program -cable 0 -mode svf -spd 7 -p"
RUN-1003 : finish command "program -cable 0 -mode svf -spd 7 -p" in  6.635069s wall, 0.109375s user + 0.578125s system = 0.687500s CPU (10.4%)

RUN-1004 : used memory is 1077 MB, reserved memory is 1048 MB, peak memory is 1128 MB
RUN-1003 : finish command "download -bit SDRV4_0_Runs\phy_1\SDRV4_0.bit -mode jtag -spd 7 -sec 64 -cable 0" in  6.955559s wall, 0.234375s user + 0.593750s system = 0.828125s CPU (11.9%)

RUN-1004 : used memory is 1077 MB, reserved memory is 1048 MB, peak memory is 1128 MB
GUI-1001 : Download success!
