============================================================
   Tang Dynasty, V5.6.53426
   Copyright (c) 2012-2022 Anlogic
   Executable = D:/TD/bin/td.exe
   Built at =   19:26:25 Jun 10 2022
   Run by =     Teriia
   Run Date =   Sat Jul  2 15:14:28 2022

   Run on =     DESKTOP-ND05MAH
============================================================
RUN-1001 : open_run phy_1.
RUN-1002 : start command "import_db D:/Project/anlogic/SDRV4_1/td/SDRV4_0_Runs/phy_1/SDRV4_0_pr.db"
RUN-1001 : Importing database generated by Tang Dynasty, V5.6.53426.
RUN-1001 : Database version number 46140.
RUN-1001 : Import flow parameters
PHY-1001 : Generate detailed routing grids ...
PHY-1001 : Generate nets ...
PHY-1001 : clock net CW_clk will be merged with clock PLL/clk0_buf
PHY-1001 : net QN8027_clk_dup_1 will be routed on clock mesh
PHY-1001 : clock net SWCLK_syn_4 will be merged with clock SWCLK_dup_1
PHY-1001 : net clk_in_dup_1 will be routed on clock mesh
PHY-1001 : clock net rgmii_rxc_syn_4 will be merged with clock rgmii_rxc_dup_1
PHY-1001 : clock net APBTube/ClkDiv/div_clk_syn_6 will be merged with clock APBTube/ClkDiv/div_clk
PHY-1001 : clock net APB_Keyboard/KeyToCol/rowcnt[1]_syn_10 will be merged with clock APB_Keyboard/KeyToCol/rowcnt[1]
PHY-1001 : clock net APB_Keyboard/KeyToCol/sa_clk_syn_6 will be merged with clock APB_Keyboard/KeyToCol/sa_clk
PHY-1001 : net differentiator/clk will be routed on clock mesh
PHY-1001 : clock net differentiator/filter/CLK_syn_10 will be merged with clock differentiator/filter/CLK
PHY-1001 : clock net i2c/DUT_FIFO_TX/w_counter_n_syn_2 will be merged with clock i2c/DUT_FIFO_TX/w_counter_n
PHY-1001 : net u_logic/SCLK will be routed on clock mesh
PHY-1001 : clock net u_spi_master/u_spictrl/u_clkgen/spi_clk_syn_2 will be merged with clock u_spi_master/u_spictrl/u_clkgen/spi_clk
PHY-1001 : eco open net = 0
PHY-1001 : 1191 feed throughs used by 760 nets
RUN-1001 : Import timing constraints
RUN-1001 : Import IO constraints
RUN-1001 : Import Inst constraints
RUN-1001 : Import design success TD_VERSION=5.6.53426 , DB_VERSION=46140
ARC-1002 : Mark IO location M12 as dedicate.
ARC-1002 : Mark IO location P12 as dedicate.
RUN-1003 : finish command "import_db D:/Project/anlogic/SDRV4_1/td/SDRV4_0_Runs/phy_1/SDRV4_0_pr.db" in  10.106684s wall, 9.578125s user + 0.546875s system = 10.125000s CPU (100.2%)

RUN-1004 : used memory is 854 MB, reserved memory is 843 MB, peak memory is 904 MB
RUN-1002 : start command "report_timing"
RUN-1002 : start command "start_timer"
RUN-1003 : finish command "start_timer" in  1.242206s wall, 1.203125s user + 0.046875s system = 1.250000s CPU (100.6%)

RUN-1004 : used memory is 938 MB, reserved memory is 916 MB, peak memory is 938 MB
RUN-1002 : start command "end_timer"
RUN-1003 : finish command "report_timing" in  2.408769s wall, 2.328125s user + 0.093750s system = 2.421875s CPU (100.5%)

RUN-1004 : used memory is 898 MB, reserved memory is 876 MB, peak memory is 1012 MB
RUN-1002 : start command "download -bit SDRV4_0_Runs\phy_1\SDRV4_0.bit -mode jtag -spd 7 -sec 64 -cable 0"
PRG-2014 : Chip validation success: EAGLE_S20_BG256
RUN-1002 : start command "bit_to_vec -chip EAGLE_S20_BG256 -m jtag_burst -freq 4 -bit SDRV4_0_Runs/phy_1/SDRV4_0.bit"
RUN-1002 : start command "program -cable 0 -mode svf -spd 7 -p"
RUN-1003 : finish command "program -cable 0 -mode svf -spd 7 -p" in  6.646880s wall, 0.125000s user + 0.156250s system = 0.281250s CPU (4.2%)

RUN-1004 : used memory is 942 MB, reserved memory is 919 MB, peak memory is 1012 MB
RUN-1003 : finish command "download -bit SDRV4_0_Runs\phy_1\SDRV4_0.bit -mode jtag -spd 7 -sec 64 -cable 0" in  6.965876s wall, 0.218750s user + 0.187500s system = 0.406250s CPU (5.8%)

RUN-1004 : used memory is 942 MB, reserved memory is 919 MB, peak memory is 1012 MB
GUI-1001 : Download success!
RUN-1002 : start command "download -mode erase_spi -spd 1 -chip EAGLE_S20_BG256 -cable 0"
PRG-2014 : Chip validation success: EAGLE_S20_BG256
PRG-1001 : SPI Flash ID is:  ef
PRG-2019 : Erase flash successfully.
RUN-1003 : finish command "download -mode erase_spi -spd 1 -chip EAGLE_S20_BG256 -cable 0" in  8.141438s wall, 5.437500s user + 0.203125s system = 5.640625s CPU (69.3%)

RUN-1004 : used memory is 942 MB, reserved memory is 920 MB, peak memory is 1012 MB
GUI-1001 : Erase flash success!
RUN-1002 : start command "download -bit SDRV4_0_Runs\phy_1\SDRV4_0.bit -mode jtag -spd 7 -sec 64 -cable 0"
PRG-2014 : Chip validation success: EAGLE_S20_BG256
RUN-1002 : start command "bit_to_vec -chip EAGLE_S20_BG256 -m jtag_burst -freq 4 -bit SDRV4_0_Runs/phy_1/SDRV4_0.bit"
RUN-1002 : start command "program -cable 0 -mode svf -spd 7 -p"
RUN-1003 : finish command "program -cable 0 -mode svf -spd 7 -p" in  6.641806s wall, 0.062500s user + 0.125000s system = 0.187500s CPU (2.8%)

RUN-1004 : used memory is 944 MB, reserved memory is 921 MB, peak memory is 1012 MB
RUN-1003 : finish command "download -bit SDRV4_0_Runs\phy_1\SDRV4_0.bit -mode jtag -spd 7 -sec 64 -cable 0" in  6.964352s wall, 0.156250s user + 0.156250s system = 0.312500s CPU (4.5%)

RUN-1004 : used memory is 944 MB, reserved memory is 921 MB, peak memory is 1012 MB
GUI-1001 : Download success!
RUN-1002 : start command "download -bit SDRV4_0_Runs\phy_1\SDRV4_0.bit -mode jtag -spd 7 -sec 64 -cable 0"
PRG-2014 : Chip validation success: EAGLE_S20_BG256
RUN-1002 : start command "bit_to_vec -chip EAGLE_S20_BG256 -m jtag_burst -freq 4 -bit SDRV4_0_Runs/phy_1/SDRV4_0.bit"
RUN-1002 : start command "program -cable 0 -mode svf -spd 7 -p"
RUN-1003 : finish command "program -cable 0 -mode svf -spd 7 -p" in  6.640129s wall, 0.093750s user + 0.078125s system = 0.171875s CPU (2.6%)

RUN-1004 : used memory is 943 MB, reserved memory is 920 MB, peak memory is 1012 MB
RUN-1003 : finish command "download -bit SDRV4_0_Runs\phy_1\SDRV4_0.bit -mode jtag -spd 7 -sec 64 -cable 0" in  6.957492s wall, 0.203125s user + 0.078125s system = 0.281250s CPU (4.0%)

RUN-1004 : used memory is 943 MB, reserved memory is 920 MB, peak memory is 1012 MB
GUI-1001 : Download success!
RUN-1002 : start command "download -mode erase_spi -spd 1 -chip EAGLE_S20_BG256 -cable 0"
PRG-2014 : Chip validation success: EAGLE_S20_BG256
PRG-1001 : SPI Flash ID is:  ef
PRG-2019 : Erase flash successfully.
RUN-1003 : finish command "download -mode erase_spi -spd 1 -chip EAGLE_S20_BG256 -cable 0" in  8.139676s wall, 5.484375s user + 0.078125s system = 5.562500s CPU (68.3%)

RUN-1004 : used memory is 943 MB, reserved memory is 920 MB, peak memory is 1012 MB
GUI-1001 : Erase flash success!
RUN-1002 : start command "download -bit SDRV4_0_Runs\phy_1\SDRV4_0.bit -mode jtag -spd 7 -sec 64 -cable 0"
PRG-2014 : Chip validation success: EAGLE_S20_BG256
RUN-1002 : start command "bit_to_vec -chip EAGLE_S20_BG256 -m jtag_burst -freq 4 -bit SDRV4_0_Runs/phy_1/SDRV4_0.bit"
RUN-1002 : start command "program -cable 0 -mode svf -spd 7 -p"
RUN-1003 : finish command "program -cable 0 -mode svf -spd 7 -p" in  6.629228s wall, 0.078125s user + 0.046875s system = 0.125000s CPU (1.9%)

RUN-1004 : used memory is 943 MB, reserved memory is 920 MB, peak memory is 1012 MB
RUN-1003 : finish command "download -bit SDRV4_0_Runs\phy_1\SDRV4_0.bit -mode jtag -spd 7 -sec 64 -cable 0" in  6.945989s wall, 0.171875s user + 0.062500s system = 0.234375s CPU (3.4%)

RUN-1004 : used memory is 943 MB, reserved memory is 920 MB, peak memory is 1012 MB
GUI-1001 : Download success!
RUN-1002 : start command "download -bit SDRV4_0_Runs\phy_1\SDRV4_0.bit -mode jtag -spd 7 -sec 64 -cable 0"
PRG-2014 : Chip validation success: EAGLE_S20_BG256
RUN-1002 : start command "bit_to_vec -chip EAGLE_S20_BG256 -m jtag_burst -freq 4 -bit SDRV4_0_Runs/phy_1/SDRV4_0.bit"
RUN-1002 : start command "program -cable 0 -mode svf -spd 7 -p"
RUN-1003 : finish command "program -cable 0 -mode svf -spd 7 -p" in  6.627627s wall, 0.093750s user + 0.078125s system = 0.171875s CPU (2.6%)

RUN-1004 : used memory is 943 MB, reserved memory is 920 MB, peak memory is 1012 MB
RUN-1003 : finish command "download -bit SDRV4_0_Runs\phy_1\SDRV4_0.bit -mode jtag -spd 7 -sec 64 -cable 0" in  6.943338s wall, 0.187500s user + 0.093750s system = 0.281250s CPU (4.1%)

RUN-1004 : used memory is 943 MB, reserved memory is 920 MB, peak memory is 1012 MB
GUI-1001 : Download success!
RUN-1002 : start command "download -bit SDRV4_0_Runs\phy_1\SDRV4_0.bit -mode jtag -spd 7 -sec 64 -cable 0"
PRG-2014 : Chip validation success: EAGLE_S20_BG256
RUN-1002 : start command "bit_to_vec -chip EAGLE_S20_BG256 -m jtag_burst -freq 4 -bit SDRV4_0_Runs/phy_1/SDRV4_0.bit"
RUN-1002 : start command "program -cable 0 -mode svf -spd 7 -p"
RUN-1003 : finish command "program -cable 0 -mode svf -spd 7 -p" in  6.634570s wall, 0.171875s user + 0.093750s system = 0.265625s CPU (4.0%)

RUN-1004 : used memory is 943 MB, reserved memory is 920 MB, peak memory is 1012 MB
RUN-1003 : finish command "download -bit SDRV4_0_Runs\phy_1\SDRV4_0.bit -mode jtag -spd 7 -sec 64 -cable 0" in  6.951652s wall, 0.281250s user + 0.125000s system = 0.406250s CPU (5.8%)

RUN-1004 : used memory is 943 MB, reserved memory is 920 MB, peak memory is 1012 MB
GUI-1001 : Download success!
RUN-1002 : start command "download -bit SDRV4_0_Runs\phy_1\SDRV4_0.bit -mode jtag -spd 7 -sec 64 -cable 0"
PRG-2014 : Chip validation success: EAGLE_S20_BG256
RUN-1002 : start command "bit_to_vec -chip EAGLE_S20_BG256 -m jtag_burst -freq 4 -bit SDRV4_0_Runs/phy_1/SDRV4_0.bit"
RUN-1002 : start command "program -cable 0 -mode svf -spd 7 -p"
RUN-1003 : finish command "program -cable 0 -mode svf -spd 7 -p" in  6.636762s wall, 0.031250s user + 0.046875s system = 0.078125s CPU (1.2%)

RUN-1004 : used memory is 943 MB, reserved memory is 920 MB, peak memory is 1012 MB
RUN-1003 : finish command "download -bit SDRV4_0_Runs\phy_1\SDRV4_0.bit -mode jtag -spd 7 -sec 64 -cable 0" in  6.954644s wall, 0.109375s user + 0.078125s system = 0.187500s CPU (2.7%)

RUN-1004 : used memory is 943 MB, reserved memory is 920 MB, peak memory is 1012 MB
GUI-1001 : Download success!
RUN-1002 : start command "download -bit SDRV4_0_Runs\phy_1\SDRV4_0.bit -mode jtag -spd 7 -sec 64 -cable 0"
PRG-2014 : Chip validation success: EAGLE_S20_BG256
RUN-1002 : start command "bit_to_vec -chip EAGLE_S20_BG256 -m jtag_burst -freq 4 -bit SDRV4_0_Runs/phy_1/SDRV4_0.bit"
RUN-1002 : start command "program -cable 0 -mode svf -spd 7 -p"
RUN-1003 : finish command "program -cable 0 -mode svf -spd 7 -p" in  6.636915s wall, 0.062500s user + 0.078125s system = 0.140625s CPU (2.1%)

RUN-1004 : used memory is 942 MB, reserved memory is 919 MB, peak memory is 1012 MB
RUN-1003 : finish command "download -bit SDRV4_0_Runs\phy_1\SDRV4_0.bit -mode jtag -spd 7 -sec 64 -cable 0" in  6.951638s wall, 0.156250s user + 0.125000s system = 0.281250s CPU (4.0%)

RUN-1004 : used memory is 942 MB, reserved memory is 919 MB, peak memory is 1012 MB
GUI-1001 : Download success!
RUN-1002 : start command "download -bit SDRV4_0_Runs\phy_1\SDRV4_0.bit -mode jtag -spd 7 -sec 64 -cable 0"
PRG-2014 : Chip validation success: EAGLE_S20_BG256
RUN-1002 : start command "bit_to_vec -chip EAGLE_S20_BG256 -m jtag_burst -freq 4 -bit SDRV4_0_Runs/phy_1/SDRV4_0.bit"
RUN-1002 : start command "program -cable 0 -mode svf -spd 7 -p"
RUN-1003 : finish command "program -cable 0 -mode svf -spd 7 -p" in  6.623557s wall, 0.078125s user + 0.093750s system = 0.171875s CPU (2.6%)

RUN-1004 : used memory is 942 MB, reserved memory is 919 MB, peak memory is 1012 MB
RUN-1003 : finish command "download -bit SDRV4_0_Runs\phy_1\SDRV4_0.bit -mode jtag -spd 7 -sec 64 -cable 0" in  6.943847s wall, 0.171875s user + 0.109375s system = 0.281250s CPU (4.1%)

RUN-1004 : used memory is 942 MB, reserved memory is 919 MB, peak memory is 1012 MB
GUI-1001 : Download success!
RUN-1002 : start command "download -bit SDRV4_0_Runs\phy_1\SDRV4_0.bit -mode jtag -spd 7 -sec 64 -cable 0"
PRG-2014 : Chip validation success: EAGLE_S20_BG256
RUN-1002 : start command "bit_to_vec -chip EAGLE_S20_BG256 -m jtag_burst -freq 4 -bit SDRV4_0_Runs/phy_1/SDRV4_0.bit"
RUN-1002 : start command "program -cable 0 -mode svf -spd 7 -p"
RUN-1003 : finish command "program -cable 0 -mode svf -spd 7 -p" in  6.628630s wall, 0.156250s user + 0.125000s system = 0.281250s CPU (4.2%)

RUN-1004 : used memory is 942 MB, reserved memory is 919 MB, peak memory is 1012 MB
RUN-1003 : finish command "download -bit SDRV4_0_Runs\phy_1\SDRV4_0.bit -mode jtag -spd 7 -sec 64 -cable 0" in  6.943331s wall, 0.250000s user + 0.171875s system = 0.421875s CPU (6.1%)

RUN-1004 : used memory is 942 MB, reserved memory is 919 MB, peak memory is 1012 MB
GUI-1001 : Download success!
RUN-1002 : start command "download -bit SDRV4_0_Runs\phy_1\SDRV4_0.bit -mode jtag -spd 7 -sec 64 -cable 0"
PRG-2014 : Chip validation success: EAGLE_S20_BG256
RUN-1002 : start command "bit_to_vec -chip EAGLE_S20_BG256 -m jtag_burst -freq 4 -bit SDRV4_0_Runs/phy_1/SDRV4_0.bit"
RUN-1002 : start command "program -cable 0 -mode svf -spd 7 -p"
RUN-1003 : finish command "program -cable 0 -mode svf -spd 7 -p" in  6.650295s wall, 0.187500s user + 0.171875s system = 0.359375s CPU (5.4%)

RUN-1004 : used memory is 943 MB, reserved memory is 919 MB, peak memory is 1012 MB
RUN-1003 : finish command "download -bit SDRV4_0_Runs\phy_1\SDRV4_0.bit -mode jtag -spd 7 -sec 64 -cable 0" in  6.966896s wall, 0.312500s user + 0.171875s system = 0.484375s CPU (7.0%)

RUN-1004 : used memory is 943 MB, reserved memory is 919 MB, peak memory is 1012 MB
GUI-1001 : Download success!
RUN-1002 : start command "download -bit SDRV4_0_Runs\phy_1\SDRV4_0.bit -mode jtag -spd 7 -sec 64 -cable 0"
PRG-2014 : Chip validation success: EAGLE_S20_BG256
RUN-1002 : start command "bit_to_vec -chip EAGLE_S20_BG256 -m jtag_burst -freq 4 -bit SDRV4_0_Runs/phy_1/SDRV4_0.bit"
RUN-1002 : start command "program -cable 0 -mode svf -spd 7 -p"
RUN-1003 : finish command "program -cable 0 -mode svf -spd 7 -p" in  6.654982s wall, 0.062500s user + 0.078125s system = 0.140625s CPU (2.1%)

RUN-1004 : used memory is 943 MB, reserved memory is 919 MB, peak memory is 1012 MB
RUN-1003 : finish command "download -bit SDRV4_0_Runs\phy_1\SDRV4_0.bit -mode jtag -spd 7 -sec 64 -cable 0" in  6.972547s wall, 0.171875s user + 0.125000s system = 0.296875s CPU (4.3%)

RUN-1004 : used memory is 943 MB, reserved memory is 919 MB, peak memory is 1012 MB
GUI-1001 : Download success!
RUN-1002 : start command "download -bit SDRV4_0_Runs\phy_1\SDRV4_0.bit -mode jtag -spd 7 -sec 64 -cable 0"
PRG-2014 : Chip validation success: EAGLE_S20_BG256
RUN-1002 : start command "bit_to_vec -chip EAGLE_S20_BG256 -m jtag_burst -freq 4 -bit SDRV4_0_Runs/phy_1/SDRV4_0.bit"
RUN-1002 : start command "program -cable 0 -mode svf -spd 7 -p"
RUN-1003 : finish command "program -cable 0 -mode svf -spd 7 -p" in  6.635306s wall, 0.046875s user + 0.093750s system = 0.140625s CPU (2.1%)

RUN-1004 : used memory is 943 MB, reserved memory is 919 MB, peak memory is 1012 MB
RUN-1003 : finish command "download -bit SDRV4_0_Runs\phy_1\SDRV4_0.bit -mode jtag -spd 7 -sec 64 -cable 0" in  6.950367s wall, 0.203125s user + 0.093750s system = 0.296875s CPU (4.3%)

RUN-1004 : used memory is 943 MB, reserved memory is 919 MB, peak memory is 1012 MB
GUI-1001 : Download success!
RUN-1002 : start command "download -bit SDRV4_0_Runs\phy_1\SDRV4_0.bit -mode jtag -spd 7 -sec 64 -cable 0"
PRG-2014 : Chip validation success: EAGLE_S20_BG256
RUN-1002 : start command "bit_to_vec -chip EAGLE_S20_BG256 -m jtag_burst -freq 4 -bit SDRV4_0_Runs/phy_1/SDRV4_0.bit"
RUN-1002 : start command "program -cable 0 -mode svf -spd 7 -p"
RUN-1003 : finish command "program -cable 0 -mode svf -spd 7 -p" in  6.645323s wall, 0.062500s user + 0.062500s system = 0.125000s CPU (1.9%)

RUN-1004 : used memory is 943 MB, reserved memory is 919 MB, peak memory is 1012 MB
RUN-1003 : finish command "download -bit SDRV4_0_Runs\phy_1\SDRV4_0.bit -mode jtag -spd 7 -sec 64 -cable 0" in  6.963656s wall, 0.171875s user + 0.109375s system = 0.281250s CPU (4.0%)

RUN-1004 : used memory is 943 MB, reserved memory is 919 MB, peak memory is 1012 MB
GUI-1001 : Download success!
RUN-1002 : start command "download -bit SDRV4_0_Runs\phy_1\SDRV4_0.bit -mode jtag -spd 7 -sec 64 -cable 0"
PRG-2014 : Chip validation success: EAGLE_S20_BG256
RUN-1002 : start command "bit_to_vec -chip EAGLE_S20_BG256 -m jtag_burst -freq 4 -bit SDRV4_0_Runs/phy_1/SDRV4_0.bit"
RUN-1002 : start command "program -cable 0 -mode svf -spd 7 -p"
RUN-1003 : finish command "program -cable 0 -mode svf -spd 7 -p" in  6.645907s wall, 0.062500s user + 0.078125s system = 0.140625s CPU (2.1%)

RUN-1004 : used memory is 943 MB, reserved memory is 919 MB, peak memory is 1012 MB
RUN-1003 : finish command "download -bit SDRV4_0_Runs\phy_1\SDRV4_0.bit -mode jtag -spd 7 -sec 64 -cable 0" in  6.972470s wall, 0.171875s user + 0.093750s system = 0.265625s CPU (3.8%)

RUN-1004 : used memory is 943 MB, reserved memory is 919 MB, peak memory is 1012 MB
GUI-1001 : Download success!
RUN-1002 : start command "download -bit SDRV4_0_Runs\phy_1\SDRV4_0.bit -mode jtag -spd 7 -sec 64 -cable 0"
PRG-2014 : Chip validation success: EAGLE_S20_BG256
RUN-1002 : start command "bit_to_vec -chip EAGLE_S20_BG256 -m jtag_burst -freq 4 -bit SDRV4_0_Runs/phy_1/SDRV4_0.bit"
RUN-1002 : start command "program -cable 0 -mode svf -spd 7 -p"
RUN-1003 : finish command "program -cable 0 -mode svf -spd 7 -p" in  6.645469s wall, 0.078125s user + 0.187500s system = 0.265625s CPU (4.0%)

RUN-1004 : used memory is 943 MB, reserved memory is 920 MB, peak memory is 1012 MB
RUN-1003 : finish command "download -bit SDRV4_0_Runs\phy_1\SDRV4_0.bit -mode jtag -spd 7 -sec 64 -cable 0" in  6.961452s wall, 0.187500s user + 0.187500s system = 0.375000s CPU (5.4%)

RUN-1004 : used memory is 943 MB, reserved memory is 920 MB, peak memory is 1012 MB
GUI-1001 : Download success!
RUN-1002 : start command "download -mode erase_spi -spd 1 -chip EAGLE_S20_BG256 -cable 0"
PRG-2014 : Chip validation success: EAGLE_S20_BG256
PRG-1001 : SPI Flash ID is:  ef
PRG-2019 : Erase flash successfully.
RUN-1003 : finish command "download -mode erase_spi -spd 1 -chip EAGLE_S20_BG256 -cable 0" in  8.141250s wall, 5.609375s user + 0.046875s system = 5.656250s CPU (69.5%)

RUN-1004 : used memory is 942 MB, reserved memory is 918 MB, peak memory is 1012 MB
GUI-1001 : Erase flash success!
RUN-1002 : start command "download -bit SDRV4_0_Runs\phy_1\SDRV4_0.bit -mode jtag -spd 7 -sec 64 -cable 0"
PRG-2014 : Chip validation success: EAGLE_S20_BG256
RUN-1002 : start command "bit_to_vec -chip EAGLE_S20_BG256 -m jtag_burst -freq 4 -bit SDRV4_0_Runs/phy_1/SDRV4_0.bit"
RUN-1002 : start command "program -cable 0 -mode svf -spd 7 -p"
RUN-1003 : finish command "program -cable 0 -mode svf -spd 7 -p" in  6.634016s wall, 0.078125s user + 0.015625s system = 0.093750s CPU (1.4%)

RUN-1004 : used memory is 942 MB, reserved memory is 918 MB, peak memory is 1012 MB
RUN-1003 : finish command "download -bit SDRV4_0_Runs\phy_1\SDRV4_0.bit -mode jtag -spd 7 -sec 64 -cable 0" in  6.947075s wall, 0.171875s user + 0.046875s system = 0.218750s CPU (3.1%)

RUN-1004 : used memory is 942 MB, reserved memory is 918 MB, peak memory is 1012 MB
GUI-1001 : Download success!
RUN-1002 : start command "download -mode erase_spi -spd 1 -chip EAGLE_S20_BG256 -cable 0"
PRG-2014 : Chip validation success: EAGLE_S20_BG256
PRG-1001 : SPI Flash ID is:  ef
PRG-2019 : Erase flash successfully.
RUN-1003 : finish command "download -mode erase_spi -spd 1 -chip EAGLE_S20_BG256 -cable 0" in  8.138955s wall, 5.578125s user + 0.093750s system = 5.671875s CPU (69.7%)

RUN-1004 : used memory is 942 MB, reserved memory is 918 MB, peak memory is 1012 MB
GUI-1001 : Erase flash success!
RUN-1002 : start command "download -bit SDRV4_0_Runs\phy_1\SDRV4_0.bit -mode jtag -spd 7 -sec 64 -cable 0"
PRG-2014 : Chip validation success: EAGLE_S20_BG256
RUN-1002 : start command "bit_to_vec -chip EAGLE_S20_BG256 -m jtag_burst -freq 4 -bit SDRV4_0_Runs/phy_1/SDRV4_0.bit"
RUN-1002 : start command "program -cable 0 -mode svf -spd 7 -p"
RUN-1003 : finish command "program -cable 0 -mode svf -spd 7 -p" in  6.660563s wall, 0.109375s user + 0.109375s system = 0.218750s CPU (3.3%)

RUN-1004 : used memory is 944 MB, reserved memory is 920 MB, peak memory is 1012 MB
RUN-1003 : finish command "download -bit SDRV4_0_Runs\phy_1\SDRV4_0.bit -mode jtag -spd 7 -sec 64 -cable 0" in  6.981492s wall, 0.218750s user + 0.125000s system = 0.343750s CPU (4.9%)

RUN-1004 : used memory is 944 MB, reserved memory is 920 MB, peak memory is 1012 MB
GUI-1001 : Download success!
HDL-1007 : analyze verilog file ../rtl/ethernet/Ethernet_TX.v
RUN-1001 : reset_run syn_1 phy_1.
RUN-6001 WARNING: Failed to reset phy_1: some files can't be removed in D:/Project/anlogic/SDRV4_1/td/SDRV4_0_Runs/phy_1
RUN-6001 WARNING: Failed to reset syn_1: some files can't be removed in D:/Project/anlogic/SDRV4_1/td/SDRV4_0_Runs/syn_1
GUI-6001 WARNING: File D:/Project/anlogic/SDRV4_1/td/SDRV4_0_Runs/phy_1/SDRV4_0.bit does not exist!
RUN-1001 : launch_runs syn_1 phy_1  -jobs 6.
RUN-1001 : syn_1: run complete.
RUN-1001 : phy_1: run complete.
RUN-1001 : open_run phy_1.
RUN-1002 : start command "import_db D:/Project/anlogic/SDRV4_1/td/SDRV4_0_Runs/phy_1/SDRV4_0_pr.db"
RUN-1001 : Importing database generated by Tang Dynasty, V5.6.53426.
RUN-1001 : Database version number 46140.
RUN-1001 : Import flow parameters
PHY-1001 : Generate detailed routing grids ...
PHY-1001 : Generate nets ...
PHY-1001 : clock net CW_clk will be merged with clock PLL/clk0_buf
PHY-1001 : net QN8027_clk_dup_1 will be routed on clock mesh
PHY-1001 : clock net SWCLK_syn_4 will be merged with clock SWCLK_dup_1
PHY-1001 : net clk_in_dup_1 will be routed on clock mesh
PHY-1001 : clock net rgmii_rxc_syn_4 will be merged with clock rgmii_rxc_dup_1
PHY-1001 : clock net APBTube/ClkDiv/div_clk_syn_6 will be merged with clock APBTube/ClkDiv/div_clk
PHY-1001 : clock net APB_Keyboard/KeyToCol/rowcnt[1]_syn_10 will be merged with clock APB_Keyboard/KeyToCol/rowcnt[1]
PHY-1001 : clock net APB_Keyboard/KeyToCol/sa_clk_syn_6 will be merged with clock APB_Keyboard/KeyToCol/sa_clk
PHY-1001 : net differentiator/clk will be routed on clock mesh
PHY-1001 : clock net differentiator/filter/CLK_syn_10 will be merged with clock differentiator/filter/CLK
PHY-1001 : clock net i2c/DUT_FIFO_TX/w_counter_n_syn_2 will be merged with clock i2c/DUT_FIFO_TX/w_counter_n
PHY-1001 : net u_logic/SCLK will be routed on clock mesh
PHY-1001 : clock net u_spi_master/u_spictrl/u_clkgen/spi_clk_syn_2 will be merged with clock u_spi_master/u_spictrl/u_clkgen/spi_clk
PHY-1001 : eco open net = 0
PHY-1001 : 1291 feed throughs used by 933 nets
RUN-1001 : Import timing constraints
RUN-1001 : Import IO constraints
RUN-1001 : Import Inst constraints
RUN-1001 : Import design success TD_VERSION=5.6.53426 , DB_VERSION=46140
ARC-1002 : Mark IO location M12 as dedicate.
ARC-1002 : Mark IO location P12 as dedicate.
RUN-1003 : finish command "import_db D:/Project/anlogic/SDRV4_1/td/SDRV4_0_Runs/phy_1/SDRV4_0_pr.db" in  7.662689s wall, 7.046875s user + 0.593750s system = 7.640625s CPU (99.7%)

RUN-1004 : used memory is 965 MB, reserved memory is 945 MB, peak memory is 1012 MB
RUN-1002 : start command "report_timing"
RUN-1002 : start command "start_timer"
RUN-1003 : finish command "start_timer" in  1.300276s wall, 1.281250s user + 0.015625s system = 1.296875s CPU (99.7%)

RUN-1004 : used memory is 1010 MB, reserved memory is 991 MB, peak memory is 1012 MB
RUN-1002 : start command "end_timer"
RUN-1003 : finish command "report_timing" in  2.509981s wall, 2.421875s user + 0.078125s system = 2.500000s CPU (99.6%)

RUN-1004 : used memory is 1011 MB, reserved memory is 991 MB, peak memory is 1079 MB
RUN-1002 : start command "download -bit SDRV4_0_Runs\phy_1\SDRV4_0.bit -mode jtag -spd 7 -sec 64 -cable 0"
PRG-2014 : Chip validation success: EAGLE_S20_BG256
RUN-1002 : start command "bit_to_vec -chip EAGLE_S20_BG256 -m jtag_burst -freq 4 -bit SDRV4_0_Runs/phy_1/SDRV4_0.bit"
RUN-1002 : start command "program -cable 0 -mode svf -spd 7 -p"
RUN-1003 : finish command "program -cable 0 -mode svf -spd 7 -p" in  6.638733s wall, 0.156250s user + 0.078125s system = 0.234375s CPU (3.5%)

RUN-1004 : used memory is 1035 MB, reserved memory is 1015 MB, peak memory is 1079 MB
RUN-1003 : finish command "download -bit SDRV4_0_Runs\phy_1\SDRV4_0.bit -mode jtag -spd 7 -sec 64 -cable 0" in  6.959543s wall, 0.265625s user + 0.125000s system = 0.390625s CPU (5.6%)

RUN-1004 : used memory is 1035 MB, reserved memory is 1015 MB, peak memory is 1079 MB
GUI-1001 : Download success!
TMR-3509 : Import timing summary.
RUN-1002 : start command "report_timing -mode manhattan"
RUN-1002 : start command "start_timer"
TMR-2505 : Start building timing graph for model SDR_Pad.
TMR-2506 : Build timing graph completely. Port num: 49, tpin num: 63785, tnet num: 14339, tinst num: 6130, tnode num: 73902, tedge num: 109215.
TMR-2508 : Levelizing timing graph completed, there are 295 levels in total.
TMR-2501 : Timing graph initialized successfully.
RUN-1003 : finish command "start_timer" in  1.250593s wall, 1.218750s user + 0.093750s system = 1.312500s CPU (105.0%)

RUN-1004 : used memory is 1028 MB, reserved memory is 1016 MB, peak memory is 1079 MB
TMR-2503 : Start to update net delay, extr mode = 3.
TMR-2504 : Update delay of 14339 nets completely.
TMR-2502 : Annotate delay completely, extr mode = 3.
TMR-3001 : Initiate 4 clocks from SDC.
TMR-3004 : Map sdc constraints, there are 2 constraints in total.
TMR-6513 WARNING: No path found for constraint(s): 
	set_false_path -from [ get_clocks {adc_clkl} ] -to [ get_clocks {clk} ].
TMR-3003 : Constraints initiated successfully.
TMR-3501 : Forward propagation: start to calculate arrival time...
TMR-3502 : Backward propagation: start to calculate required time...
TMR-3503 : Timing propagation completes.
TMR-3506 : Start to generate timing report.
TMR-1502 : Number of clock constraints = 4. Number of clock nets = 13 (9 unconstrainted).
TMR-5009 WARNING: No clock constraint on 9 clock net(s): 
	APBTube/ClkDiv/div_clk_syn_6
	APB_Keyboard/KeyToCol/rowcnt[1]_syn_10
	APB_Keyboard/KeyToCol/sa_clk_syn_6
	CW_clk
	QN8027_clk_dup_1
	SWCLK_syn_4
	clk_in_dup_1
	i2c/DUT_FIFO_TX/w_counter_n_syn_2
	u_spi_master/u_spictrl/u_clkgen/spi_clk_syn_2
TMR-3508 : Export timing summary.
TMR-3507 : Timing report generated successfully in SDR_Pad_timing.rpt, timing summary in SDR_Pad_timing.tsm.
RUN-1002 : start command "end_timer"
RUN-1003 : finish command "report_timing -mode manhattan" in  2.002611s wall, 1.937500s user + 0.125000s system = 2.062500s CPU (103.0%)

RUN-1004 : used memory is 1020 MB, reserved memory is 1006 MB, peak memory is 1079 MB
RUN-1002 : start command "get_nets differentiator/filter/CLK"
RUN-1002 : start command "get_nets  ADC_clk "
RUN-1001 : reset_run phy_1 -step opt_place.
RUN-8001 ERROR: Run syn_1 should be up to date.
GUI-6001 WARNING: File D:/Project/anlogic/SDRV4_1/td/SDRV4_0_Runs/phy_1/SDRV4_0.bit does not exist!
RUN-1001 : reset_run syn_1 phy_1.
RUN-1001 : launch_runs syn_1 phy_1  -jobs 6.
RUN-1001 : syn_1: run complete.
RUN-1001 : phy_1: run complete.
RUN-1001 : open_run phy_1.
RUN-1002 : start command "import_db D:/Project/anlogic/SDRV4_1/td/SDRV4_0_Runs/phy_1/SDRV4_0_pr.db"
RUN-1001 : Importing database generated by Tang Dynasty, V5.6.53426.
RUN-1001 : Database version number 46140.
RUN-1001 : Import flow parameters
PHY-1001 : Generate detailed routing grids ...
PHY-1001 : Generate nets ...
PHY-1001 : clock net CW_clk will be merged with clock PLL/clk0_buf
PHY-1001 : net QN8027_clk_dup_1 will be routed on clock mesh
PHY-1001 : clock net SWCLK_syn_4 will be merged with clock SWCLK_dup_1
PHY-1001 : net clk_in_dup_1 will be routed on clock mesh
PHY-1001 : clock net rgmii_rxc_syn_4 will be merged with clock rgmii_rxc_dup_1
PHY-1001 : clock net APBTube/ClkDiv/div_clk_syn_6 will be merged with clock APBTube/ClkDiv/div_clk
PHY-1001 : clock net APB_Keyboard/KeyToCol/rowcnt[1]_syn_10 will be merged with clock APB_Keyboard/KeyToCol/rowcnt[1]
PHY-1001 : clock net APB_Keyboard/KeyToCol/sa_clk_syn_6 will be merged with clock APB_Keyboard/KeyToCol/sa_clk
PHY-1001 : net differentiator/clk will be routed on clock mesh
PHY-1001 : clock net differentiator/filter/CLK_syn_10 will be merged with clock differentiator/filter/CLK
PHY-1001 : clock net i2c/DUT_FIFO_TX/w_counter_n_syn_2 will be merged with clock i2c/DUT_FIFO_TX/w_counter_n
PHY-1001 : net u_logic/SCLK will be routed on clock mesh
PHY-1001 : clock net u_spi_master/u_spictrl/u_clkgen/spi_clk_syn_2 will be merged with clock u_spi_master/u_spictrl/u_clkgen/spi_clk
PHY-1001 : eco open net = 0
PHY-1001 : 1299 feed throughs used by 943 nets
RUN-1001 : Import timing constraints
RUN-1001 : Import IO constraints
RUN-1001 : Import Inst constraints
RUN-1001 : Import design success TD_VERSION=5.6.53426 , DB_VERSION=46140
ARC-1002 : Mark IO location M12 as dedicate.
ARC-1002 : Mark IO location P12 as dedicate.
RUN-1003 : finish command "import_db D:/Project/anlogic/SDRV4_1/td/SDRV4_0_Runs/phy_1/SDRV4_0_pr.db" in  7.303525s wall, 7.187500s user + 0.187500s system = 7.375000s CPU (101.0%)

RUN-1004 : used memory is 1028 MB, reserved memory is 1040 MB, peak memory is 1092 MB
RUN-1002 : start command "report_timing"
RUN-1002 : start command "start_timer"
RUN-1003 : finish command "start_timer" in  1.284640s wall, 1.265625s user + 0.046875s system = 1.312500s CPU (102.2%)

RUN-1004 : used memory is 1028 MB, reserved memory is 1041 MB, peak memory is 1092 MB
RUN-1002 : start command "end_timer"
RUN-1003 : finish command "report_timing" in  2.452820s wall, 2.437500s user + 0.046875s system = 2.484375s CPU (101.3%)

RUN-1004 : used memory is 1093 MB, reserved memory is 1108 MB, peak memory is 1095 MB
TMR-3509 : Import timing summary.
RUN-1002 : start command "report_timing -mode manhattan"
RUN-1002 : start command "start_timer"
TMR-2505 : Start building timing graph for model SDR_Pad.
TMR-2506 : Build timing graph completely. Port num: 49, tpin num: 63785, tnet num: 14339, tinst num: 6130, tnode num: 73902, tedge num: 109215.
TMR-2508 : Levelizing timing graph completed, there are 295 levels in total.
TMR-2501 : Timing graph initialized successfully.
RUN-1003 : finish command "start_timer" in  1.265354s wall, 1.187500s user + 0.109375s system = 1.296875s CPU (102.5%)

RUN-1004 : used memory is 1100 MB, reserved memory is 1112 MB, peak memory is 1101 MB
TMR-2503 : Start to update net delay, extr mode = 3.
TMR-2504 : Update delay of 14339 nets completely.
TMR-2502 : Annotate delay completely, extr mode = 3.
TMR-3001 : Initiate 4 clocks from SDC.
TMR-3004 : Map sdc constraints, there are 5 constraints in total.
TMR-6513 WARNING: No path found for constraint(s): 
	set_false_path -from [ get_clocks {adc_clkl} ] -to [ get_clocks {clk} ].
TMR-6513 WARNING: No path found for constraint(s): 
	set_false_path -from [ get_clocks {clk} ] -to [ get_regs {differentiator/filter/CLK} ].
TMR-6513 WARNING: No path found for constraint(s): 
	set_false_path -from [ get_regs {differentiator/filter/CLK} ] -to [ get_clocks {clk} ].
TMR-6513 WARNING: No path found for constraint(s): 
	set_false_path -from [ get_regs {differentiator/filter/CLK} ] -to [ get_clocks {rgmii_rxcl} ].
TMR-3003 : Constraints initiated successfully.
TMR-3501 : Forward propagation: start to calculate arrival time...
TMR-3502 : Backward propagation: start to calculate required time...
TMR-3503 : Timing propagation completes.
TMR-3506 : Start to generate timing report.
TMR-1502 : Number of clock constraints = 4. Number of clock nets = 13 (9 unconstrainted).
TMR-5009 WARNING: No clock constraint on 9 clock net(s): 
	APBTube/ClkDiv/div_clk_syn_6
	APB_Keyboard/KeyToCol/rowcnt[1]_syn_10
	APB_Keyboard/KeyToCol/sa_clk_syn_6
	CW_clk
	QN8027_clk_dup_1
	SWCLK_syn_4
	clk_in_dup_1
	i2c/DUT_FIFO_TX/w_counter_n_syn_2
	u_spi_master/u_spictrl/u_clkgen/spi_clk_syn_2
TMR-3508 : Export timing summary.
TMR-3507 : Timing report generated successfully in SDR_Pad_timing.rpt, timing summary in SDR_Pad_timing.tsm.
RUN-1002 : start command "end_timer"
RUN-1003 : finish command "report_timing -mode manhattan" in  2.017207s wall, 1.906250s user + 0.140625s system = 2.046875s CPU (101.5%)

RUN-1004 : used memory is 1105 MB, reserved memory is 1118 MB, peak memory is 1107 MB
RUN-1002 : start command "get_nets differentiator/filter/CLK"
RUN-1002 : start command "get_regs differentiator/filter/CLK"
RUN-1001 : reset_run syn_1 phy_1.
GUI-6001 WARNING: File D:/Project/anlogic/SDRV4_1/td/SDRV4_0_Runs/phy_1/SDRV4_0.bit does not exist!
RUN-1001 : launch_runs syn_1 phy_1  -jobs 6.
RUN-1001 : syn_1: run complete.
RUN-1001 : phy_1: run complete.
RUN-1001 : open_run phy_1.
RUN-1002 : start command "import_db D:/Project/anlogic/SDRV4_1/td/SDRV4_0_Runs/phy_1/SDRV4_0_pr.db"
RUN-1001 : Importing database generated by Tang Dynasty, V5.6.53426.
RUN-1001 : Database version number 46140.
RUN-1001 : Import flow parameters
PHY-1001 : Generate detailed routing grids ...
PHY-1001 : Generate nets ...
PHY-1001 : clock net CW_clk will be merged with clock PLL/clk0_buf
PHY-1001 : net QN8027_clk_dup_1 will be routed on clock mesh
PHY-1001 : clock net SWCLK_syn_4 will be merged with clock SWCLK_dup_1
PHY-1001 : net clk_in_dup_1 will be routed on clock mesh
PHY-1001 : clock net rgmii_rxc_syn_4 will be merged with clock rgmii_rxc_dup_1
PHY-1001 : clock net APBTube/ClkDiv/div_clk_syn_6 will be merged with clock APBTube/ClkDiv/div_clk
PHY-1001 : clock net APB_Keyboard/KeyToCol/rowcnt[1]_syn_10 will be merged with clock APB_Keyboard/KeyToCol/rowcnt[1]
PHY-1001 : clock net APB_Keyboard/KeyToCol/sa_clk_syn_6 will be merged with clock APB_Keyboard/KeyToCol/sa_clk
PHY-1001 : net differentiator/clk will be routed on clock mesh
PHY-1001 : clock net differentiator/filter/CLK_syn_10 will be merged with clock differentiator/filter/CLK
PHY-1001 : clock net i2c/DUT_FIFO_TX/w_counter_n_syn_2 will be merged with clock i2c/DUT_FIFO_TX/w_counter_n
PHY-1001 : net u_logic/SCLK will be routed on clock mesh
PHY-1001 : clock net u_spi_master/u_spictrl/u_clkgen/spi_clk_syn_2 will be merged with clock u_spi_master/u_spictrl/u_clkgen/spi_clk
PHY-1001 : eco open net = 0
PHY-1001 : 1303 feed throughs used by 943 nets
RUN-1001 : Import timing constraints
RUN-1001 : Import IO constraints
RUN-1001 : Import Inst constraints
RUN-1001 : Import design success TD_VERSION=5.6.53426 , DB_VERSION=46140
ARC-1002 : Mark IO location M12 as dedicate.
ARC-1002 : Mark IO location P12 as dedicate.
RUN-1003 : finish command "import_db D:/Project/anlogic/SDRV4_1/td/SDRV4_0_Runs/phy_1/SDRV4_0_pr.db" in  7.358618s wall, 7.156250s user + 0.234375s system = 7.390625s CPU (100.4%)

RUN-1004 : used memory is 973 MB, reserved memory is 1030 MB, peak memory is 1109 MB
RUN-1002 : start command "report_timing"
RUN-1002 : start command "start_timer"
RUN-1003 : finish command "start_timer" in  1.258414s wall, 1.234375s user + 0.046875s system = 1.281250s CPU (101.8%)

RUN-1004 : used memory is 1001 MB, reserved memory is 1059 MB, peak memory is 1109 MB
RUN-1002 : start command "end_timer"
RUN-1003 : finish command "report_timing" in  2.426849s wall, 2.375000s user + 0.078125s system = 2.453125s CPU (101.1%)

RUN-1004 : used memory is 1071 MB, reserved memory is 1129 MB, peak memory is 1109 MB
TMR-3509 : Import timing summary.
RUN-1002 : start command "report_timing -mode manhattan"
RUN-1002 : start command "start_timer"
TMR-2505 : Start building timing graph for model SDR_Pad.
TMR-2506 : Build timing graph completely. Port num: 49, tpin num: 63785, tnet num: 14339, tinst num: 6130, tnode num: 73902, tedge num: 109215.
TMR-2508 : Levelizing timing graph completed, there are 295 levels in total.
TMR-2501 : Timing graph initialized successfully.
RUN-1003 : finish command "start_timer" in  1.253477s wall, 1.281250s user + 0.062500s system = 1.343750s CPU (107.2%)

RUN-1004 : used memory is 1087 MB, reserved memory is 1146 MB, peak memory is 1109 MB
TMR-2503 : Start to update net delay, extr mode = 3.
TMR-2504 : Update delay of 14339 nets completely.
TMR-2502 : Annotate delay completely, extr mode = 3.
TMR-3001 : Initiate 4 clocks from SDC.
TMR-3004 : Map sdc constraints, there are 5 constraints in total.
TMR-6513 WARNING: No path found for constraint(s): 
	set_false_path -from [ get_clocks {adc_clkl} ] -to [ get_clocks {clk} ].
TMR-6513 WARNING: No path found for constraint(s): 
	set_false_path -from [ get_clocks {clk} ] -to [ get_nets {differentiator/filter/CLK} ].
TMR-6513 WARNING: No path found for constraint(s): 
	set_false_path -from [ get_nets {differentiator/filter/CLK} ] -to [ get_clocks {clk} ].
TMR-6513 WARNING: No path found for constraint(s): 
	set_false_path -from [ get_nets {differentiator/filter/CLK} ] -to [ get_clocks {rgmii_rxcl} ].
TMR-3003 : Constraints initiated successfully.
TMR-3501 : Forward propagation: start to calculate arrival time...
TMR-3502 : Backward propagation: start to calculate required time...
TMR-3503 : Timing propagation completes.
TMR-3506 : Start to generate timing report.
TMR-1502 : Number of clock constraints = 4. Number of clock nets = 13 (9 unconstrainted).
TMR-5009 WARNING: No clock constraint on 9 clock net(s): 
	APBTube/ClkDiv/div_clk_syn_6
	APB_Keyboard/KeyToCol/rowcnt[1]_syn_10
	APB_Keyboard/KeyToCol/sa_clk_syn_6
	CW_clk
	QN8027_clk_dup_1
	SWCLK_syn_4
	clk_in_dup_1
	i2c/DUT_FIFO_TX/w_counter_n_syn_2
	u_spi_master/u_spictrl/u_clkgen/spi_clk_syn_2
TMR-3508 : Export timing summary.
TMR-3507 : Timing report generated successfully in SDR_Pad_timing.rpt, timing summary in SDR_Pad_timing.tsm.
RUN-1002 : start command "end_timer"
RUN-1003 : finish command "report_timing -mode manhattan" in  2.026912s wall, 2.031250s user + 0.109375s system = 2.140625s CPU (105.6%)

RUN-1004 : used memory is 1086 MB, reserved memory is 1145 MB, peak memory is 1109 MB
RUN-1001 : reset_run syn_1 phy_1.
GUI-6001 WARNING: File D:/Project/anlogic/SDRV4_1/td/SDRV4_0_Runs/phy_1/SDRV4_0.bit does not exist!
RUN-1001 : launch_runs syn_1 phy_1  -jobs 6.
RUN-1001 : syn_1: run complete.
RUN-1001 : phy_1: run complete.
RUN-1001 : open_run phy_1.
RUN-1002 : start command "import_db D:/Project/anlogic/SDRV4_1/td/SDRV4_0_Runs/phy_1/SDRV4_0_pr.db"
RUN-1001 : Importing database generated by Tang Dynasty, V5.6.53426.
RUN-1001 : Database version number 46140.
RUN-1001 : Import flow parameters
PHY-1001 : Generate detailed routing grids ...
PHY-1001 : Generate nets ...
PHY-1001 : clock net CW_clk will be merged with clock PLL/clk0_buf
PHY-1001 : net QN8027_clk_dup_1 will be routed on clock mesh
PHY-1001 : clock net SWCLK_syn_4 will be merged with clock SWCLK_dup_1
PHY-1001 : net clk_in_dup_1 will be routed on clock mesh
PHY-1001 : clock net rgmii_rxc_syn_4 will be merged with clock rgmii_rxc_dup_1
PHY-1001 : clock net APBTube/ClkDiv/div_clk_syn_6 will be merged with clock APBTube/ClkDiv/div_clk
PHY-1001 : clock net APB_Keyboard/KeyToCol/rowcnt[1]_syn_10 will be merged with clock APB_Keyboard/KeyToCol/rowcnt[1]
PHY-1001 : clock net APB_Keyboard/KeyToCol/sa_clk_syn_6 will be merged with clock APB_Keyboard/KeyToCol/sa_clk
PHY-1001 : net differentiator/clk will be routed on clock mesh
PHY-1001 : clock net differentiator/filter/CLK_syn_10 will be merged with clock differentiator/filter/CLK
PHY-1001 : clock net i2c/DUT_FIFO_TX/w_counter_n_syn_2 will be merged with clock i2c/DUT_FIFO_TX/w_counter_n
PHY-1001 : net u_logic/SCLK will be routed on clock mesh
PHY-1001 : clock net u_spi_master/u_spictrl/u_clkgen/spi_clk_syn_2 will be merged with clock u_spi_master/u_spictrl/u_clkgen/spi_clk
PHY-1001 : eco open net = 0
PHY-1001 : 1303 feed throughs used by 943 nets
RUN-1001 : Import timing constraints
RUN-1001 : Import IO constraints
RUN-1001 : Import Inst constraints
RUN-1001 : Import design success TD_VERSION=5.6.53426 , DB_VERSION=46140
ARC-1002 : Mark IO location M12 as dedicate.
ARC-1002 : Mark IO location P12 as dedicate.
RUN-1003 : finish command "import_db D:/Project/anlogic/SDRV4_1/td/SDRV4_0_Runs/phy_1/SDRV4_0_pr.db" in  7.307696s wall, 7.078125s user + 0.281250s system = 7.359375s CPU (100.7%)

RUN-1004 : used memory is 970 MB, reserved memory is 1049 MB, peak memory is 1109 MB
RUN-1002 : start command "report_timing"
RUN-1002 : start command "start_timer"
RUN-1003 : finish command "start_timer" in  1.309859s wall, 1.296875s user + 0.046875s system = 1.343750s CPU (102.6%)

RUN-1004 : used memory is 994 MB, reserved memory is 1064 MB, peak memory is 1109 MB
RUN-1002 : start command "end_timer"
RUN-1003 : finish command "report_timing" in  2.567457s wall, 2.500000s user + 0.093750s system = 2.593750s CPU (101.0%)

RUN-1004 : used memory is 1064 MB, reserved memory is 1135 MB, peak memory is 1109 MB
TMR-3509 : Import timing summary.
RUN-1002 : start command "report_timing -mode manhattan"
RUN-1002 : start command "start_timer"
TMR-2505 : Start building timing graph for model SDR_Pad.
TMR-2506 : Build timing graph completely. Port num: 49, tpin num: 63785, tnet num: 14339, tinst num: 6130, tnode num: 73902, tedge num: 109215.
TMR-2508 : Levelizing timing graph completed, there are 295 levels in total.
TMR-2501 : Timing graph initialized successfully.
RUN-1003 : finish command "start_timer" in  1.257297s wall, 1.218750s user + 0.125000s system = 1.343750s CPU (106.9%)

RUN-1004 : used memory is 1079 MB, reserved memory is 1149 MB, peak memory is 1109 MB
TMR-2503 : Start to update net delay, extr mode = 3.
TMR-2504 : Update delay of 14339 nets completely.
TMR-2502 : Annotate delay completely, extr mode = 3.
TMR-3001 : Initiate 4 clocks from SDC.
TMR-3004 : Map sdc constraints, there are 5 constraints in total.
TMR-6513 WARNING: No path found for constraint(s): 
	set_false_path -from [ get_clocks {adc_clkl} ] -to [ get_clocks {clk} ].
TMR-3003 : Constraints initiated successfully.
TMR-3501 : Forward propagation: start to calculate arrival time...
TMR-3502 : Backward propagation: start to calculate required time...
TMR-3503 : Timing propagation completes.
TMR-3506 : Start to generate timing report.
TMR-1502 : Number of clock constraints = 4. Number of clock nets = 13 (9 unconstrainted).
TMR-5009 WARNING: No clock constraint on 9 clock net(s): 
	APBTube/ClkDiv/div_clk_syn_6
	APB_Keyboard/KeyToCol/rowcnt[1]_syn_10
	APB_Keyboard/KeyToCol/sa_clk_syn_6
	CW_clk
	QN8027_clk_dup_1
	SWCLK_syn_4
	clk_in_dup_1
	i2c/DUT_FIFO_TX/w_counter_n_syn_2
	u_spi_master/u_spictrl/u_clkgen/spi_clk_syn_2
TMR-3508 : Export timing summary.
TMR-3507 : Timing report generated successfully in SDR_Pad_timing.rpt, timing summary in SDR_Pad_timing.tsm.
RUN-1002 : start command "end_timer"
RUN-1003 : finish command "report_timing -mode manhattan" in  2.038252s wall, 1.984375s user + 0.140625s system = 2.125000s CPU (104.3%)

RUN-1004 : used memory is 1078 MB, reserved memory is 1147 MB, peak memory is 1109 MB
RUN-1002 : start command "download -bit SDRV4_0_Runs\phy_1\SDRV4_0.bit -mode jtag -spd 7 -sec 64 -cable 0"
PRG-2014 : Chip validation success: EAGLE_S20_BG256
RUN-1002 : start command "bit_to_vec -chip EAGLE_S20_BG256 -m jtag_burst -freq 4 -bit SDRV4_0_Runs/phy_1/SDRV4_0.bit"
RUN-1002 : start command "program -cable 0 -mode svf -spd 7 -p"
RUN-1003 : finish command "program -cable 0 -mode svf -spd 7 -p" in  6.630976s wall, 0.046875s user + 0.093750s system = 0.140625s CPU (2.1%)

RUN-1004 : used memory is 1102 MB, reserved memory is 1171 MB, peak memory is 1121 MB
RUN-1003 : finish command "download -bit SDRV4_0_Runs\phy_1\SDRV4_0.bit -mode jtag -spd 7 -sec 64 -cable 0" in  6.947463s wall, 0.140625s user + 0.140625s system = 0.281250s CPU (4.0%)

RUN-1004 : used memory is 1102 MB, reserved memory is 1171 MB, peak memory is 1121 MB
GUI-1001 : Download success!
RUN-1002 : start command "download -mode erase_spi -spd 1 -chip EAGLE_S20_BG256 -cable 0"
PRG-2014 : Chip validation success: EAGLE_S20_BG256
PRG-1001 : SPI Flash ID is:  ef
PRG-2019 : Erase flash successfully.
RUN-1003 : finish command "download -mode erase_spi -spd 1 -chip EAGLE_S20_BG256 -cable 0" in  8.144436s wall, 5.515625s user + 0.031250s system = 5.546875s CPU (68.1%)

RUN-1004 : used memory is 1098 MB, reserved memory is 1169 MB, peak memory is 1121 MB
GUI-1001 : Erase flash success!
RUN-1002 : start command "download -bit SDRV4_0_Runs\phy_1\SDRV4_0.bit -mode jtag -spd 7 -sec 64 -cable 0"
PRG-2014 : Chip validation success: EAGLE_S20_BG256
RUN-1002 : start command "bit_to_vec -chip EAGLE_S20_BG256 -m jtag_burst -freq 4 -bit SDRV4_0_Runs/phy_1/SDRV4_0.bit"
RUN-1002 : start command "program -cable 0 -mode svf -spd 7 -p"
RUN-1003 : finish command "program -cable 0 -mode svf -spd 7 -p" in  6.640242s wall, 0.062500s user + 0.031250s system = 0.093750s CPU (1.4%)

RUN-1004 : used memory is 1098 MB, reserved memory is 1169 MB, peak memory is 1121 MB
RUN-1003 : finish command "download -bit SDRV4_0_Runs\phy_1\SDRV4_0.bit -mode jtag -spd 7 -sec 64 -cable 0" in  6.962272s wall, 0.140625s user + 0.109375s system = 0.250000s CPU (3.6%)

RUN-1004 : used memory is 1098 MB, reserved memory is 1169 MB, peak memory is 1121 MB
GUI-1001 : Download success!
RUN-1002 : start command "download -bit SDRV4_0_Runs\phy_1\SDRV4_0.bit -mode jtag -spd 7 -sec 64 -cable 0"
PRG-2014 : Chip validation success: EAGLE_S20_BG256
RUN-1002 : start command "bit_to_vec -chip EAGLE_S20_BG256 -m jtag_burst -freq 4 -bit SDRV4_0_Runs/phy_1/SDRV4_0.bit"
RUN-1002 : start command "program -cable 0 -mode svf -spd 7 -p"
RUN-1003 : finish command "program -cable 0 -mode svf -spd 7 -p" in  6.633082s wall, 0.078125s user + 0.046875s system = 0.125000s CPU (1.9%)

RUN-1004 : used memory is 1098 MB, reserved memory is 1169 MB, peak memory is 1121 MB
RUN-1003 : finish command "download -bit SDRV4_0_Runs\phy_1\SDRV4_0.bit -mode jtag -spd 7 -sec 64 -cable 0" in  6.955254s wall, 0.218750s user + 0.062500s system = 0.281250s CPU (4.0%)

RUN-1004 : used memory is 1098 MB, reserved memory is 1169 MB, peak memory is 1121 MB
GUI-1001 : Download success!
RUN-1002 : start command "download -bit SDRV4_0_Runs\phy_1\SDRV4_0.bit -mode jtag -spd 7 -sec 64 -cable 0"
PRG-2014 : Chip validation success: EAGLE_S20_BG256
RUN-1002 : start command "bit_to_vec -chip EAGLE_S20_BG256 -m jtag_burst -freq 4 -bit SDRV4_0_Runs/phy_1/SDRV4_0.bit"
RUN-1002 : start command "program -cable 0 -mode svf -spd 7 -p"
RUN-1003 : finish command "program -cable 0 -mode svf -spd 7 -p" in  6.644223s wall, 0.078125s user + 0.125000s system = 0.203125s CPU (3.1%)

RUN-1004 : used memory is 1098 MB, reserved memory is 1169 MB, peak memory is 1121 MB
RUN-1003 : finish command "download -bit SDRV4_0_Runs\phy_1\SDRV4_0.bit -mode jtag -spd 7 -sec 64 -cable 0" in  6.965296s wall, 0.187500s user + 0.125000s system = 0.312500s CPU (4.5%)

RUN-1004 : used memory is 1098 MB, reserved memory is 1169 MB, peak memory is 1121 MB
GUI-1001 : Download success!
RUN-1002 : start command "download -bit SDRV4_0_Runs\phy_1\SDRV4_0.bit -mode jtag -spd 7 -sec 64 -cable 0"
PRG-2014 : Chip validation success: EAGLE_S20_BG256
RUN-1002 : start command "bit_to_vec -chip EAGLE_S20_BG256 -m jtag_burst -freq 4 -bit SDRV4_0_Runs/phy_1/SDRV4_0.bit"
RUN-1002 : start command "program -cable 0 -mode svf -spd 7 -p"
RUN-1003 : finish command "program -cable 0 -mode svf -spd 7 -p" in  6.626431s wall, 0.078125s user + 0.078125s system = 0.156250s CPU (2.4%)

RUN-1004 : used memory is 1098 MB, reserved memory is 1169 MB, peak memory is 1121 MB
RUN-1003 : finish command "download -bit SDRV4_0_Runs\phy_1\SDRV4_0.bit -mode jtag -spd 7 -sec 64 -cable 0" in  6.947825s wall, 0.171875s user + 0.093750s system = 0.265625s CPU (3.8%)

RUN-1004 : used memory is 1098 MB, reserved memory is 1169 MB, peak memory is 1121 MB
GUI-1001 : Download success!
HDL-1007 : analyze verilog file ../rtl/ethernet/Ethernet_TX.v
