============================================================
   Tang Dynasty, V5.6.53426
   Copyright (c) 2012-2022 Anlogic
   Executable = D:/anlogic/TD5.6.1/bin/td.exe
   Built at =   19:26:25 Jun 10 2022
   Run by =     Spica
   Run Date =   Sat Aug 20 15:00:36 2022

   Run on =     LAPTOP-1TLPN50G
============================================================
RUN-1001 : open_run phy_1.
RUN-1002 : start command "import_db D:/jichuang/SDRV4_2_1/td/SDRV4_0_Runs/phy_1/SDRV4_0_pr.db"
RUN-1001 : Importing database generated by Tang Dynasty, V5.6.53426.
RUN-1001 : Database version number 46140.
RUN-1001 : Import flow parameters
PHY-1001 : Generate detailed routing grids ...
PHY-1001 : Generate nets ...
PHY-1001 : clock net CW_clk will be merged with clock PLL/clk0_buf
PHY-1001 : net QN8027_clk_dup_1 will be routed on clock mesh
PHY-1001 : clock net SWCLK_syn_4 will be merged with clock SWCLK_dup_1
PHY-1001 : net clk_in_dup_1 will be routed on clock mesh
PHY-1001 : clock net rgmii_rxc_syn_4 will be merged with clock rgmii_rxc_dup_1
PHY-1001 : clock net APBTube/ClkDiv/div_clk_syn_6 will be merged with clock APBTube/ClkDiv/div_clk
PHY-1001 : clock net APB_Keyboard/KeyToCol/rowcnt[1]_syn_10 will be merged with clock APB_Keyboard/KeyToCol/rowcnt[1]
PHY-1001 : clock net APB_Keyboard/KeyToCol/sa_clk_syn_6 will be merged with clock APB_Keyboard/KeyToCol/sa_clk
PHY-1001 : net differentiator/clk will be routed on clock mesh
PHY-1001 : clock net differentiator/filter/CLK_syn_10 will be merged with clock differentiator/filter/CLK
PHY-1001 : clock net ethernet/u1/gmii_rx_clk_in_syn_3 will be merged with clock ethernet/u1/gmii_rx_clk_in
PHY-1001 : clock net i2c/DUT_FIFO_TX/w_counter_n_syn_2 will be merged with clock i2c/DUT_FIFO_TX/w_counter_n
PHY-1001 : clock net ledwater/light_clk_syn_6 will be merged with clock ledwater/light_clk
PHY-1001 : net u_logic/SCLK will be routed on clock mesh
PHY-1001 : clock net u_spi_master/u_spictrl/u_clkgen/spi_clk_syn_2 will be merged with clock u_spi_master/u_spictrl/u_clkgen/spi_clk
PHY-1001 : eco open net = 0
PHY-1001 : 1187 feed throughs used by 776 nets
RUN-1001 : Import timing constraints
RUN-1001 : Import IO constraints
RUN-1001 : Import Inst constraints
RUN-1001 : Import design success TD_VERSION=5.6.53426 , DB_VERSION=46140
ARC-1002 : Mark IO location M12 as dedicate.
ARC-1002 : Mark IO location P12 as dedicate.
RUN-1003 : finish command "import_db D:/jichuang/SDRV4_2_1/td/SDRV4_0_Runs/phy_1/SDRV4_0_pr.db" in  12.061647s wall, 11.671875s user + 0.546875s system = 12.218750s CPU (101.3%)

RUN-1004 : used memory is 853 MB, reserved memory is 849 MB, peak memory is 903 MB
RUN-1002 : start command "report_timing"
RUN-1002 : start command "start_timer"
RUN-1003 : finish command "start_timer" in  1.603148s wall, 1.625000s user + 0.046875s system = 1.671875s CPU (104.3%)

RUN-1004 : used memory is 938 MB, reserved memory is 922 MB, peak memory is 938 MB
RUN-1002 : start command "end_timer"
RUN-1003 : finish command "report_timing" in  3.039129s wall, 2.953125s user + 0.171875s system = 3.125000s CPU (102.8%)

RUN-1004 : used memory is 905 MB, reserved memory is 898 MB, peak memory is 1012 MB
RUN-1002 : start command "download -bit SDRV4_0_Runs\phy_1\SDRV4_0.bit -mode jtag -spd 7 -sec 64 -cable 0"
PRG-2014 : Chip validation success: EAGLE_S20_BG256
RUN-1002 : start command "bit_to_vec -chip EAGLE_S20_BG256 -m jtag_burst -freq 4 -bit SDRV4_0_Runs/phy_1/SDRV4_0.bit"
RUN-1002 : start command "program -cable 0 -mode svf -spd 7 -p"
RUN-1003 : finish command "program -cable 0 -mode svf -spd 7 -p" in  6.771989s wall, 0.265625s user + 0.187500s system = 0.453125s CPU (6.7%)

RUN-1004 : used memory is 934 MB, reserved memory is 923 MB, peak memory is 1012 MB
RUN-1003 : finish command "download -bit SDRV4_0_Runs\phy_1\SDRV4_0.bit -mode jtag -spd 7 -sec 64 -cable 0" in  7.102084s wall, 0.421875s user + 0.218750s system = 0.640625s CPU (9.0%)

RUN-1004 : used memory is 934 MB, reserved memory is 923 MB, peak memory is 1012 MB
GUI-1001 : Download success!
RUN-1002 : start command "download -bit SDRV4_0_Runs\phy_1\SDRV4_0.bit -mode program_spi -v -spd 7 -sec 64 -cable 0 -flashsize 128"
PRG-2014 : Chip validation success: EAGLE_S20_BG256
PRG-1001 : SPI Flash ID is:  ef
RUN-1002 : start command "bit_to_vec -chip EAGLE_S20_BG256 -m program_spi -freq 4 -bit SDRV4_0_Runs/phy_1/SDRV4_0.bit"
RUN-1003 : finish command "bit_to_vec -chip EAGLE_S20_BG256 -m program_spi -freq 4 -bit SDRV4_0_Runs/phy_1/SDRV4_0.bit" in  1.720453s wall, 1.578125s user + 0.156250s system = 1.734375s CPU (100.8%)

RUN-1004 : used memory is 1236 MB, reserved memory is 1239 MB, peak memory is 1246 MB
RUN-1002 : start command "program_spi -cable 0 -spd 7"
RUN-1003 : finish command "program_spi -cable 0 -spd 7" in  101.460363s wall, 7.093750s user + 2.578125s system = 9.671875s CPU (9.5%)

RUN-1004 : used memory is 1236 MB, reserved memory is 1240 MB, peak memory is 1246 MB
RUN-1002 : start command "bit_to_vec -chip EAGLE_S20_BG256 -m verify_spi -freq 4 -bit SDRV4_0_Runs/phy_1/SDRV4_0.bit"
RUN-1002 : start command "program -cable 0 -spd 4"
RUN-1003 : finish command "program -cable 0 -spd 4" in  27.351838s wall, 0.656250s user + 0.875000s system = 1.531250s CPU (5.6%)

RUN-1004 : used memory is 1030 MB, reserved memory is 1024 MB, peak memory is 1246 MB
RUN-1003 : finish command "download -bit SDRV4_0_Runs\phy_1\SDRV4_0.bit -mode program_spi -v -spd 7 -sec 64 -cable 0 -flashsize 128" in  133.953881s wall, 11.062500s user + 3.828125s system = 14.890625s CPU (11.1%)

RUN-1004 : used memory is 1030 MB, reserved memory is 1024 MB, peak memory is 1246 MB
GUI-1001 : Download success!
RUN-1002 : start command "download -bit SDRV4_0_Runs\phy_1\SDRV4_0.bit -mode jtag -spd 7 -sec 64 -cable 0"
PRG-2014 : Chip validation success: EAGLE_S20_BG256
RUN-1002 : start command "bit_to_vec -chip EAGLE_S20_BG256 -m jtag_burst -freq 4 -bit SDRV4_0_Runs/phy_1/SDRV4_0.bit"
RUN-1002 : start command "program -cable 0 -mode svf -spd 7 -p"
RUN-1003 : finish command "program -cable 0 -mode svf -spd 7 -p" in  6.853874s wall, 0.281250s user + 0.390625s system = 0.671875s CPU (9.8%)

RUN-1004 : used memory is 1050 MB, reserved memory is 1043 MB, peak memory is 1246 MB
RUN-1003 : finish command "download -bit SDRV4_0_Runs\phy_1\SDRV4_0.bit -mode jtag -spd 7 -sec 64 -cable 0" in  7.296704s wall, 0.484375s user + 0.437500s system = 0.921875s CPU (12.6%)

RUN-1004 : used memory is 1050 MB, reserved memory is 1043 MB, peak memory is 1246 MB
GUI-1001 : Download success!
RUN-1002 : start command "download -bit SDRV4_0_Runs\phy_1\SDRV4_0.bit -mode jtag -spd 7 -sec 64 -cable 1"
PRG-2014 : Chip validation success: EAGLE_S20_BG256
RUN-1002 : start command "bit_to_vec -chip EAGLE_S20_BG256 -m jtag_burst -freq 4 -bit SDRV4_0_Runs/phy_1/SDRV4_0.bit"
RUN-1002 : start command "program -cable 1 -mode svf -spd 7 -p"
RUN-1003 : finish command "program -cable 1 -mode svf -spd 7 -p" in  6.854905s wall, 0.375000s user + 0.375000s system = 0.750000s CPU (10.9%)

RUN-1004 : used memory is 390 MB, reserved memory is 1044 MB, peak memory is 1246 MB
RUN-1003 : finish command "download -bit SDRV4_0_Runs\phy_1\SDRV4_0.bit -mode jtag -spd 7 -sec 64 -cable 1" in  7.305487s wall, 0.640625s user + 0.406250s system = 1.046875s CPU (14.3%)

RUN-1004 : used memory is 390 MB, reserved memory is 1044 MB, peak memory is 1246 MB
GUI-1001 : Download success!
