============================================================
   Tang Dynasty, V5.6.53426
   Copyright (c) 2012-2022 Anlogic
   Executable = D:/anlogic/TD5.6.1/bin/td.exe
   Built at =   19:26:25 Jun 10 2022
   Run by =     Spica
   Run Date =   Sun Jul 17 14:43:37 2022

   Run on =     LAPTOP-1TLPN50G
============================================================
RUN-1001 : open_run phy_1.
RUN-1002 : start command "import_db D:/jichuang/SDRV4_2_1/td/SDRV4_0_Runs/phy_1/SDRV4_0_pr.db"
RUN-1001 : Importing database generated by Tang Dynasty, V5.6.53426.
RUN-1001 : Database version number 46140.
RUN-1001 : Import flow parameters
PHY-1001 : Generate detailed routing grids ...
PHY-1001 : Generate nets ...
PHY-1001 : clock net CW_clk will be merged with clock PLL/clk0_buf
PHY-1001 : net QN8027_clk_dup_1 will be routed on clock mesh
PHY-1001 : clock net SWCLK_syn_4 will be merged with clock SWCLK_dup_1
PHY-1001 : net clk_in_dup_1 will be routed on clock mesh
PHY-1001 : clock net rgmii_rxc_syn_4 will be merged with clock rgmii_rxc_dup_1
PHY-1001 : clock net APBTube/ClkDiv/div_clk_syn_6 will be merged with clock APBTube/ClkDiv/div_clk
PHY-1001 : clock net APB_Keyboard/KeyToCol/rowcnt[1]_syn_10 will be merged with clock APB_Keyboard/KeyToCol/rowcnt[1]
PHY-1001 : clock net APB_Keyboard/KeyToCol/sa_clk_syn_6 will be merged with clock APB_Keyboard/KeyToCol/sa_clk
PHY-1001 : net differentiator/clk will be routed on clock mesh
PHY-1001 : clock net differentiator/filter/CLK_syn_10 will be merged with clock differentiator/filter/CLK
PHY-1001 : clock net ethernet/u1/gmii_rx_clk_in_syn_3 will be merged with clock ethernet/u1/gmii_rx_clk_in
PHY-1001 : clock net i2c/DUT_FIFO_TX/w_counter_n_syn_2 will be merged with clock i2c/DUT_FIFO_TX/w_counter_n
PHY-1001 : clock net ledwater/light_clk_syn_6 will be merged with clock ledwater/light_clk
PHY-1001 : net u_logic/SCLK will be routed on clock mesh
PHY-1001 : clock net u_spi_master/u_spictrl/u_clkgen/spi_clk_syn_2 will be merged with clock u_spi_master/u_spictrl/u_clkgen/spi_clk
PHY-1001 : eco open net = 0
PHY-1001 : 1251 feed throughs used by 872 nets
RUN-1001 : Import timing constraints
RUN-1001 : Import IO constraints
RUN-1001 : Import Inst constraints
RUN-1001 : Import design success TD_VERSION=5.6.53426 , DB_VERSION=46140
ARC-1002 : Mark IO location M12 as dedicate.
ARC-1002 : Mark IO location P12 as dedicate.
RUN-1003 : finish command "import_db D:/jichuang/SDRV4_2_1/td/SDRV4_0_Runs/phy_1/SDRV4_0_pr.db" in  13.481492s wall, 13.109375s user + 0.390625s system = 13.500000s CPU (100.1%)

RUN-1004 : used memory is 851 MB, reserved memory is 846 MB, peak memory is 903 MB
RUN-1002 : start command "report_timing"
RUN-1002 : start command "start_timer"
RUN-1003 : finish command "start_timer" in  1.945237s wall, 1.937500s user + 0.109375s system = 2.046875s CPU (105.2%)

RUN-1004 : used memory is 937 MB, reserved memory is 920 MB, peak memory is 937 MB
RUN-1002 : start command "end_timer"
RUN-1003 : finish command "report_timing" in  3.745084s wall, 3.609375s user + 0.281250s system = 3.890625s CPU (103.9%)

RUN-1004 : used memory is 890 MB, reserved memory is 888 MB, peak memory is 1012 MB
RUN-1002 : start command "download -bit SDRV4_0_Runs\phy_1\SDRV4_0.bit -mode jtag -spd 7 -sec 64 -cable 0"
PRG-2014 : Chip validation success: EAGLE_S20_BG256
RUN-1002 : start command "bit_to_vec -chip EAGLE_S20_BG256 -m jtag_burst -freq 4 -bit SDRV4_0_Runs/phy_1/SDRV4_0.bit"
RUN-1002 : start command "program -cable 0 -mode svf -spd 7 -p"
RUN-1003 : finish command "program -cable 0 -mode svf -spd 7 -p" in  6.734659s wall, 0.203125s user + 0.234375s system = 0.437500s CPU (6.5%)

RUN-1004 : used memory is 917 MB, reserved memory is 912 MB, peak memory is 1012 MB
RUN-1003 : finish command "download -bit SDRV4_0_Runs\phy_1\SDRV4_0.bit -mode jtag -spd 7 -sec 64 -cable 0" in  7.071213s wall, 0.296875s user + 0.250000s system = 0.546875s CPU (7.7%)

RUN-1004 : used memory is 917 MB, reserved memory is 912 MB, peak memory is 1012 MB
GUI-1001 : Download success!
RUN-1002 : start command "download -bit SDRV4_0_Runs\phy_1\SDRV4_0.bit -mode jtag -spd 7 -sec 64 -cable 0"
PRG-2014 : Chip validation success: EAGLE_S20_BG256
RUN-1002 : start command "bit_to_vec -chip EAGLE_S20_BG256 -m jtag_burst -freq 4 -bit SDRV4_0_Runs/phy_1/SDRV4_0.bit"
RUN-1002 : start command "program -cable 0 -mode svf -spd 7 -p"
RUN-1003 : finish command "program -cable 0 -mode svf -spd 7 -p" in  6.736856s wall, 0.187500s user + 0.390625s system = 0.578125s CPU (8.6%)

RUN-1004 : used memory is 917 MB, reserved memory is 912 MB, peak memory is 1012 MB
RUN-1003 : finish command "download -bit SDRV4_0_Runs\phy_1\SDRV4_0.bit -mode jtag -spd 7 -sec 64 -cable 0" in  7.062522s wall, 0.312500s user + 0.437500s system = 0.750000s CPU (10.6%)

RUN-1004 : used memory is 917 MB, reserved memory is 912 MB, peak memory is 1012 MB
GUI-1001 : Download success!
RUN-1002 : start command "download -bit SDRV4_0_Runs\phy_1\SDRV4_0.bit -mode jtag -spd 7 -sec 64 -cable 0"
PRG-2014 : Chip validation success: EAGLE_S20_BG256
RUN-1002 : start command "bit_to_vec -chip EAGLE_S20_BG256 -m jtag_burst -freq 4 -bit SDRV4_0_Runs/phy_1/SDRV4_0.bit"
RUN-1002 : start command "program -cable 0 -mode svf -spd 7 -p"
RUN-1003 : finish command "program -cable 0 -mode svf -spd 7 -p" in  6.751570s wall, 0.203125s user + 0.265625s system = 0.468750s CPU (6.9%)

RUN-1004 : used memory is 918 MB, reserved memory is 912 MB, peak memory is 1012 MB
RUN-1003 : finish command "download -bit SDRV4_0_Runs\phy_1\SDRV4_0.bit -mode jtag -spd 7 -sec 64 -cable 0" in  7.076743s wall, 0.312500s user + 0.281250s system = 0.593750s CPU (8.4%)

RUN-1004 : used memory is 918 MB, reserved memory is 912 MB, peak memory is 1012 MB
GUI-1001 : Download success!
RUN-1002 : start command "download -mode erase_spi -spd 1 -chip EAGLE_S20_BG256 -cable 0"
PRG-2014 : Chip validation success: EAGLE_S20_BG256
PRG-1001 : SPI Flash ID is:  ef
PRG-2019 : Erase flash successfully.
RUN-1003 : finish command "download -mode erase_spi -spd 1 -chip EAGLE_S20_BG256 -cable 0" in  8.166223s wall, 5.625000s user + 0.109375s system = 5.734375s CPU (70.2%)

RUN-1004 : used memory is 918 MB, reserved memory is 912 MB, peak memory is 1012 MB
GUI-1001 : Erase flash success!
RUN-1002 : start command "download -bit SDRV4_0_Runs\phy_1\SDRV4_0.bit -mode jtag -spd 7 -sec 64 -cable 0"
PRG-2014 : Chip validation success: EAGLE_S20_BG256
RUN-1002 : start command "bit_to_vec -chip EAGLE_S20_BG256 -m jtag_burst -freq 4 -bit SDRV4_0_Runs/phy_1/SDRV4_0.bit"
RUN-1002 : start command "program -cable 0 -mode svf -spd 7 -p"
RUN-1003 : finish command "program -cable 0 -mode svf -spd 7 -p" in  6.749419s wall, 0.171875s user + 0.437500s system = 0.609375s CPU (9.0%)

RUN-1004 : used memory is 919 MB, reserved memory is 913 MB, peak memory is 1012 MB
RUN-1003 : finish command "download -bit SDRV4_0_Runs\phy_1\SDRV4_0.bit -mode jtag -spd 7 -sec 64 -cable 0" in  7.075031s wall, 0.281250s user + 0.437500s system = 0.718750s CPU (10.2%)

RUN-1004 : used memory is 919 MB, reserved memory is 913 MB, peak memory is 1012 MB
GUI-1001 : Download success!
PRG-9505 ERROR: USB device open error, please re-connect the USB cable!
RUN-1002 : start command "download -bit SDRV4_0_Runs\phy_1\SDRV4_0.bit -mode jtag -spd 7 -sec 64 -cable 0"
PRG-2014 : Chip validation success: EAGLE_S20_BG256
RUN-1002 : start command "bit_to_vec -chip EAGLE_S20_BG256 -m jtag_burst -freq 4 -bit SDRV4_0_Runs/phy_1/SDRV4_0.bit"
RUN-1002 : start command "program -cable 0 -mode svf -spd 7 -p"
RUN-1003 : finish command "program -cable 0 -mode svf -spd 7 -p" in  6.742425s wall, 0.250000s user + 0.250000s system = 0.500000s CPU (7.4%)

RUN-1004 : used memory is 921 MB, reserved memory is 914 MB, peak memory is 1012 MB
RUN-1003 : finish command "download -bit SDRV4_0_Runs\phy_1\SDRV4_0.bit -mode jtag -spd 7 -sec 64 -cable 0" in  7.069788s wall, 0.375000s user + 0.265625s system = 0.640625s CPU (9.1%)

RUN-1004 : used memory is 921 MB, reserved memory is 914 MB, peak memory is 1012 MB
GUI-1001 : Download success!
RUN-1002 : start command "download -bit SDRV4_0_Runs\phy_1\SDRV4_0.bit -mode jtag -spd 7 -sec 64 -cable 0"
PRG-2014 : Chip validation success: EAGLE_S20_BG256
RUN-1002 : start command "bit_to_vec -chip EAGLE_S20_BG256 -m jtag_burst -freq 4 -bit SDRV4_0_Runs/phy_1/SDRV4_0.bit"
RUN-1002 : start command "program -cable 0 -mode svf -spd 7 -p"
RUN-1003 : finish command "program -cable 0 -mode svf -spd 7 -p" in  6.744834s wall, 0.250000s user + 0.265625s system = 0.515625s CPU (7.6%)

RUN-1004 : used memory is 922 MB, reserved memory is 914 MB, peak memory is 1012 MB
RUN-1003 : finish command "download -bit SDRV4_0_Runs\phy_1\SDRV4_0.bit -mode jtag -spd 7 -sec 64 -cable 0" in  7.068494s wall, 0.343750s user + 0.296875s system = 0.640625s CPU (9.1%)

RUN-1004 : used memory is 922 MB, reserved memory is 914 MB, peak memory is 1012 MB
GUI-1001 : Download success!
RUN-1002 : start command "download -bit SDRV4_0_Runs\phy_1\SDRV4_0.bit -mode jtag -spd 7 -sec 64 -cable 0"
PRG-2014 : Chip validation success: EAGLE_S20_BG256
RUN-1002 : start command "bit_to_vec -chip EAGLE_S20_BG256 -m jtag_burst -freq 4 -bit SDRV4_0_Runs/phy_1/SDRV4_0.bit"
RUN-1002 : start command "program -cable 0 -mode svf -spd 7 -p"
RUN-1003 : finish command "program -cable 0 -mode svf -spd 7 -p" in  6.757636s wall, 0.140625s user + 0.234375s system = 0.375000s CPU (5.5%)

RUN-1004 : used memory is 920 MB, reserved memory is 912 MB, peak memory is 1012 MB
RUN-1003 : finish command "download -bit SDRV4_0_Runs\phy_1\SDRV4_0.bit -mode jtag -spd 7 -sec 64 -cable 0" in  7.081051s wall, 0.265625s user + 0.296875s system = 0.562500s CPU (7.9%)

RUN-1004 : used memory is 920 MB, reserved memory is 912 MB, peak memory is 1012 MB
GUI-1001 : Download success!
