============================================================
   Tang Dynasty, V5.6.53426
   Copyright (c) 2012-2022 Anlogic
   Executable = D:/TD/bin/td.exe
   Built at =   19:26:25 Jun 10 2022
   Run by =     Teriia
   Run Date =   Thu Jun 23 20:41:41 2022

   Run on =     DESKTOP-ND05MAH
============================================================
RUN-1001 : open_run syn_1.
RUN-1002 : start command "import_db D:/Project/anlogic/SDRV4_0/td/SDRV4_0_Runs/syn_1/SDRV4_0_elaborate.db"
RUN-1001 : Importing database generated by Tang Dynasty, V5.5.47752.
RUN-1001 : Database version number 46132.
RUN-1001 : Import IO constraints
RUN-1001 : Import Inst constraints
RUN-6014 WARNING: Importing design, skipped an obsolete step parameter flow:name_db.
RUN-6014 WARNING: Importing design, skipped an obsolete step parameter rtl:honor_max_fanout.
RUN-6014 WARNING: Importing design, skipped an obsolete step parameter rtl:new_merge_equal.
RUN-6014 WARNING: Importing design, skipped an obsolete step parameter rtl:retiming_mode.
RUN-6014 WARNING: Importing design, skipped an obsolete step parameter timing:universal_derate.
RUN-1001 : Import flow parameters
ARC-1002 : Mark IO location M12 as dedicate.
ARC-1002 : Mark IO location P12 as dedicate.
RUN-1003 : finish command "import_db D:/Project/anlogic/SDRV4_0/td/SDRV4_0_Runs/syn_1/SDRV4_0_elaborate.db" in  1.529586s wall, 1.515625s user + 0.046875s system = 1.562500s CPU (102.2%)

RUN-1004 : used memory is 384 MB, reserved memory is 345 MB, peak memory is 392 MB
RUN-1002 : start command "report_timing"
RUN-1002 : start command "start_timer"
RUN-1003 : finish command "start_timer" in  1.123787s wall, 1.078125s user + 0.046875s system = 1.125000s CPU (100.1%)

RUN-1004 : used memory is 674 MB, reserved memory is 645 MB, peak memory is 674 MB
RUN-1002 : start command "end_timer"
RUN-1003 : finish command "report_timing" in  2.626380s wall, 2.578125s user + 0.062500s system = 2.640625s CPU (100.5%)

RUN-1004 : used memory is 412 MB, reserved memory is 405 MB, peak memory is 800 MB
RUN-1001 : reset_run syn_1 phy_1.
RUN-1001 : launch_runs syn_1 phy_1  -jobs 6.
RUN-1001 : syn_1: run complete.
RUN-1001 : phy_1: run complete.
RUN-1001 : open_run phy_1.
RUN-1002 : start command "import_db D:/Project/anlogic/SDRV4_0/td/SDRV4_0_Runs/phy_1/SDRV4_0_pr.db"
RUN-1001 : Importing database generated by Tang Dynasty, V5.6.53426.
RUN-1001 : Database version number 46140.
RUN-1001 : Import flow parameters
PHY-1001 : Generate detailed routing grids ...
PHY-1001 : Generate nets ...
PHY-1001 : clock net CW_clk will be merged with clock PLL/clk0_buf
PHY-1001 : net QN8027_clk_dup_1 will be routed on clock mesh
PHY-1001 : net SWCLK_dup_1 will be routed on clock mesh
PHY-1001 : net clk_in_dup_1 will be routed on clock mesh
PHY-1001 : clock net APBTube/ClkDiv/div_clk_syn_6 will be merged with clock APBTube/ClkDiv/div_clk
PHY-1001 : clock net APB_Keyboard/KeyToCol/rowcnt[1]_syn_10 will be merged with clock APB_Keyboard/KeyToCol/rowcnt[1]
PHY-1001 : clock net APB_Keyboard/KeyToCol/sa_clk_syn_6 will be merged with clock APB_Keyboard/KeyToCol/sa_clk
PHY-1001 : net differentiator/clk will be routed on clock mesh
PHY-1001 : clock net differentiator/filter/CLK_syn_6 will be merged with clock differentiator/filter/CLK
PHY-1001 : clock net i2c/DUT_FIFO_TX/w_counter_n_syn_2 will be merged with clock i2c/DUT_FIFO_TX/w_counter_n
PHY-1001 : net u_logic/SCLK will be routed on clock mesh
PHY-1001 : clock net u_spi_master/u_spictrl/u_clkgen/spi_clk_syn_2 will be merged with clock u_spi_master/u_spictrl/u_clkgen/spi_clk
PHY-1001 : eco open net = 0
PHY-1001 : 677 feed throughs used by 358 nets
RUN-1001 : Import timing constraints
RUN-1001 : Import IO constraints
RUN-1001 : Import Inst constraints
RUN-1001 : Import design success TD_VERSION=5.6.53426 , DB_VERSION=46140
ARC-1002 : Mark IO location M12 as dedicate.
ARC-1002 : Mark IO location P12 as dedicate.
RUN-1003 : finish command "import_db D:/Project/anlogic/SDRV4_0/td/SDRV4_0_Runs/phy_1/SDRV4_0_pr.db" in  10.055136s wall, 9.265625s user + 0.625000s system = 9.890625s CPU (98.4%)

RUN-1004 : used memory is 822 MB, reserved memory is 791 MB, peak memory is 880 MB
RUN-1002 : start command "report_timing"
RUN-1002 : start command "start_timer"
RUN-1003 : finish command "start_timer" in  1.131936s wall, 1.093750s user + 0.031250s system = 1.125000s CPU (99.4%)

RUN-1004 : used memory is 888 MB, reserved memory is 860 MB, peak memory is 888 MB
RUN-1002 : start command "end_timer"
RUN-1003 : finish command "report_timing" in  1.868375s wall, 1.796875s user + 0.062500s system = 1.859375s CPU (99.5%)

RUN-1004 : used memory is 833 MB, reserved memory is 810 MB, peak memory is 896 MB
RUN-1002 : start command "download -bit SDRV4_0_Runs\phy_1\SDRV4_0.bit -mode jtag -spd 7 -sec 64 -cable 0"
PRG-2014 : Chip validation success: EAGLE_S20_BG256
RUN-1002 : start command "bit_to_vec -chip EAGLE_S20_BG256 -m jtag_burst -freq 4 -bit SDRV4_0_Runs/phy_1/SDRV4_0.bit"
RUN-1002 : start command "program -cable 0 -mode svf -spd 7 -p"
RUN-1003 : finish command "program -cable 0 -mode svf -spd 7 -p" in  6.621399s wall, 0.109375s user + 0.031250s system = 0.140625s CPU (2.1%)

RUN-1004 : used memory is 830 MB, reserved memory is 845 MB, peak memory is 908 MB
RUN-1003 : finish command "download -bit SDRV4_0_Runs\phy_1\SDRV4_0.bit -mode jtag -spd 7 -sec 64 -cable 0" in  6.939066s wall, 0.250000s user + 0.062500s system = 0.312500s CPU (4.5%)

RUN-1004 : used memory is 830 MB, reserved memory is 845 MB, peak memory is 908 MB
GUI-1001 : Download success!
RUN-1001 : Print Global Property
RUN-1001 : ---------------------------------------------------------------
RUN-1001 :        Parameters        |  Settings  |  Default Values  |  Note  
RUN-1001 : ---------------------------------------------------------------
RUN-1001 :          message         |  standard  |     standard     |        
RUN-1001 :   mixed_pack_place_flow  |     on     |        on        |        
RUN-1001 :        syn_ip_flow       |    off     |       off        |        
RUN-1001 :          thread          |    auto    |       auto       |        
RUN-1001 : ---------------------------------------------------------------
RUN-1001 : Print Design Property
RUN-1001 : --------------------------------------------------------------
RUN-1001 :        Parameters       |  Settings  |  Default Values  |  Note  
RUN-1001 : --------------------------------------------------------------
RUN-1001 :   default_reg_initial   |    auto    |       auto       |        
RUN-1001 :        infer_add        |     on     |        on        |        
RUN-1001 :        infer_fsm        |    off     |       off        |        
RUN-1001 :        infer_mult       |     on     |        on        |        
RUN-1001 :        infer_ram        |     on     |        on        |        
RUN-1001 :        infer_reg        |     on     |        on        |        
RUN-1001 :   infer_reg_init_value  |     on     |        on        |        
RUN-1001 :        infer_rom        |     on     |        on        |        
RUN-1001 :      infer_shifter      |     on     |        on        |        
RUN-1001 : --------------------------------------------------------------
RUN-1001 : Print Rtl Property
RUN-1001 : --------------------------------------------------------------
RUN-1001 :        Parameters       |  Settings  |  Default Values  |  Note  
RUN-1001 : --------------------------------------------------------------
RUN-1001 :       compress_add      |   ripple   |      ripple      |        
RUN-1001 :        elf_sload        |    off     |       off        |        
RUN-1001 :       fix_undriven      |     0      |        0         |        
RUN-1001 :         flatten         |    off     |       off        |        
RUN-1001 :       gate_sharing      |     on     |        on        |        
RUN-1001 :    hdl_warning_level    |   normal   |      normal      |        
RUN-1001 :   impl_internal_tribuf  |     on     |        on        |        
RUN-1001 :      impl_set_reset     |     on     |        on        |        
RUN-1001 :        infer_gsr        |    off     |       off        |        
RUN-1001 :      keep_hierarchy     |    auto    |       auto       |        
RUN-1001 :        max_fanout       |    9999    |       9999       |        
RUN-1001 :      max_oh2bin_len     |     10     |        10        |        
RUN-1001 :       merge_equal       |     on     |        on        |        
RUN-1001 :       merge_equiv       |     on     |        on        |        
RUN-1001 :        merge_mux        |    off     |       off        |        
RUN-1001 :     min_control_set     |     8      |        8         |        
RUN-1001 :      min_ripple_len     |    auto    |       auto       |        
RUN-1001 :       oh2bin_ratio      |    0.08    |       0.08       |        
RUN-1001 :     opt_adder_fanout    |     on     |        on        |        
RUN-1001 :        opt_arith        |     on     |        on        |        
RUN-1001 :       opt_big_gate      |    off     |       off        |        
RUN-1001 :        opt_const        |     on     |        on        |        
RUN-1001 :      opt_const_mult     |     on     |        on        |        
RUN-1001 :       opt_lessthan      |     on     |        on        |        
RUN-1001 :         opt_mux         |    off     |       off        |        
RUN-1001 :         opt_ram         |    high    |       high       |        
RUN-1001 :      rtl_sim_model      |    off     |       off        |        
RUN-1001 :         seq_syn         |     on     |        on        |        
RUN-1001 : --------------------------------------------------------------
HDL-1007 : analyze verilog file ../rtl/AHBlite_Block_RAM.v
HDL-1007 : analyze verilog file ../rtl/APB/cmsdk_ahb_to_apb.v
HDL-1007 : analyze verilog file ../rtl/APB/cmsdk_apb_slave_mux.v
HDL-1007 : analyze verilog file ../rtl/APB_SPI_MASTER/apb_spi_master.sv
HDL-1007 : analyze verilog file ../rtl/APB_SPI_MASTER/spi_master_apb_if.sv
HDL-1007 : analyze verilog file ../rtl/APB_SPI_MASTER/spi_master_clkgen.sv
HDL-1007 : analyze verilog file ../rtl/APB_SPI_MASTER/spi_master_controller.sv
HDL-1007 : analyze verilog file ../rtl/APB_SPI_MASTER/spi_master_fifo.sv
HDL-1007 : analyze verilog file ../rtl/APB_SPI_MASTER/spi_master_rx.sv
HDL-1007 : analyze verilog file ../rtl/APB_SPI_MASTER/spi_master_tx.sv
HDL-1007 : analyze verilog file ../rtl/Block_RAM.v
HDL-1007 : analyze verilog file ../rtl/Buzzer/APB_BDMAC.v
HDL-1007 : analyze verilog file ../rtl/Buzzer/AddrCnt.v
HDL-1007 : analyze verilog file ../rtl/Buzzer/BDMA.v
HDL-1007 : analyze verilog file ../rtl/Buzzer/BeatCnt.v
HDL-1007 : analyze verilog file ../rtl/Buzzer/BeatDecoder.v
HDL-1007 : analyze verilog file ../rtl/Buzzer/Buzzer.v
HDL-1007 : analyze verilog file ../rtl/Buzzer/BuzzerCtr.v
HDL-1007 : analyze verilog file ../rtl/Buzzer/TuneDecoder.v
HDL-1007 : analyze verilog file ../rtl/Buzzer/TunePWM.v
HDL-1007 : analyze verilog file ../rtl/FIFO_synq.v
HDL-1007 : analyze verilog file ../rtl/I2C/apb.v
HDL-1007 : analyze verilog file ../rtl/I2C/fifo.v
HDL-1007 : analyze verilog file ../rtl/I2C/i2c.v
HDL-1007 : analyze verilog file ../rtl/I2C/module_i2c.v
HDL-1007 : analyze verilog file ../rtl/Keyboard/APB_Keyboard.v
HDL-1007 : analyze verilog file ../rtl/Keyboard/KeyToCol.v
HDL-1007 : analyze verilog file ../rtl/LCD_printer/AHB_FIFO_Interface.v
HDL-1007 : analyze verilog file ../rtl/LCD_printer/Block_ROM_init_data.v
HDL-1007 : analyze verilog file ../rtl/LCD_printer/Block_ROM_init_sign.v
HDL-1007 : analyze verilog file ../rtl/LCD_printer/Interface_9341.v
HDL-1007 : analyze verilog file ../rtl/LCD_printer/LCD_ini.v
HDL-1007 : analyze verilog file ../rtl/LCD_printer/Printer.v
HDL-1007 : analyze verilog file ../rtl/LCD_printer/Printer_ctr.v
HDL-1007 : analyze verilog file ../rtl/PWM.v
HDL-1007 : analyze verilog file ../rtl/RealTankSoCBusMtx/RealTankSoCBusArbM0.v
HDL-1007 : analyze verilog file ../rtl/RealTankSoCBusMtx/RealTankSoCBusArbM1.v
HDL-1007 : analyze verilog file ../rtl/RealTankSoCBusMtx/RealTankSoCBusArbM2.v
HDL-1007 : analyze verilog file ../rtl/RealTankSoCBusMtx/RealTankSoCBusArbM3.v
HDL-1007 : analyze verilog file ../rtl/RealTankSoCBusMtx/RealTankSoCBusDecS0.v
HDL-1007 : analyze verilog file ../rtl/RealTankSoCBusMtx/RealTankSoCBusDecS1.v
HDL-1007 : analyze verilog file ../rtl/RealTankSoCBusMtx/RealTankSoCBusDecS2.v
HDL-1007 : analyze verilog file ../rtl/RealTankSoCBusMtx/RealTankSoCBusDecS3.v
HDL-1007 : analyze verilog file ../rtl/RealTankSoCBusMtx/RealTankSoCBusIn.v
HDL-5007 WARNING: macro 'TRN_IDLE' is redefined in ../rtl/RealTankSoCBusMtx/RealTankSoCBusIn.v(117)
HDL-5007 WARNING: macro 'TRN_BUSY' is redefined in ../rtl/RealTankSoCBusMtx/RealTankSoCBusIn.v(118)
HDL-5007 WARNING: macro 'TRN_NONSEQ' is redefined in ../rtl/RealTankSoCBusMtx/RealTankSoCBusIn.v(119)
HDL-5007 WARNING: macro 'TRN_SEQ' is redefined in ../rtl/RealTankSoCBusMtx/RealTankSoCBusIn.v(120)
HDL-5007 WARNING: macro 'BUR_SINGLE' is redefined in ../rtl/RealTankSoCBusMtx/RealTankSoCBusIn.v(123)
HDL-5007 WARNING: macro 'BUR_INCR' is redefined in ../rtl/RealTankSoCBusMtx/RealTankSoCBusIn.v(124)
HDL-5007 WARNING: macro 'BUR_WRAP4' is redefined in ../rtl/RealTankSoCBusMtx/RealTankSoCBusIn.v(125)
HDL-5007 WARNING: macro 'BUR_INCR4' is redefined in ../rtl/RealTankSoCBusMtx/RealTankSoCBusIn.v(126)
HDL-5007 WARNING: macro 'BUR_WRAP8' is redefined in ../rtl/RealTankSoCBusMtx/RealTankSoCBusIn.v(127)
HDL-5007 WARNING: macro 'BUR_INCR8' is redefined in ../rtl/RealTankSoCBusMtx/RealTankSoCBusIn.v(128)
HDL-5007 Similar messages will be suppressed.
HDL-1007 : analyze verilog file ../rtl/RealTankSoCBusMtx/RealTankSoCBusMtx.v
HDL-1007 : analyze verilog file ../rtl/RealTankSoCBusMtx/RealTankSoCBusMtx_default_slave.v
HDL-1007 : analyze verilog file ../rtl/RealTankSoCBusMtx/RealTankSoCBusOutM0.v
HDL-1007 : analyze verilog file ../rtl/RealTankSoCBusMtx/RealTankSoCBusOutM1.v
HDL-1007 : analyze verilog file ../rtl/RealTankSoCBusMtx/RealTankSoCBusOutM2.v
HDL-1007 : analyze verilog file ../rtl/RealTankSoCBusMtx/RealTankSoCBusOutM3.v
HDL-1007 : analyze verilog file ../rtl/SDR_Pad.v
HDL-1007 : undeclared symbol 'BDMAC_READY', assumed default net type 'wire' in ../rtl/SDR_Pad.v(680)
HDL-1007 : undeclared symbol 'clk_lock', assumed default net type 'wire' in ../rtl/SDR_Pad.v(1142)
HDL-1007 : analyze verilog file ../rtl/SNR/SNR_interface.v
HDL-1007 : undeclared symbol 'apb_read', assumed default net type 'wire' in ../rtl/SNR/SNR_interface.v(23)
HDL-1007 : analyze verilog file ../rtl/SNR/SNR_reader.v
HDL-1007 : analyze verilog file ../rtl/Timer.v
HDL-1007 : analyze verilog file ../rtl/Tube/APBTube.v
HDL-1007 : analyze verilog file ../rtl/Tube/ClkDiv.v
HDL-1007 : analyze verilog file ../rtl/Tube/DigSel.v
HDL-1007 : analyze verilog file ../rtl/Tube/SSeg.v
HDL-1007 : analyze verilog file ../rtl/UART/cmsdk_apb_uart.v
HDL-1007 : analyze verilog file ../rtl/cortexm0ds_logic.v
HDL-1007 : analyze verilog file ../rtl/differentiator01.v
HDL-1007 : analyze verilog file ../rtl/filter.v
HDL-1007 : analyze verilog file ../rtl/tune_detector/RSSI_interface.v
HDL-1007 : analyze verilog file ../rtl/tune_detector/RSSI_reader.v
HDL-1007 : analyze verilog file ../rtl/ip/ADC.v
HDL-1007 : analyze verilog file ../rtl/ip/PLL.v
HDL-1007 : undeclared symbol 'open', assumed default net type 'wire' in ../rtl/ip/PLL.v(96)
RUN-1001 : reset_run syn_1 phy_1.
GUI-6001 WARNING: File D:/Project/anlogic/SDRV4_0/td/SDRV4_0_Runs/phy_1/SDRV4_0.bit does not exist!
RUN-1001 : launch_runs syn_1 phy_1  -jobs 6.
RUN-1001 : syn_1: run complete.
RUN-1001 : phy_1: run complete.
RUN-1001 : open_run phy_1.
RUN-1002 : start command "import_db D:/Project/anlogic/SDRV4_0/td/SDRV4_0_Runs/phy_1/SDRV4_0_pr.db"
RUN-1001 : Importing database generated by Tang Dynasty, V5.6.53426.
RUN-1001 : Database version number 46140.
RUN-1001 : Import flow parameters
PHY-1001 : Generate detailed routing grids ...
PHY-1001 : Generate nets ...
PHY-1001 : clock net CW_clk will be merged with clock PLL/clk0_buf
PHY-1001 : net QN8027_clk_dup_1 will be routed on clock mesh
PHY-1001 : net SWCLK_dup_1 will be routed on clock mesh
PHY-1001 : net clk_in_dup_1 will be routed on clock mesh
PHY-1001 : clock net APBTube/ClkDiv/div_clk_syn_6 will be merged with clock APBTube/ClkDiv/div_clk
PHY-1001 : clock net APB_Keyboard/KeyToCol/rowcnt[1]_syn_10 will be merged with clock APB_Keyboard/KeyToCol/rowcnt[1]
PHY-1001 : clock net APB_Keyboard/KeyToCol/sa_clk_syn_6 will be merged with clock APB_Keyboard/KeyToCol/sa_clk
PHY-1001 : net differentiator/clk will be routed on clock mesh
PHY-1001 : clock net differentiator/filter/CLK_syn_6 will be merged with clock differentiator/filter/CLK
PHY-1001 : clock net i2c/DUT_FIFO_TX/w_counter_n_syn_2 will be merged with clock i2c/DUT_FIFO_TX/w_counter_n
PHY-1001 : net u_logic/SCLK will be routed on clock mesh
PHY-1001 : clock net u_spi_master/u_spictrl/u_clkgen/spi_clk_syn_2 will be merged with clock u_spi_master/u_spictrl/u_clkgen/spi_clk
PHY-1001 : eco open net = 0
PHY-1001 : 677 feed throughs used by 358 nets
RUN-1001 : Import timing constraints
RUN-1001 : Import IO constraints
RUN-1001 : Import Inst constraints
RUN-1001 : Import design success TD_VERSION=5.6.53426 , DB_VERSION=46140
ARC-1002 : Mark IO location M12 as dedicate.
ARC-1002 : Mark IO location P12 as dedicate.
RUN-1003 : finish command "import_db D:/Project/anlogic/SDRV4_0/td/SDRV4_0_Runs/phy_1/SDRV4_0_pr.db" in  6.364835s wall, 6.000000s user + 0.328125s system = 6.328125s CPU (99.4%)

RUN-1004 : used memory is 893 MB, reserved memory is 884 MB, peak memory is 908 MB
RUN-1002 : start command "report_timing"
RUN-1002 : start command "start_timer"
RUN-1003 : finish command "start_timer" in  1.170473s wall, 1.093750s user + 0.078125s system = 1.171875s CPU (100.1%)

RUN-1004 : used memory is 918 MB, reserved memory is 911 MB, peak memory is 918 MB
RUN-1002 : start command "end_timer"
RUN-1003 : finish command "report_timing" in  1.892039s wall, 1.750000s user + 0.093750s system = 1.843750s CPU (97.4%)

RUN-1004 : used memory is 923 MB, reserved memory is 916 MB, peak memory is 926 MB
RUN-1002 : start command "download -bit SDRV4_0_Runs\phy_1\SDRV4_0.bit -mode jtag -spd 7 -sec 64 -cable 0"
PRG-2014 : Chip validation success: EAGLE_S20_BG256
RUN-1002 : start command "bit_to_vec -chip EAGLE_S20_BG256 -m jtag_burst -freq 4 -bit SDRV4_0_Runs/phy_1/SDRV4_0.bit"
RUN-1002 : start command "program -cable 0 -mode svf -spd 7 -p"
RUN-1003 : finish command "program -cable 0 -mode svf -spd 7 -p" in  6.629206s wall, 0.093750s user + 0.078125s system = 0.171875s CPU (2.6%)

RUN-1004 : used memory is 940 MB, reserved memory is 932 MB, peak memory is 958 MB
RUN-1003 : finish command "download -bit SDRV4_0_Runs\phy_1\SDRV4_0.bit -mode jtag -spd 7 -sec 64 -cable 0" in  6.957930s wall, 0.203125s user + 0.109375s system = 0.312500s CPU (4.5%)

RUN-1004 : used memory is 940 MB, reserved memory is 932 MB, peak memory is 958 MB
GUI-1001 : Download success!
RUN-1002 : start command "download -bit ..\..\SDRV3_5\td\SDR_v1.bit -mode jtag -spd 7 -sec 64 -cable 0"
PRG-2014 : Chip validation success: EAGLE_S20_BG256
RUN-1002 : start command "bit_to_vec -chip EAGLE_S20_BG256 -m jtag_burst -freq 4 -bit ../../SDRV3_5/td/SDR_v1.bit"
RUN-1002 : start command "program -cable 0 -mode svf -spd 7 -p"
RUN-1003 : finish command "program -cable 0 -mode svf -spd 7 -p" in  6.652982s wall, 0.140625s user + 0.156250s system = 0.296875s CPU (4.5%)

RUN-1004 : used memory is 941 MB, reserved memory is 932 MB, peak memory is 959 MB
RUN-1003 : finish command "download -bit ..\..\SDRV3_5\td\SDR_v1.bit -mode jtag -spd 7 -sec 64 -cable 0" in  6.984747s wall, 0.250000s user + 0.156250s system = 0.406250s CPU (5.8%)

RUN-1004 : used memory is 941 MB, reserved memory is 932 MB, peak memory is 959 MB
GUI-1001 : Download success!
RUN-1001 : reset_run syn_1 phy_1.
GUI-6001 WARNING: File D:/Project/anlogic/SDRV4_0/td/SDRV4_0_Runs/phy_1/SDRV4_0.bit does not exist!
RUN-1001 : launch_runs syn_1 phy_1  -jobs 6.
RUN-1001 : syn_1: run complete.
RUN-1001 : phy_1: run complete.
RUN-1001 : open_run phy_1.
RUN-1002 : start command "import_db D:/Project/anlogic/SDRV4_0/td/SDRV4_0_Runs/phy_1/SDRV4_0_pr.db"
RUN-1001 : Importing database generated by Tang Dynasty, V5.6.53426.
RUN-1001 : Database version number 46140.
RUN-1001 : Import flow parameters
PHY-1001 : Generate detailed routing grids ...
PHY-1001 : Generate nets ...
PHY-1001 : clock net CW_clk will be merged with clock PLL/clk0_buf
PHY-1001 : net QN8027_clk_dup_1 will be routed on clock mesh
PHY-1001 : clock net SWCLK_syn_4 will be merged with clock SWCLK_dup_1
PHY-1001 : net clk_in_dup_1 will be routed on clock mesh
PHY-1001 : clock net APBTube/ClkDiv/div_clk_syn_6 will be merged with clock APBTube/ClkDiv/div_clk
PHY-1001 : clock net APB_Keyboard/KeyToCol/rowcnt[1]_syn_10 will be merged with clock APB_Keyboard/KeyToCol/rowcnt[1]
PHY-1001 : clock net APB_Keyboard/KeyToCol/sa_clk_syn_6 will be merged with clock APB_Keyboard/KeyToCol/sa_clk
PHY-1001 : net differentiator/clk will be routed on clock mesh
PHY-1001 : clock net differentiator/filter/CLK_syn_6 will be merged with clock differentiator/filter/CLK
PHY-1001 : clock net i2c/DUT_FIFO_TX/w_counter_n_syn_2 will be merged with clock i2c/DUT_FIFO_TX/w_counter_n
PHY-1001 : net u_logic/SCLK will be routed on clock mesh
PHY-1001 : clock net u_spi_master/u_spictrl/u_clkgen/spi_clk_syn_2 will be merged with clock u_spi_master/u_spictrl/u_clkgen/spi_clk
PHY-1001 : eco open net = 0
PHY-1001 : 687 feed throughs used by 375 nets
RUN-1001 : Import timing constraints
RUN-1001 : Import IO constraints
RUN-1001 : Import Inst constraints
RUN-1001 : Import design success TD_VERSION=5.6.53426 , DB_VERSION=46140
ARC-1002 : Mark IO location M12 as dedicate.
ARC-1002 : Mark IO location P12 as dedicate.
RUN-1003 : finish command "import_db D:/Project/anlogic/SDRV4_0/td/SDRV4_0_Runs/phy_1/SDRV4_0_pr.db" in  6.606786s wall, 6.171875s user + 0.453125s system = 6.625000s CPU (100.3%)

RUN-1004 : used memory is 904 MB, reserved memory is 899 MB, peak memory is 959 MB
RUN-1002 : start command "report_timing"
RUN-1002 : start command "start_timer"
RUN-1003 : finish command "start_timer" in  1.149683s wall, 1.156250s user + 0.015625s system = 1.171875s CPU (101.9%)

RUN-1004 : used memory is 927 MB, reserved memory is 921 MB, peak memory is 959 MB
RUN-1002 : start command "end_timer"
RUN-1003 : finish command "report_timing" in  1.841980s wall, 1.843750s user + 0.015625s system = 1.859375s CPU (100.9%)

RUN-1004 : used memory is 935 MB, reserved memory is 930 MB, peak memory is 959 MB
RUN-1002 : start command "download -bit SDRV4_0_Runs\phy_1\SDRV4_0.bit -mode jtag -spd 7 -sec 64 -cable 0"
PRG-2014 : Chip validation success: EAGLE_S20_BG256
RUN-1002 : start command "bit_to_vec -chip EAGLE_S20_BG256 -m jtag_burst -freq 4 -bit SDRV4_0_Runs/phy_1/SDRV4_0.bit"
RUN-1002 : start command "program -cable 0 -mode svf -spd 7 -p"
RUN-1003 : finish command "program -cable 0 -mode svf -spd 7 -p" in  6.641871s wall, 0.156250s user + 0.062500s system = 0.218750s CPU (3.3%)

RUN-1004 : used memory is 956 MB, reserved memory is 950 MB, peak memory is 974 MB
RUN-1003 : finish command "download -bit SDRV4_0_Runs\phy_1\SDRV4_0.bit -mode jtag -spd 7 -sec 64 -cable 0" in  6.969536s wall, 0.281250s user + 0.078125s system = 0.359375s CPU (5.2%)

RUN-1004 : used memory is 956 MB, reserved memory is 950 MB, peak memory is 974 MB
GUI-1001 : Download success!
RUN-1002 : start command "download -bit SDRV4_0_Runs\phy_1\SDRV4_0.bit -mode jtag -spd 7 -sec 64 -cable 0"
PRG-2014 : Chip validation success: EAGLE_S20_BG256
RUN-1002 : start command "bit_to_vec -chip EAGLE_S20_BG256 -m jtag_burst -freq 4 -bit SDRV4_0_Runs/phy_1/SDRV4_0.bit"
RUN-1002 : start command "program -cable 0 -mode svf -spd 7 -p"
RUN-1003 : finish command "program -cable 0 -mode svf -spd 7 -p" in  6.656865s wall, 0.109375s user + 0.187500s system = 0.296875s CPU (4.5%)

RUN-1004 : used memory is 956 MB, reserved memory is 951 MB, peak memory is 974 MB
RUN-1003 : finish command "download -bit SDRV4_0_Runs\phy_1\SDRV4_0.bit -mode jtag -spd 7 -sec 64 -cable 0" in  6.971723s wall, 0.218750s user + 0.187500s system = 0.406250s CPU (5.8%)

RUN-1004 : used memory is 956 MB, reserved memory is 951 MB, peak memory is 974 MB
GUI-1001 : Download success!
RUN-1001 : reset_run syn_1 phy_1.
RUN-6001 WARNING: Failed to reset phy_1: some files can't be removed in D:/Project/anlogic/SDRV4_0/td/SDRV4_0_Runs/phy_1
GUI-6001 WARNING: File D:/Project/anlogic/SDRV4_0/td/SDRV4_0_Runs/phy_1/SDRV4_0.bit does not exist!
RUN-1001 : launch_runs syn_1 phy_1  -jobs 6.
RUN-1001 : syn_1: run complete.
RUN-1001 : phy_1: run complete.
RUN-1001 : open_run phy_1.
RUN-1002 : start command "import_db D:/Project/anlogic/SDRV4_0/td/SDRV4_0_Runs/phy_1/SDRV4_0_pr.db"
RUN-1001 : Importing database generated by Tang Dynasty, V5.6.53426.
RUN-1001 : Database version number 46140.
RUN-1001 : Import flow parameters
PHY-1001 : Generate detailed routing grids ...
PHY-1001 : Generate nets ...
PHY-1001 : clock net CW_clk will be merged with clock PLL/clk0_buf
PHY-1001 : net QN8027_clk_dup_1 will be routed on clock mesh
PHY-1001 : clock net SWCLK_syn_4 will be merged with clock SWCLK_dup_1
PHY-1001 : net clk_in_dup_1 will be routed on clock mesh
PHY-1001 : clock net APBTube/ClkDiv/div_clk_syn_6 will be merged with clock APBTube/ClkDiv/div_clk
PHY-1001 : clock net APB_Keyboard/KeyToCol/rowcnt[1]_syn_10 will be merged with clock APB_Keyboard/KeyToCol/rowcnt[1]
PHY-1001 : clock net APB_Keyboard/KeyToCol/sa_clk_syn_6 will be merged with clock APB_Keyboard/KeyToCol/sa_clk
PHY-1001 : net differentiator/clk will be routed on clock mesh
PHY-1001 : clock net differentiator/filter/CLK_syn_6 will be merged with clock differentiator/filter/CLK
PHY-1001 : clock net i2c/DUT_FIFO_TX/w_counter_n_syn_2 will be merged with clock i2c/DUT_FIFO_TX/w_counter_n
PHY-1001 : net u_logic/SCLK will be routed on clock mesh
PHY-1001 : clock net u_spi_master/u_spictrl/u_clkgen/spi_clk_syn_2 will be merged with clock u_spi_master/u_spictrl/u_clkgen/spi_clk
PHY-1001 : eco open net = 0
PHY-1001 : 1315 feed throughs used by 911 nets
RUN-1001 : Import timing constraints
RUN-1001 : Import IO constraints
RUN-1001 : Import Inst constraints
RUN-1001 : Import design success TD_VERSION=5.6.53426 , DB_VERSION=46140
ARC-1002 : Mark IO location M12 as dedicate.
ARC-1002 : Mark IO location P12 as dedicate.
RUN-1003 : finish command "import_db D:/Project/anlogic/SDRV4_0/td/SDRV4_0_Runs/phy_1/SDRV4_0_pr.db" in  8.600333s wall, 7.703125s user + 0.843750s system = 8.546875s CPU (99.4%)

RUN-1004 : used memory is 941 MB, reserved memory is 946 MB, peak memory is 974 MB
RUN-1002 : start command "report_timing"
RUN-1002 : start command "start_timer"
RUN-1003 : finish command "start_timer" in  1.374794s wall, 1.296875s user + 0.093750s system = 1.390625s CPU (101.2%)

RUN-1004 : used memory is 987 MB, reserved memory is 992 MB, peak memory is 987 MB
RUN-1002 : start command "end_timer"
RUN-1003 : finish command "report_timing" in  2.611093s wall, 2.500000s user + 0.109375s system = 2.609375s CPU (99.9%)

RUN-1004 : used memory is 1049 MB, reserved memory is 1055 MB, peak memory is 1051 MB
TMR-3509 : Import timing summary.
RUN-1002 : start command "report_timing -mode manhattan"
RUN-1002 : start command "start_timer"
TMR-2505 : Start building timing graph for model SDR_Pad.
TMR-2506 : Build timing graph completely. Port num: 38, tpin num: 63023, tnet num: 14063, tinst num: 6097, tnode num: 72734, tedge num: 108231.
TMR-2508 : Levelizing timing graph completed, there are 295 levels in total.
TMR-2501 : Timing graph initialized successfully.
RUN-1003 : finish command "start_timer" in  1.280061s wall, 1.156250s user + 0.156250s system = 1.312500s CPU (102.5%)

RUN-1004 : used memory is 1043 MB, reserved memory is 1063 MB, peak memory is 1057 MB
TMR-2503 : Start to update net delay, extr mode = 3.
TMR-2504 : Update delay of 14063 nets completely.
TMR-2502 : Annotate delay completely, extr mode = 3.
TMR-3001 : Initiate 2 clocks from SDC.
TMR-3004 : Map sdc constraints, there are 0 constraints in total.
TMR-3003 : Constraints initiated successfully.
TMR-3501 : Forward propagation: start to calculate arrival time...
TMR-3502 : Backward propagation: start to calculate required time...
TMR-3503 : Timing propagation completes.
TMR-3506 : Start to generate timing report.
TMR-1502 : Number of clock constraints = 2. Number of clock nets = 12 (10 unconstrainted).
TMR-5009 WARNING: No clock constraint on 10 clock net(s): 
	APBTube/ClkDiv/div_clk_syn_6
	APB_Keyboard/KeyToCol/rowcnt[1]_syn_10
	APB_Keyboard/KeyToCol/sa_clk_syn_6
	CW_clk
	QN8027_clk_dup_1
	SWCLK_syn_4
	clk_in_dup_1
	differentiator/filter/CLK_syn_6
	i2c/DUT_FIFO_TX/w_counter_n_syn_2
	u_spi_master/u_spictrl/u_clkgen/spi_clk_syn_2
TMR-3508 : Export timing summary.
TMR-3507 : Timing report generated successfully in SDR_Pad_timing.rpt, timing summary in SDR_Pad_timing.tsm.
RUN-1002 : start command "end_timer"
RUN-1003 : finish command "report_timing -mode manhattan" in  1.976743s wall, 1.828125s user + 0.203125s system = 2.031250s CPU (102.8%)

RUN-1004 : used memory is 1043 MB, reserved memory is 1062 MB, peak memory is 1057 MB
RUN-1002 : start command "report_timing -ctr"
RUN-1002 : start command "start_timer"
TMR-2505 : Start building timing graph for model SDR_Pad.
TMR-2506 : Build timing graph completely. Port num: 38, tpin num: 63023, tnet num: 14063, tinst num: 6097, tnode num: 72734, tedge num: 108231.
TMR-2508 : Levelizing timing graph completed, there are 295 levels in total.
TMR-2501 : Timing graph initialized successfully.
RUN-1003 : finish command "start_timer" in  1.186865s wall, 1.203125s user + 0.046875s system = 1.250000s CPU (105.3%)

RUN-1004 : used memory is 1047 MB, reserved memory is 1065 MB, peak memory is 1057 MB
TMR-2503 : Start to update net delay, extr mode = 6.
TMR-2504 : Update delay of 14063 nets completely.
TMR-2502 : Annotate delay completely, extr mode = 6.
TMR-3001 : Initiate 2 clocks from SDC.
TMR-3004 : Map sdc constraints, there are 0 constraints in total.
TMR-3003 : Constraints initiated successfully.
TMR-3501 : Forward propagation: start to calculate arrival time...
TMR-3502 : Backward propagation: start to calculate required time...
TMR-3503 : Timing propagation completes.
TMR-3506 : Start to generate timing report.
TMR-1502 : Number of clock constraints = 2. Number of clock nets = 12 (10 unconstrainted).
TMR-5009 WARNING: No clock constraint on 10 clock net(s): 
	APBTube/ClkDiv/div_clk_syn_6
	APB_Keyboard/KeyToCol/rowcnt[1]_syn_10
	APB_Keyboard/KeyToCol/sa_clk_syn_6
	CW_clk
	QN8027_clk_dup_1
	SWCLK_syn_4
	clk_in_dup_1
	differentiator/filter/CLK_syn_6
	i2c/DUT_FIFO_TX/w_counter_n_syn_2
	u_spi_master/u_spictrl/u_clkgen/spi_clk_syn_2
TMR-3508 : Export timing summary.
TMR-3507 : Timing report generated successfully in SDR_Pad_timing.rpt, timing summary in SDR_Pad_timing.tsm.
RUN-1002 : start command "end_timer"
RUN-1003 : finish command "report_timing -ctr" in  2.319647s wall, 2.265625s user + 0.125000s system = 2.390625s CPU (103.1%)

RUN-1004 : used memory is 1051 MB, reserved memory is 1069 MB, peak memory is 1057 MB
RUN-1002 : start command "report_ignored_paths -file falsepath.rpt"
TMR-1026 : Timer is not launched yet. Init Timing ...
RUN-1002 : start command "start_timer"
TMR-2505 : Start building timing graph for model SDR_Pad.
TMR-2506 : Build timing graph completely. Port num: 38, tpin num: 63023, tnet num: 14063, tinst num: 6097, tnode num: 72734, tedge num: 108231.
TMR-2508 : Levelizing timing graph completed, there are 295 levels in total.
TMR-2501 : Timing graph initialized successfully.
RUN-1003 : finish command "start_timer" in  1.144638s wall, 1.125000s user + 0.062500s system = 1.187500s CPU (103.7%)

RUN-1004 : used memory is 1055 MB, reserved memory is 1073 MB, peak memory is 1057 MB
TMR-2503 : Start to update net delay, extr mode = 6.
TMR-2504 : Update delay of 14063 nets completely.
TMR-2502 : Annotate delay completely, extr mode = 6.
TMR-3001 : Initiate 2 clocks from SDC.
TMR-3004 : Map sdc constraints, there are 0 constraints in total.
TMR-3003 : Constraints initiated successfully.
TMR-3501 : Forward propagation: start to calculate arrival time...
TMR-3502 : Backward propagation: start to calculate required time...
TMR-3503 : Timing propagation completes.
TMR-3506 : Start to generate timing report.
TMR-3508 : Export timing summary.
TMR-3507 : Timing report generated successfully in falsepath.rpt, timing summary in falsepath.tsm.
RUN-1003 : finish command "report_ignored_paths -file falsepath.rpt" in  1.944730s wall, 1.906250s user + 0.062500s system = 1.968750s CPU (101.2%)

RUN-1004 : used memory is 1058 MB, reserved memory is 1076 MB, peak memory is 1058 MB
TMR-3509 : Import timing summary.
TMR-3509 : Import timing summary.
RUN-1002 : start command "download -bit SDRV4_0_Runs\phy_1\SDRV4_0.bit -mode jtag -spd 7 -sec 64 -cable 0"
PRG-2014 : Chip validation success: EAGLE_S20_BG256
RUN-1002 : start command "bit_to_vec -chip EAGLE_S20_BG256 -m jtag_burst -freq 4 -bit SDRV4_0_Runs/phy_1/SDRV4_0.bit"
RUN-1002 : start command "program -cable 0 -mode svf -spd 7 -p"
RUN-1003 : finish command "program -cable 0 -mode svf -spd 7 -p" in  6.652451s wall, 0.078125s user + 0.078125s system = 0.156250s CPU (2.3%)

RUN-1004 : used memory is 1085 MB, reserved memory is 1103 MB, peak memory is 1102 MB
RUN-1003 : finish command "download -bit SDRV4_0_Runs\phy_1\SDRV4_0.bit -mode jtag -spd 7 -sec 64 -cable 0" in  6.971904s wall, 0.187500s user + 0.093750s system = 0.281250s CPU (4.0%)

RUN-1004 : used memory is 1085 MB, reserved memory is 1103 MB, peak memory is 1102 MB
GUI-1001 : Download success!
RUN-1002 : start command "download -bit SDRV4_0_Runs\phy_1\SDRV4_0.bit -mode jtag -spd 7 -sec 64 -cable 0"
PRG-2014 : Chip validation success: EAGLE_S20_BG256
RUN-1002 : start command "bit_to_vec -chip EAGLE_S20_BG256 -m jtag_burst -freq 4 -bit SDRV4_0_Runs/phy_1/SDRV4_0.bit"
RUN-1002 : start command "program -cable 0 -mode svf -spd 7 -p"
RUN-1003 : finish command "program -cable 0 -mode svf -spd 7 -p" in  6.640374s wall, 0.078125s user + 0.093750s system = 0.171875s CPU (2.6%)

RUN-1004 : used memory is 1084 MB, reserved memory is 1102 MB, peak memory is 1102 MB
RUN-1003 : finish command "download -bit SDRV4_0_Runs\phy_1\SDRV4_0.bit -mode jtag -spd 7 -sec 64 -cable 0" in  6.972206s wall, 0.187500s user + 0.109375s system = 0.296875s CPU (4.3%)

RUN-1004 : used memory is 1084 MB, reserved memory is 1102 MB, peak memory is 1102 MB
GUI-1001 : Download success!
