============================================================
   Tang Dynasty, V5.6.53426
   Copyright (c) 2012-2022 Anlogic
   Executable = D:/TD/bin/td.exe
   Built at =   19:26:25 Jun 10 2022
   Run by =     Teriia
   Run Date =   Wed Jun 29 17:40:46 2022

   Run on =     DESKTOP-ND05MAH
============================================================
RUN-1001 : open_run phy_1.
RUN-1002 : start command "import_db D:/Project/anlogic/SDRV4_1/td/SDRV4_0_Runs/phy_1/SDRV4_0_pr.db"
RUN-1001 : Importing database generated by Tang Dynasty, V5.6.53426.
RUN-1001 : Database version number 46140.
RUN-1001 : Import flow parameters
PHY-1001 : Generate detailed routing grids ...
PHY-1001 : Generate nets ...
PHY-1001 : clock net CW_clk will be merged with clock PLL/clk0_buf
PHY-1001 : net QN8027_clk_dup_1 will be routed on clock mesh
PHY-1001 : clock net SWCLK_syn_4 will be merged with clock SWCLK_dup_1
PHY-1001 : net clk_in_dup_1 will be routed on clock mesh
PHY-1001 : clock net rgmii_rxc_syn_4 will be merged with clock rgmii_rxc_dup_1
PHY-1001 : clock net APBTube/ClkDiv/div_clk_syn_6 will be merged with clock APBTube/ClkDiv/div_clk
PHY-1001 : clock net APB_Keyboard/KeyToCol/rowcnt[1]_syn_10 will be merged with clock APB_Keyboard/KeyToCol/rowcnt[1]
PHY-1001 : clock net APB_Keyboard/KeyToCol/sa_clk_syn_6 will be merged with clock APB_Keyboard/KeyToCol/sa_clk
PHY-1001 : net differentiator/clk will be routed on clock mesh
PHY-1001 : clock net differentiator/filter/CLK_syn_6 will be merged with clock differentiator/filter/CLK
PHY-1001 : clock net ethernet/count/count_syn_6 will be merged with clock ethernet/count/count
PHY-1001 : clock net i2c/DUT_FIFO_TX/w_counter_n_syn_2 will be merged with clock i2c/DUT_FIFO_TX/w_counter_n
PHY-1001 : net u_logic/SCLK will be routed on clock mesh
PHY-1001 : clock net u_spi_master/u_spictrl/u_clkgen/spi_clk_syn_2 will be merged with clock u_spi_master/u_spictrl/u_clkgen/spi_clk
PHY-1001 : eco open net = 0
PHY-1001 : 452 feed throughs used by 248 nets
RUN-1001 : Import timing constraints
RUN-1001 : Import IO constraints
RUN-1001 : Import Inst constraints
RUN-1001 : Import design success TD_VERSION=5.6.53426 , DB_VERSION=46140
ARC-1002 : Mark IO location M12 as dedicate.
ARC-1002 : Mark IO location P12 as dedicate.
RUN-1003 : finish command "import_db D:/Project/anlogic/SDRV4_1/td/SDRV4_0_Runs/phy_1/SDRV4_0_pr.db" in  8.593752s wall, 8.375000s user + 0.296875s system = 8.671875s CPU (100.9%)

RUN-1004 : used memory is 959 MB, reserved memory is 1006 MB, peak memory is 1055 MB
RUN-1002 : start command "report_timing"
RUN-1002 : start command "start_timer"
RUN-1003 : finish command "start_timer" in  1.111201s wall, 1.062500s user + 0.046875s system = 1.109375s CPU (99.8%)

RUN-1004 : used memory is 989 MB, reserved memory is 1037 MB, peak memory is 1055 MB
RUN-1002 : start command "end_timer"
RUN-1003 : finish command "report_timing" in  2.147757s wall, 2.093750s user + 0.046875s system = 2.140625s CPU (99.7%)

RUN-1004 : used memory is 1052 MB, reserved memory is 1100 MB, peak memory is 1055 MB
RUN-1002 : start command "download -bit SDRV4_0_Runs\phy_1\SDRV4_0.bit -mode jtag -spd 7 -sec 64 -cable 0"
PRG-2014 : Chip validation success: EAGLE_S20_BG256
RUN-1002 : start command "bit_to_vec -chip EAGLE_S20_BG256 -m jtag_burst -freq 4 -bit SDRV4_0_Runs/phy_1/SDRV4_0.bit"
RUN-1002 : start command "program -cable 0 -mode svf -spd 7 -p"
RUN-1003 : finish command "program -cable 0 -mode svf -spd 7 -p" in  6.646968s wall, 0.078125s user + 0.078125s system = 0.156250s CPU (2.4%)

RUN-1004 : used memory is 1075 MB, reserved memory is 1122 MB, peak memory is 1093 MB
RUN-1003 : finish command "download -bit SDRV4_0_Runs\phy_1\SDRV4_0.bit -mode jtag -spd 7 -sec 64 -cable 0" in  6.997637s wall, 0.171875s user + 0.078125s system = 0.250000s CPU (3.6%)

RUN-1004 : used memory is 1075 MB, reserved memory is 1122 MB, peak memory is 1093 MB
GUI-1001 : Download success!
RUN-1001 : reset_run syn_1 phy_1.
GUI-6001 WARNING: File D:/Project/anlogic/SDRV4_1/td/SDRV4_0_Runs/phy_1/SDRV4_0.bit does not exist!
RUN-1001 : launch_runs syn_1 phy_1  -jobs 6.
RUN-1001 : syn_1: run complete.
RUN-1001 : phy_1: run complete.
RUN-1001 : open_run phy_1.
RUN-1002 : start command "import_db D:/Project/anlogic/SDRV4_1/td/SDRV4_0_Runs/phy_1/SDRV4_0_pr.db"
RUN-1001 : Importing database generated by Tang Dynasty, V5.6.53426.
RUN-1001 : Database version number 46140.
RUN-1001 : Import flow parameters
PHY-1001 : Generate detailed routing grids ...
PHY-1001 : Generate nets ...
PHY-1001 : clock net CW_clk will be merged with clock PLL/clk0_buf
PHY-1001 : net QN8027_clk_dup_1 will be routed on clock mesh
PHY-1001 : clock net SWCLK_syn_4 will be merged with clock SWCLK_dup_1
PHY-1001 : net clk_in_dup_1 will be routed on clock mesh
PHY-1001 : clock net rgmii_rxc_syn_4 will be merged with clock rgmii_rxc_dup_1
PHY-1001 : clock net APBTube/ClkDiv/div_clk_syn_6 will be merged with clock APBTube/ClkDiv/div_clk
PHY-1001 : clock net APB_Keyboard/KeyToCol/rowcnt[1]_syn_10 will be merged with clock APB_Keyboard/KeyToCol/rowcnt[1]
PHY-1001 : clock net APB_Keyboard/KeyToCol/sa_clk_syn_6 will be merged with clock APB_Keyboard/KeyToCol/sa_clk
PHY-1001 : net differentiator/clk will be routed on clock mesh
PHY-1001 : clock net differentiator/filter/CLK_syn_6 will be merged with clock differentiator/filter/CLK
PHY-1001 : clock net ethernet/count/count_syn_6 will be merged with clock ethernet/count/count
PHY-1001 : clock net i2c/DUT_FIFO_TX/w_counter_n_syn_2 will be merged with clock i2c/DUT_FIFO_TX/w_counter_n
PHY-1001 : net u_logic/SCLK will be routed on clock mesh
PHY-1001 : clock net u_spi_master/u_spictrl/u_clkgen/spi_clk_syn_2 will be merged with clock u_spi_master/u_spictrl/u_clkgen/spi_clk
PHY-1001 : eco open net = 0
PHY-1001 : 294 feed throughs used by 163 nets
RUN-1001 : Import timing constraints
RUN-1001 : Import IO constraints
RUN-1001 : Import Inst constraints
RUN-1001 : Import design success TD_VERSION=5.6.53426 , DB_VERSION=46140
ARC-1002 : Mark IO location M12 as dedicate.
ARC-1002 : Mark IO location P12 as dedicate.
RUN-1003 : finish command "import_db D:/Project/anlogic/SDRV4_1/td/SDRV4_0_Runs/phy_1/SDRV4_0_pr.db" in  7.385919s wall, 6.437500s user + 0.906250s system = 7.343750s CPU (99.4%)

RUN-1004 : used memory is 899 MB, reserved memory is 1030 MB, peak memory is 1093 MB
RUN-1002 : start command "report_timing"
RUN-1002 : start command "start_timer"
RUN-1003 : finish command "start_timer" in  1.091189s wall, 1.078125s user + 0.046875s system = 1.125000s CPU (103.1%)

RUN-1004 : used memory is 943 MB, reserved memory is 1077 MB, peak memory is 1093 MB
RUN-1002 : start command "end_timer"
RUN-1003 : finish command "report_timing" in  2.254723s wall, 2.078125s user + 0.078125s system = 2.156250s CPU (95.6%)

RUN-1004 : used memory is 1007 MB, reserved memory is 1140 MB, peak memory is 1093 MB
RUN-1002 : start command "download -bit SDRV4_0_Runs\phy_1\SDRV4_0.bit -mode jtag -spd 7 -sec 64 -cable 0"
PRG-2014 : Chip validation success: EAGLE_S20_BG256
RUN-1002 : start command "bit_to_vec -chip EAGLE_S20_BG256 -m jtag_burst -freq 4 -bit SDRV4_0_Runs/phy_1/SDRV4_0.bit"
RUN-1002 : start command "program -cable 0 -mode svf -spd 7 -p"
RUN-1003 : finish command "program -cable 0 -mode svf -spd 7 -p" in  6.633581s wall, 0.062500s user + 0.078125s system = 0.140625s CPU (2.1%)

RUN-1004 : used memory is 1037 MB, reserved memory is 1161 MB, peak memory is 1093 MB
RUN-1003 : finish command "download -bit SDRV4_0_Runs\phy_1\SDRV4_0.bit -mode jtag -spd 7 -sec 64 -cable 0" in  6.940876s wall, 0.156250s user + 0.093750s system = 0.250000s CPU (3.6%)

RUN-1004 : used memory is 1037 MB, reserved memory is 1161 MB, peak memory is 1093 MB
GUI-1001 : Download success!
RUN-1002 : start command "download -bit SDRV4_0_Runs\phy_1\SDRV4_0.bit -mode jtag -spd 7 -sec 64 -cable 0"
PRG-2014 : Chip validation success: EAGLE_S20_BG256
RUN-1002 : start command "bit_to_vec -chip EAGLE_S20_BG256 -m jtag_burst -freq 4 -bit SDRV4_0_Runs/phy_1/SDRV4_0.bit"
RUN-1002 : start command "program -cable 0 -mode svf -spd 7 -p"
RUN-1003 : finish command "program -cable 0 -mode svf -spd 7 -p" in  6.640973s wall, 0.109375s user + 0.046875s system = 0.156250s CPU (2.4%)

RUN-1004 : used memory is 1037 MB, reserved memory is 1161 MB, peak memory is 1093 MB
RUN-1003 : finish command "download -bit SDRV4_0_Runs\phy_1\SDRV4_0.bit -mode jtag -spd 7 -sec 64 -cable 0" in  6.945561s wall, 0.203125s user + 0.062500s system = 0.265625s CPU (3.8%)

RUN-1004 : used memory is 1037 MB, reserved memory is 1161 MB, peak memory is 1093 MB
GUI-1001 : Download success!
RUN-1001 : set_run_property phy_1 -flow_property RouteProperty::priority::timing.
RUN-1001 : reset_run phy_1.
RUN-1001 : launch_runs phy_1 -step bitgen.
GUI-6001 WARNING: File D:/Project/anlogic/SDRV4_1/td/SDRV4_0_Runs/phy_1/SDRV4_0.bit does not exist!
RUN-1001 : phy_1: run complete.
RUN-1001 : open_run phy_1.
RUN-1002 : start command "import_db D:/Project/anlogic/SDRV4_1/td/SDRV4_0_Runs/phy_1/SDRV4_0_pr.db"
RUN-1001 : Importing database generated by Tang Dynasty, V5.6.53426.
RUN-1001 : Database version number 46140.
RUN-1001 : Import flow parameters
PHY-1001 : Generate detailed routing grids ...
PHY-1001 : Generate nets ...
PHY-1001 : clock net CW_clk will be merged with clock PLL/clk0_buf
PHY-1001 : net QN8027_clk_dup_1 will be routed on clock mesh
PHY-1001 : clock net SWCLK_syn_4 will be merged with clock SWCLK_dup_1
PHY-1001 : net clk_in_dup_1 will be routed on clock mesh
PHY-1001 : clock net rgmii_rxc_syn_4 will be merged with clock rgmii_rxc_dup_1
PHY-1001 : clock net APBTube/ClkDiv/div_clk_syn_6 will be merged with clock APBTube/ClkDiv/div_clk
PHY-1001 : clock net APB_Keyboard/KeyToCol/rowcnt[1]_syn_10 will be merged with clock APB_Keyboard/KeyToCol/rowcnt[1]
PHY-1001 : clock net APB_Keyboard/KeyToCol/sa_clk_syn_6 will be merged with clock APB_Keyboard/KeyToCol/sa_clk
PHY-1001 : net differentiator/clk will be routed on clock mesh
PHY-1001 : clock net differentiator/filter/CLK_syn_6 will be merged with clock differentiator/filter/CLK
PHY-1001 : clock net ethernet/count/count_syn_6 will be merged with clock ethernet/count/count
PHY-1001 : clock net i2c/DUT_FIFO_TX/w_counter_n_syn_2 will be merged with clock i2c/DUT_FIFO_TX/w_counter_n
PHY-1001 : net u_logic/SCLK will be routed on clock mesh
PHY-1001 : clock net u_spi_master/u_spictrl/u_clkgen/spi_clk_syn_2 will be merged with clock u_spi_master/u_spictrl/u_clkgen/spi_clk
PHY-1001 : eco open net = 0
PHY-1001 : 1086 feed throughs used by 731 nets
RUN-1001 : Import timing constraints
RUN-1001 : Import IO constraints
RUN-1001 : Import Inst constraints
RUN-1001 : Import design success TD_VERSION=5.6.53426 , DB_VERSION=46140
ARC-1002 : Mark IO location M12 as dedicate.
ARC-1002 : Mark IO location P12 as dedicate.
RUN-1003 : finish command "import_db D:/Project/anlogic/SDRV4_1/td/SDRV4_0_Runs/phy_1/SDRV4_0_pr.db" in  7.077952s wall, 6.890625s user + 0.171875s system = 7.062500s CPU (99.8%)

RUN-1004 : used memory is 944 MB, reserved memory is 1057 MB, peak memory is 1093 MB
RUN-1002 : start command "report_timing"
RUN-1002 : start command "start_timer"
RUN-1003 : finish command "start_timer" in  1.258915s wall, 1.265625s user + 0.000000s system = 1.265625s CPU (100.5%)

RUN-1004 : used memory is 974 MB, reserved memory is 1087 MB, peak memory is 1093 MB
RUN-1002 : start command "end_timer"
RUN-1003 : finish command "report_timing" in  2.400797s wall, 2.421875s user + 0.000000s system = 2.421875s CPU (100.9%)

RUN-1004 : used memory is 1037 MB, reserved memory is 1151 MB, peak memory is 1093 MB
RUN-1002 : start command "download -bit SDRV4_0_Runs\phy_1\SDRV4_0.bit -mode jtag -spd 7 -sec 64 -cable 0"
PRG-2014 : Chip validation success: EAGLE_S20_BG256
RUN-1002 : start command "bit_to_vec -chip EAGLE_S20_BG256 -m jtag_burst -freq 4 -bit SDRV4_0_Runs/phy_1/SDRV4_0.bit"
RUN-1002 : start command "program -cable 0 -mode svf -spd 7 -p"
RUN-1003 : finish command "program -cable 0 -mode svf -spd 7 -p" in  6.617915s wall, 0.109375s user + 0.078125s system = 0.187500s CPU (2.8%)

RUN-1004 : used memory is 1058 MB, reserved memory is 1171 MB, peak memory is 1093 MB
RUN-1003 : finish command "download -bit SDRV4_0_Runs\phy_1\SDRV4_0.bit -mode jtag -spd 7 -sec 64 -cable 0" in  6.919881s wall, 0.203125s user + 0.078125s system = 0.281250s CPU (4.1%)

RUN-1004 : used memory is 1058 MB, reserved memory is 1171 MB, peak memory is 1093 MB
GUI-1001 : Download success!
RUN-1002 : start command "download -bit SDRV4_0_Runs\phy_1\SDRV4_0.bit -mode jtag -spd 7 -sec 64 -cable 0"
PRG-2014 : Chip validation success: EAGLE_S20_BG256
RUN-1002 : start command "bit_to_vec -chip EAGLE_S20_BG256 -m jtag_burst -freq 4 -bit SDRV4_0_Runs/phy_1/SDRV4_0.bit"
RUN-1002 : start command "program -cable 0 -mode svf -spd 7 -p"
RUN-1003 : finish command "program -cable 0 -mode svf -spd 7 -p" in  6.622772s wall, 0.046875s user + 0.046875s system = 0.093750s CPU (1.4%)

RUN-1004 : used memory is 1058 MB, reserved memory is 1171 MB, peak memory is 1093 MB
RUN-1003 : finish command "download -bit SDRV4_0_Runs\phy_1\SDRV4_0.bit -mode jtag -spd 7 -sec 64 -cable 0" in  6.923830s wall, 0.140625s user + 0.046875s system = 0.187500s CPU (2.7%)

RUN-1004 : used memory is 1058 MB, reserved memory is 1171 MB, peak memory is 1093 MB
GUI-1001 : Download success!
RUN-1002 : start command "download -bit ..\..\SDRV4_0\td\SDRV4_0_Runs\phy_1\SDRV4_0.bit -mode jtag -spd 7 -sec 64 -cable 0"
PRG-2014 : Chip validation success: EAGLE_S20_BG256
RUN-1002 : start command "bit_to_vec -chip EAGLE_S20_BG256 -m jtag_burst -freq 4 -bit ../../SDRV4_0/td/SDRV4_0_Runs/phy_1/SDRV4_0.bit"
RUN-1002 : start command "program -cable 0 -mode svf -spd 7 -p"
RUN-1003 : finish command "program -cable 0 -mode svf -spd 7 -p" in  6.612739s wall, 0.031250s user + 0.046875s system = 0.078125s CPU (1.2%)

RUN-1004 : used memory is 1062 MB, reserved memory is 1171 MB, peak memory is 1093 MB
RUN-1003 : finish command "download -bit ..\..\SDRV4_0\td\SDRV4_0_Runs\phy_1\SDRV4_0.bit -mode jtag -spd 7 -sec 64 -cable 0" in  6.928158s wall, 0.125000s user + 0.062500s system = 0.187500s CPU (2.7%)

RUN-1004 : used memory is 1062 MB, reserved memory is 1171 MB, peak memory is 1093 MB
GUI-1001 : Download success!
RUN-1002 : start command "download -bit ..\..\SDRV4_0\td\SDRV4_0_Runs\phy_1\SDRV4_0.bit -mode jtag -spd 7 -sec 64 -cable 0"
PRG-2014 : Chip validation success: EAGLE_S20_BG256
RUN-1002 : start command "bit_to_vec -chip EAGLE_S20_BG256 -m jtag_burst -freq 4 -bit ../../SDRV4_0/td/SDRV4_0_Runs/phy_1/SDRV4_0.bit"
RUN-1002 : start command "program -cable 0 -mode svf -spd 7 -p"
RUN-1003 : finish command "program -cable 0 -mode svf -spd 7 -p" in  6.615844s wall, 0.015625s user + 0.031250s system = 0.046875s CPU (0.7%)

RUN-1004 : used memory is 1062 MB, reserved memory is 1171 MB, peak memory is 1093 MB
RUN-1003 : finish command "download -bit ..\..\SDRV4_0\td\SDRV4_0_Runs\phy_1\SDRV4_0.bit -mode jtag -spd 7 -sec 64 -cable 0" in  6.918325s wall, 0.109375s user + 0.046875s system = 0.156250s CPU (2.3%)

RUN-1004 : used memory is 1062 MB, reserved memory is 1171 MB, peak memory is 1093 MB
GUI-1001 : Download success!
RUN-1002 : start command "download -bit ..\..\SDRV4_0\td\SDRV4_0_Runs\phy_1\SDRV4_0.bit -mode jtag -spd 7 -sec 64 -cable 0"
PRG-2014 : Chip validation success: EAGLE_S20_BG256
RUN-1002 : start command "bit_to_vec -chip EAGLE_S20_BG256 -m jtag_burst -freq 4 -bit ../../SDRV4_0/td/SDRV4_0_Runs/phy_1/SDRV4_0.bit"
RUN-1002 : start command "program -cable 0 -mode svf -spd 7 -p"
RUN-1003 : finish command "program -cable 0 -mode svf -spd 7 -p" in  6.632462s wall, 0.109375s user + 0.156250s system = 0.265625s CPU (4.0%)

RUN-1004 : used memory is 1058 MB, reserved memory is 1167 MB, peak memory is 1093 MB
RUN-1003 : finish command "download -bit ..\..\SDRV4_0\td\SDRV4_0_Runs\phy_1\SDRV4_0.bit -mode jtag -spd 7 -sec 64 -cable 0" in  6.936503s wall, 0.203125s user + 0.171875s system = 0.375000s CPU (5.4%)

RUN-1004 : used memory is 1058 MB, reserved memory is 1167 MB, peak memory is 1093 MB
GUI-1001 : Download success!
RUN-1002 : start command "download -bit ..\..\SDRV3_5\td\SDR_v1.bit -mode jtag -spd 7 -sec 64 -cable 0"
PRG-2014 : Chip validation success: EAGLE_S20_BG256
RUN-1002 : start command "bit_to_vec -chip EAGLE_S20_BG256 -m jtag_burst -freq 4 -bit ../../SDRV3_5/td/SDR_v1.bit"
RUN-1002 : start command "program -cable 0 -mode svf -spd 7 -p"
RUN-1003 : finish command "program -cable 0 -mode svf -spd 7 -p" in  6.616326s wall, 0.093750s user + 0.046875s system = 0.140625s CPU (2.1%)

RUN-1004 : used memory is 1059 MB, reserved memory is 1167 MB, peak memory is 1093 MB
RUN-1003 : finish command "download -bit ..\..\SDRV3_5\td\SDR_v1.bit -mode jtag -spd 7 -sec 64 -cable 0" in  6.930930s wall, 0.187500s user + 0.062500s system = 0.250000s CPU (3.6%)

RUN-1004 : used memory is 1059 MB, reserved memory is 1167 MB, peak memory is 1093 MB
GUI-1001 : Download success!
RUN-1002 : start command "download -mode erase_spi -spd 1 -chip EAGLE_S20_BG256 -cable 0"
PRG-2014 : Chip validation success: EAGLE_S20_BG256
PRG-1001 : SPI Flash ID is:  ef
PRG-2019 : Erase flash successfully.
RUN-1003 : finish command "download -mode erase_spi -spd 1 -chip EAGLE_S20_BG256 -cable 0" in  8.156645s wall, 5.625000s user + 0.031250s system = 5.656250s CPU (69.3%)

RUN-1004 : used memory is 1061 MB, reserved memory is 1171 MB, peak memory is 1093 MB
GUI-1001 : Erase flash success!
RUN-1002 : start command "download -bit SDRV4_0_Runs\phy_1\SDRV4_0.bit -mode jtag -spd 7 -sec 64 -cable 0"
PRG-2014 : Chip validation success: EAGLE_S20_BG256
RUN-1002 : start command "bit_to_vec -chip EAGLE_S20_BG256 -m jtag_burst -freq 4 -bit SDRV4_0_Runs/phy_1/SDRV4_0.bit"
RUN-1002 : start command "program -cable 0 -mode svf -spd 7 -p"
RUN-1003 : finish command "program -cable 0 -mode svf -spd 7 -p" in  6.633388s wall, 0.078125s user + 0.078125s system = 0.156250s CPU (2.4%)

RUN-1004 : used memory is 1061 MB, reserved memory is 1171 MB, peak memory is 1093 MB
RUN-1003 : finish command "download -bit SDRV4_0_Runs\phy_1\SDRV4_0.bit -mode jtag -spd 7 -sec 64 -cable 0" in  6.934707s wall, 0.171875s user + 0.093750s system = 0.265625s CPU (3.8%)

RUN-1004 : used memory is 1061 MB, reserved memory is 1171 MB, peak memory is 1093 MB
GUI-1001 : Download success!
RUN-1002 : start command "download -mode erase_spi -spd 1 -chip EAGLE_S20_BG256 -cable 0"
PRG-2014 : Chip validation success: EAGLE_S20_BG256
PRG-1001 : SPI Flash ID is:  ef
PRG-2019 : Erase flash successfully.
RUN-1003 : finish command "download -mode erase_spi -spd 1 -chip EAGLE_S20_BG256 -cable 0" in  8.140531s wall, 5.562500s user + 0.078125s system = 5.640625s CPU (69.3%)

RUN-1004 : used memory is 1061 MB, reserved memory is 1171 MB, peak memory is 1093 MB
GUI-1001 : Erase flash success!
RUN-1002 : start command "download -bit SDRV4_0_Runs\phy_1\SDRV4_0.bit -mode jtag -spd 7 -sec 64 -cable 0"
PRG-2014 : Chip validation success: EAGLE_S20_BG256
RUN-1002 : start command "bit_to_vec -chip EAGLE_S20_BG256 -m jtag_burst -freq 4 -bit SDRV4_0_Runs/phy_1/SDRV4_0.bit"
RUN-1002 : start command "program -cable 0 -mode svf -spd 7 -p"
RUN-1003 : finish command "program -cable 0 -mode svf -spd 7 -p" in  6.651406s wall, 0.078125s user + 0.062500s system = 0.140625s CPU (2.1%)

RUN-1004 : used memory is 1060 MB, reserved memory is 1171 MB, peak memory is 1093 MB
RUN-1003 : finish command "download -bit SDRV4_0_Runs\phy_1\SDRV4_0.bit -mode jtag -spd 7 -sec 64 -cable 0" in  6.953482s wall, 0.171875s user + 0.078125s system = 0.250000s CPU (3.6%)

RUN-1004 : used memory is 1060 MB, reserved memory is 1171 MB, peak memory is 1093 MB
GUI-1001 : Download success!
RUN-1002 : start command "download -bit SDRV4_0_Runs\phy_1\SDRV4_0.bit -mode jtag -spd 7 -sec 64 -cable 0"
PRG-2014 : Chip validation success: EAGLE_S20_BG256
RUN-1002 : start command "bit_to_vec -chip EAGLE_S20_BG256 -m jtag_burst -freq 4 -bit SDRV4_0_Runs/phy_1/SDRV4_0.bit"
RUN-1002 : start command "program -cable 0 -mode svf -spd 7 -p"
RUN-1003 : finish command "program -cable 0 -mode svf -spd 7 -p" in  6.625854s wall, 0.078125s user + 0.046875s system = 0.125000s CPU (1.9%)

RUN-1004 : used memory is 1061 MB, reserved memory is 1171 MB, peak memory is 1093 MB
RUN-1003 : finish command "download -bit SDRV4_0_Runs\phy_1\SDRV4_0.bit -mode jtag -spd 7 -sec 64 -cable 0" in  6.927932s wall, 0.187500s user + 0.046875s system = 0.234375s CPU (3.4%)

RUN-1004 : used memory is 1061 MB, reserved memory is 1171 MB, peak memory is 1093 MB
GUI-1001 : Download success!
RUN-1002 : start command "download -bit ..\..\SDRV4_0\td\SDRV4_0_Runs\phy_1\SDRV4_0.bit -mode jtag -spd 7 -sec 64 -cable 0"
PRG-2014 : Chip validation success: EAGLE_S20_BG256
RUN-1002 : start command "bit_to_vec -chip EAGLE_S20_BG256 -m jtag_burst -freq 4 -bit ../../SDRV4_0/td/SDRV4_0_Runs/phy_1/SDRV4_0.bit"
RUN-1002 : start command "program -cable 0 -mode svf -spd 7 -p"
RUN-1003 : finish command "program -cable 0 -mode svf -spd 7 -p" in  6.616750s wall, 0.125000s user + 0.031250s system = 0.156250s CPU (2.4%)

RUN-1004 : used memory is 1056 MB, reserved memory is 1167 MB, peak memory is 1093 MB
RUN-1003 : finish command "download -bit ..\..\SDRV4_0\td\SDRV4_0_Runs\phy_1\SDRV4_0.bit -mode jtag -spd 7 -sec 64 -cable 0" in  6.916976s wall, 0.218750s user + 0.046875s system = 0.265625s CPU (3.8%)

RUN-1004 : used memory is 1056 MB, reserved memory is 1167 MB, peak memory is 1093 MB
GUI-1001 : Download success!
RUN-1002 : start command "download -mode erase_spi -spd 1 -chip EAGLE_S20_BG256 -cable 0"
PRG-2014 : Chip validation success: EAGLE_S20_BG256
PRG-1001 : SPI Flash ID is:  ef
PRG-2019 : Erase flash successfully.
RUN-1003 : finish command "download -mode erase_spi -spd 1 -chip EAGLE_S20_BG256 -cable 0" in  8.140912s wall, 5.546875s user + 0.046875s system = 5.593750s CPU (68.7%)

RUN-1004 : used memory is 1056 MB, reserved memory is 1167 MB, peak memory is 1093 MB
GUI-1001 : Erase flash success!
RUN-1002 : start command "download -bit ..\..\SDRV4_0\td\SDRV4_0_Runs\phy_1\SDRV4_0.bit -mode jtag -spd 7 -sec 64 -cable 0"
PRG-2014 : Chip validation success: EAGLE_S20_BG256
RUN-1002 : start command "bit_to_vec -chip EAGLE_S20_BG256 -m jtag_burst -freq 4 -bit ../../SDRV4_0/td/SDRV4_0_Runs/phy_1/SDRV4_0.bit"
RUN-1002 : start command "program -cable 0 -mode svf -spd 7 -p"
RUN-1003 : finish command "program -cable 0 -mode svf -spd 7 -p" in  6.635946s wall, 0.062500s user + 0.062500s system = 0.125000s CPU (1.9%)

RUN-1004 : used memory is 1061 MB, reserved memory is 1171 MB, peak memory is 1093 MB
RUN-1003 : finish command "download -bit ..\..\SDRV4_0\td\SDRV4_0_Runs\phy_1\SDRV4_0.bit -mode jtag -spd 7 -sec 64 -cable 0" in  6.936818s wall, 0.171875s user + 0.062500s system = 0.234375s CPU (3.4%)

RUN-1004 : used memory is 1061 MB, reserved memory is 1171 MB, peak memory is 1093 MB
GUI-1001 : Download success!
RUN-1002 : start command "download -bit ..\..\SDRV4_0\td\SDRV4_0_Runs\phy_1\SDRV4_0.bit -mode jtag -spd 7 -sec 64 -cable 0"
PRG-2014 : Chip validation success: EAGLE_S20_BG256
RUN-1002 : start command "bit_to_vec -chip EAGLE_S20_BG256 -m jtag_burst -freq 4 -bit ../../SDRV4_0/td/SDRV4_0_Runs/phy_1/SDRV4_0.bit"
RUN-1002 : start command "program -cable 0 -mode svf -spd 7 -p"
RUN-1003 : finish command "program -cable 0 -mode svf -spd 7 -p" in  6.636026s wall, 0.078125s user + 0.046875s system = 0.125000s CPU (1.9%)

RUN-1004 : used memory is 1056 MB, reserved memory is 1167 MB, peak memory is 1093 MB
RUN-1003 : finish command "download -bit ..\..\SDRV4_0\td\SDRV4_0_Runs\phy_1\SDRV4_0.bit -mode jtag -spd 7 -sec 64 -cable 0" in  6.936098s wall, 0.171875s user + 0.046875s system = 0.218750s CPU (3.2%)

RUN-1004 : used memory is 1056 MB, reserved memory is 1167 MB, peak memory is 1093 MB
GUI-1001 : Download success!
RUN-1002 : start command "download -mode erase_spi -spd 1 -chip EAGLE_S20_BG256 -cable 0"
PRG-2014 : Chip validation success: EAGLE_S20_BG256
PRG-1001 : SPI Flash ID is:  ef
PRG-2019 : Erase flash successfully.
RUN-1003 : finish command "download -mode erase_spi -spd 1 -chip EAGLE_S20_BG256 -cable 0" in  8.145304s wall, 5.656250s user + 0.000000s system = 5.656250s CPU (69.4%)

RUN-1004 : used memory is 1056 MB, reserved memory is 1167 MB, peak memory is 1093 MB
GUI-1001 : Erase flash success!
RUN-1002 : start command "download -bit ..\..\SDRV4_0\td\SDRV4_0_Runs\phy_1\SDRV4_0.bit -mode jtag -spd 7 -sec 64 -cable 0"
PRG-2014 : Chip validation success: EAGLE_S20_BG256
RUN-1002 : start command "bit_to_vec -chip EAGLE_S20_BG256 -m jtag_burst -freq 4 -bit ../../SDRV4_0/td/SDRV4_0_Runs/phy_1/SDRV4_0.bit"
RUN-1002 : start command "program -cable 0 -mode svf -spd 7 -p"
RUN-1003 : finish command "program -cable 0 -mode svf -spd 7 -p" in  6.630253s wall, 0.015625s user + 0.046875s system = 0.062500s CPU (0.9%)

RUN-1004 : used memory is 1056 MB, reserved memory is 1167 MB, peak memory is 1093 MB
RUN-1003 : finish command "download -bit ..\..\SDRV4_0\td\SDRV4_0_Runs\phy_1\SDRV4_0.bit -mode jtag -spd 7 -sec 64 -cable 0" in  6.929202s wall, 0.125000s user + 0.046875s system = 0.171875s CPU (2.5%)

RUN-1004 : used memory is 1056 MB, reserved memory is 1167 MB, peak memory is 1093 MB
GUI-1001 : Download success!
RUN-1002 : start command "download -bit ..\..\SDRV4_0\td\SDRV4_0_Runs\phy_1\SDRV4_0.bit -mode jtag -spd 7 -sec 64 -cable 0"
PRG-2014 : Chip validation success: EAGLE_S20_BG256
RUN-1002 : start command "bit_to_vec -chip EAGLE_S20_BG256 -m jtag_burst -freq 4 -bit ../../SDRV4_0/td/SDRV4_0_Runs/phy_1/SDRV4_0.bit"
RUN-1002 : start command "program -cable 0 -mode svf -spd 7 -p"
RUN-1003 : finish command "program -cable 0 -mode svf -spd 7 -p" in  6.622726s wall, 0.125000s user + 0.062500s system = 0.187500s CPU (2.8%)

RUN-1004 : used memory is 1064 MB, reserved memory is 1172 MB, peak memory is 1093 MB
RUN-1003 : finish command "download -bit ..\..\SDRV4_0\td\SDRV4_0_Runs\phy_1\SDRV4_0.bit -mode jtag -spd 7 -sec 64 -cable 0" in  6.926834s wall, 0.218750s user + 0.078125s system = 0.296875s CPU (4.3%)

RUN-1004 : used memory is 1064 MB, reserved memory is 1172 MB, peak memory is 1093 MB
GUI-1001 : Download success!
RUN-1002 : start command "download -mode erase_spi -spd 1 -chip EAGLE_S20_BG256 -cable 0"
PRG-2014 : Chip validation success: EAGLE_S20_BG256
PRG-1001 : SPI Flash ID is:  ef
PRG-9520 ERROR: Program: Device is busy now!
PRG-9505 ERROR: USB device open error, please re-connect the USB cable!
PRG-9505 ERROR: USB device open error, please re-connect the USB cable!
RUN-1003 : finish command "download -mode erase_spi -spd 1 -chip EAGLE_S20_BG256 -cable 0" in  5.953293s wall, 3.734375s user + 0.062500s system = 3.796875s CPU (63.8%)

RUN-1004 : used memory is 1064 MB, reserved memory is 1172 MB, peak memory is 1093 MB
GUI-8703 ERROR: Erasing flash failed!
RUN-1002 : start command "download -bit ..\..\SDRV4_0\td\SDRV4_0_Runs\phy_1\SDRV4_0.bit -mode jtag -spd 7 -sec 64 -cable 0"
PRG-2014 : Chip validation success: EAGLE_S20_BG256
RUN-1002 : start command "bit_to_vec -chip EAGLE_S20_BG256 -m jtag_burst -freq 4 -bit ../../SDRV4_0/td/SDRV4_0_Runs/phy_1/SDRV4_0.bit"
RUN-1002 : start command "program -cable 0 -mode svf -spd 7 -p"
RUN-1003 : finish command "program -cable 0 -mode svf -spd 7 -p" in  6.631202s wall, 0.140625s user + 0.046875s system = 0.187500s CPU (2.8%)

RUN-1004 : used memory is 1064 MB, reserved memory is 1172 MB, peak memory is 1093 MB
RUN-1003 : finish command "download -bit ..\..\SDRV4_0\td\SDRV4_0_Runs\phy_1\SDRV4_0.bit -mode jtag -spd 7 -sec 64 -cable 0" in  6.927717s wall, 0.234375s user + 0.046875s system = 0.281250s CPU (4.1%)

RUN-1004 : used memory is 1064 MB, reserved memory is 1172 MB, peak memory is 1093 MB
GUI-1001 : Download success!
RUN-1002 : start command "download -mode erase_spi -spd 1 -chip EAGLE_S20_BG256 -cable 0"
PRG-2014 : Chip validation success: EAGLE_S20_BG256
PRG-1001 : SPI Flash ID is:  ef
PRG-2019 : Erase flash successfully.
RUN-1003 : finish command "download -mode erase_spi -spd 1 -chip EAGLE_S20_BG256 -cable 0" in  8.140983s wall, 5.562500s user + 0.062500s system = 5.625000s CPU (69.1%)

RUN-1004 : used memory is 1058 MB, reserved memory is 1172 MB, peak memory is 1093 MB
GUI-1001 : Erase flash success!
RUN-1002 : start command "download -bit ..\..\SDRV4_0\td\SDRV4_0_Runs\phy_1\SDRV4_0.bit -mode jtag -spd 7 -sec 64 -cable 0"
PRG-2014 : Chip validation success: EAGLE_S20_BG256
RUN-1002 : start command "bit_to_vec -chip EAGLE_S20_BG256 -m jtag_burst -freq 4 -bit ../../SDRV4_0/td/SDRV4_0_Runs/phy_1/SDRV4_0.bit"
RUN-1002 : start command "program -cable 0 -mode svf -spd 7 -p"
RUN-1003 : finish command "program -cable 0 -mode svf -spd 7 -p" in  6.636444s wall, 0.046875s user + 0.015625s system = 0.062500s CPU (0.9%)

RUN-1004 : used memory is 1058 MB, reserved memory is 1172 MB, peak memory is 1093 MB
RUN-1003 : finish command "download -bit ..\..\SDRV4_0\td\SDRV4_0_Runs\phy_1\SDRV4_0.bit -mode jtag -spd 7 -sec 64 -cable 0" in  6.935877s wall, 0.156250s user + 0.046875s system = 0.203125s CPU (2.9%)

RUN-1004 : used memory is 1058 MB, reserved memory is 1172 MB, peak memory is 1093 MB
GUI-1001 : Download success!
RUN-1002 : start command "download -bit ..\..\SDRV4_0\td\SDRV4_0_Runs\phy_1\SDRV4_0.bit -mode jtag -spd 7 -sec 64 -cable 0"
PRG-2014 : Chip validation success: EAGLE_S20_BG256
RUN-1002 : start command "bit_to_vec -chip EAGLE_S20_BG256 -m jtag_burst -freq 4 -bit ../../SDRV4_0/td/SDRV4_0_Runs/phy_1/SDRV4_0.bit"
RUN-1002 : start command "program -cable 0 -mode svf -spd 7 -p"
RUN-1003 : finish command "program -cable 0 -mode svf -spd 7 -p" in  6.639560s wall, 0.078125s user + 0.062500s system = 0.140625s CPU (2.1%)

RUN-1004 : used memory is 1059 MB, reserved memory is 1172 MB, peak memory is 1093 MB
RUN-1003 : finish command "download -bit ..\..\SDRV4_0\td\SDRV4_0_Runs\phy_1\SDRV4_0.bit -mode jtag -spd 7 -sec 64 -cable 0" in  6.942449s wall, 0.156250s user + 0.078125s system = 0.234375s CPU (3.4%)

RUN-1004 : used memory is 1059 MB, reserved memory is 1172 MB, peak memory is 1093 MB
GUI-1001 : Download success!
RUN-1002 : start command "download -bit SDRV4_0_Runs\phy_1\SDRV4_0.bit -mode jtag -spd 7 -sec 64 -cable 0"
PRG-2014 : Chip validation success: EAGLE_S20_BG256
RUN-1002 : start command "bit_to_vec -chip EAGLE_S20_BG256 -m jtag_burst -freq 4 -bit SDRV4_0_Runs/phy_1/SDRV4_0.bit"
RUN-1002 : start command "program -cable 0 -mode svf -spd 7 -p"
RUN-1003 : finish command "program -cable 0 -mode svf -spd 7 -p" in  6.627904s wall, 0.140625s user + 0.125000s system = 0.265625s CPU (4.0%)

RUN-1004 : used memory is 1060 MB, reserved memory is 1172 MB, peak memory is 1093 MB
RUN-1003 : finish command "download -bit SDRV4_0_Runs\phy_1\SDRV4_0.bit -mode jtag -spd 7 -sec 64 -cable 0" in  6.928589s wall, 0.234375s user + 0.125000s system = 0.359375s CPU (5.2%)

RUN-1004 : used memory is 1060 MB, reserved memory is 1172 MB, peak memory is 1093 MB
GUI-1001 : Download success!
RUN-1001 : set_run_property phy_1 -flow_property RouteProperty::opt_timing::high.
RUN-1001 : reset_run phy_1.
RUN-1001 : launch_runs phy_1 -step bitgen.
GUI-6001 WARNING: File D:/Project/anlogic/SDRV4_1/td/SDRV4_0_Runs/phy_1/SDRV4_0.bit does not exist!
RUN-1001 : phy_1: run complete.
RUN-1001 : open_run phy_1.
RUN-1002 : start command "import_db D:/Project/anlogic/SDRV4_1/td/SDRV4_0_Runs/phy_1/SDRV4_0_pr.db"
RUN-1001 : Importing database generated by Tang Dynasty, V5.6.53426.
RUN-1001 : Database version number 46140.
RUN-1001 : Import flow parameters
PHY-1001 : Generate detailed routing grids ...
PHY-1001 : Generate nets ...
PHY-1001 : clock net CW_clk will be merged with clock PLL/clk0_buf
PHY-1001 : net QN8027_clk_dup_1 will be routed on clock mesh
PHY-1001 : clock net SWCLK_syn_4 will be merged with clock SWCLK_dup_1
PHY-1001 : net clk_in_dup_1 will be routed on clock mesh
PHY-1001 : clock net rgmii_rxc_syn_4 will be merged with clock rgmii_rxc_dup_1
PHY-1001 : clock net APBTube/ClkDiv/div_clk_syn_6 will be merged with clock APBTube/ClkDiv/div_clk
PHY-1001 : clock net APB_Keyboard/KeyToCol/rowcnt[1]_syn_10 will be merged with clock APB_Keyboard/KeyToCol/rowcnt[1]
PHY-1001 : clock net APB_Keyboard/KeyToCol/sa_clk_syn_6 will be merged with clock APB_Keyboard/KeyToCol/sa_clk
PHY-1001 : net differentiator/clk will be routed on clock mesh
PHY-1001 : clock net differentiator/filter/CLK_syn_6 will be merged with clock differentiator/filter/CLK
PHY-1001 : clock net ethernet/count/count_syn_6 will be merged with clock ethernet/count/count
PHY-1001 : clock net i2c/DUT_FIFO_TX/w_counter_n_syn_2 will be merged with clock i2c/DUT_FIFO_TX/w_counter_n
PHY-1001 : net u_logic/SCLK will be routed on clock mesh
PHY-1001 : clock net u_spi_master/u_spictrl/u_clkgen/spi_clk_syn_2 will be merged with clock u_spi_master/u_spictrl/u_clkgen/spi_clk
PHY-1001 : eco open net = 0
PHY-1001 : 1086 feed throughs used by 731 nets
RUN-1001 : Import timing constraints
RUN-1001 : Import IO constraints
RUN-1001 : Import Inst constraints
RUN-1001 : Import design success TD_VERSION=5.6.53426 , DB_VERSION=46140
ARC-1002 : Mark IO location M12 as dedicate.
ARC-1002 : Mark IO location P12 as dedicate.
RUN-1003 : finish command "import_db D:/Project/anlogic/SDRV4_1/td/SDRV4_0_Runs/phy_1/SDRV4_0_pr.db" in  7.126261s wall, 6.968750s user + 0.234375s system = 7.203125s CPU (101.1%)

RUN-1004 : used memory is 969 MB, reserved memory is 1083 MB, peak memory is 1093 MB
RUN-1002 : start command "report_timing"
RUN-1002 : start command "start_timer"
RUN-1003 : finish command "start_timer" in  1.291488s wall, 1.265625s user + 0.031250s system = 1.296875s CPU (100.4%)

RUN-1004 : used memory is 994 MB, reserved memory is 1107 MB, peak memory is 1093 MB
RUN-1002 : start command "end_timer"
RUN-1003 : finish command "report_timing" in  2.426531s wall, 2.359375s user + 0.109375s system = 2.468750s CPU (101.7%)

RUN-1004 : used memory is 1057 MB, reserved memory is 1171 MB, peak memory is 1093 MB
RUN-1002 : start command "download -mode erase_spi -spd 1 -chip EAGLE_S20_BG256 -cable 0"
PRG-2014 : Chip validation success: EAGLE_S20_BG256
PRG-1001 : SPI Flash ID is:  ef
PRG-2019 : Erase flash successfully.
RUN-1003 : finish command "download -mode erase_spi -spd 1 -chip EAGLE_S20_BG256 -cable 0" in  8.134994s wall, 5.718750s user + 0.031250s system = 5.750000s CPU (70.7%)

RUN-1004 : used memory is 1077 MB, reserved memory is 1191 MB, peak memory is 1093 MB
GUI-1001 : Erase flash success!
RUN-1002 : start command "download -bit SDRV4_0_Runs\phy_1\SDRV4_0.bit -mode jtag -spd 7 -sec 64 -cable 0"
PRG-2014 : Chip validation success: EAGLE_S20_BG256
RUN-1002 : start command "bit_to_vec -chip EAGLE_S20_BG256 -m jtag_burst -freq 4 -bit SDRV4_0_Runs/phy_1/SDRV4_0.bit"
RUN-1002 : start command "program -cable 0 -mode svf -spd 7 -p"
RUN-1003 : finish command "program -cable 0 -mode svf -spd 7 -p" in  6.622028s wall, 0.046875s user + 0.000000s system = 0.046875s CPU (0.7%)

RUN-1004 : used memory is 1078 MB, reserved memory is 1191 MB, peak memory is 1096 MB
RUN-1003 : finish command "download -bit SDRV4_0_Runs\phy_1\SDRV4_0.bit -mode jtag -spd 7 -sec 64 -cable 0" in  6.924075s wall, 0.156250s user + 0.000000s system = 0.156250s CPU (2.3%)

RUN-1004 : used memory is 1078 MB, reserved memory is 1191 MB, peak memory is 1096 MB
GUI-1001 : Download success!
RUN-1002 : start command "download -mode erase_spi -spd 1 -chip EAGLE_S20_BG256 -cable 0"
PRG-2014 : Chip validation success: EAGLE_S20_BG256
PRG-1001 : SPI Flash ID is:  ef
PRG-2019 : Erase flash successfully.
RUN-1003 : finish command "download -mode erase_spi -spd 1 -chip EAGLE_S20_BG256 -cable 0" in  8.136297s wall, 5.703125s user + 0.031250s system = 5.734375s CPU (70.5%)

RUN-1004 : used memory is 1075 MB, reserved memory is 1192 MB, peak memory is 1096 MB
GUI-1001 : Erase flash success!
RUN-1002 : start command "download -bit SDRV4_0_Runs\phy_1\SDRV4_0.bit -mode jtag -spd 7 -sec 64 -cable 0"
PRG-2014 : Chip validation success: EAGLE_S20_BG256
RUN-1002 : start command "bit_to_vec -chip EAGLE_S20_BG256 -m jtag_burst -freq 4 -bit SDRV4_0_Runs/phy_1/SDRV4_0.bit"
RUN-1002 : start command "program -cable 0 -mode svf -spd 7 -p"
RUN-1003 : finish command "program -cable 0 -mode svf -spd 7 -p" in  6.619774s wall, 0.125000s user + 0.031250s system = 0.156250s CPU (2.4%)

RUN-1004 : used memory is 1073 MB, reserved memory is 1192 MB, peak memory is 1096 MB
RUN-1003 : finish command "download -bit SDRV4_0_Runs\phy_1\SDRV4_0.bit -mode jtag -spd 7 -sec 64 -cable 0" in  6.924412s wall, 0.218750s user + 0.031250s system = 0.250000s CPU (3.6%)

RUN-1004 : used memory is 1073 MB, reserved memory is 1192 MB, peak memory is 1096 MB
GUI-1001 : Download success!
HDL-1007 : analyze verilog file ../rtl/SDR_Pad.v
HDL-1007 : undeclared symbol 'BDMAC_READY', assumed default net type 'wire' in ../rtl/SDR_Pad.v(696)
HDL-1007 : undeclared symbol 'clk_lock', assumed default net type 'wire' in ../rtl/SDR_Pad.v(1158)
HDL-1007 : analyze verilog file ../rtl/ethernet/ethernet.v
HDL-1007 : undeclared symbol 'clkr', assumed default net type 'wire' in ../rtl/ethernet/ethernet.v(62)
RUN-1001 : reset_run syn_1.
RUN-1001 : launch_runs syn_1 -step opt_gate.
RUN-1001 : reset_run phy_1.
GUI-6001 WARNING: File D:/Project/anlogic/SDRV4_1/td/SDRV4_0_Runs/phy_1/SDRV4_0.bit does not exist!
RUN-1001 : syn_1: run complete.
RUN-1001 : open_run syn_1.
RUN-1002 : start command "import_db D:/Project/anlogic/SDRV4_1/td/SDRV4_0_Runs/syn_1/SDRV4_0_gate.db"
RUN-1001 : Importing database generated by Tang Dynasty, V5.6.53426.
RUN-1001 : Database version number 46140.
RUN-1001 : Import flow parameters
RUN-1001 : Import timing constraints
RUN-1001 : Import IO constraints
RUN-1001 : Import Inst constraints
RUN-1001 : Import design success TD_VERSION=5.6.53426 , DB_VERSION=46140
ARC-1002 : Mark IO location M12 as dedicate.
ARC-1002 : Mark IO location P12 as dedicate.
RUN-1003 : finish command "import_db D:/Project/anlogic/SDRV4_1/td/SDRV4_0_Runs/syn_1/SDRV4_0_gate.db" in  2.322143s wall, 2.265625s user + 0.031250s system = 2.296875s CPU (98.9%)

RUN-1004 : used memory is 914 MB, reserved memory is 1041 MB, peak memory is 1096 MB
RUN-1002 : start command "report_timing -mode ideal"
RUN-1002 : start command "start_timer"
RUN-1002 : start command "end_timer"
RUN-1003 : finish command "report_timing -mode ideal" in  1.641586s wall, 1.625000s user + 0.031250s system = 1.656250s CPU (100.9%)

RUN-1004 : used memory is 921 MB, reserved memory is 1041 MB, peak memory is 1096 MB
